#
# A fatal error has been detected by the Java Runtime Environment:
#
#  SIGSEGV (0xb) at pc=0x00007fde1d06a6fa, pid=2569, tid=0x00007fdddfbef700
#
# JRE version: Java(TM) SE Runtime Environment (8.0_161-b12) (build 1.8.0_161-b12)
# Java VM: Java HotSpot(TM) 64-Bit Server VM (25.161-b12 mixed mode linux-amd64 compressed oops)
# Problematic frame:
# v  ~BufferBlob::jni_fast_GetLongField
#
# Failed to write core dump. Core dumps have been disabled. To enable core dumping, try "ulimit -c unlimited" before starting Java again
#
# If you would like to submit a bug report, please visit:
#   http://bugreport.java.com/bugreport/crash.jsp
# The crash happened outside the Java Virtual Machine in native code.
# See problematic frame for where to report the bug.
#

---------------  T H R E A D  ---------------

Current thread (0x00007fde2c250000):  JavaThread "AWT-XAWT" daemon [_thread_in_native, id=2590, stack(0x00007fdddfaef000,0x00007fdddfbf0000)]

siginfo: si_signo: 11 (SIGSEGV), si_code: 1 (SEGV_MAPERR), si_addr: 0x0000000000000000

Registers:
RAX=0x00007fde32a00b80, RBX=0x00007fde2c2501f8, RCX=0x00007fde334692c0, RDX=0x0000000000000042
RSP=0x00007fdddfbee4b8, RBP=0x00007fdddfbee4e0, RSI=0x0000000000000000, RDI=0x00007fde2c2501f8
R8 =0x00000000dae6dc78, R9 =0x0000000000000000, R10=0x000000000000006e, R11=0x00007fde1d68d958
R12=0x00007fddc4035b30, R13=0x0000000000000000, R14=0x00007fde059f7820, R15=0x00007fde2c250000
RIP=0x00007fde1d06a6fa, EFLAGS=0x0000000000010246, CSGSFS=0x0000000000000033, ERR=0x0000000000000004
  TRAPNO=0x000000000000000e

Top of Stack: (sp=0x00007fdddfbee4b8)
0x00007fdddfbee4b8:   00007fde057d6001 00007fde07cd19e8
0x00007fdddfbee4c8:   00007fddc4035b30 00007fdddfbee590
0x00007fdddfbee4d8:   00007fdddfbee560 0000000000000000
0x00007fdddfbee4e8:   00007fde052b73c0 00007fde07cd19e8
0x00007fdddfbee4f8:   00007fdddfbee520 0000000000000000
0x00007fdddfbee508:   00007fde052aef93 00007fdddfbee590
0x00007fdddfbee518:   00007fde057cf23f 00007fdddfbee570
0x00007fdddfbee528:   00007fde1d68d9f6 0000000000000000
0x00007fdddfbee538:   00007fde1d565c36 00007fdddfbee590
0x00007fdddfbee548:   00007fde1d172aec 00007fdddfbee5f0
0x00007fdddfbee558:   00000000daf2c420 0000000087594728
0x00007fdddfbee568:   00000000875948b0 00007fdddfbee5f0
0x00007fdddfbee578:   00007fde1d007a90 00007fdddfbee5f0
0x00007fdddfbee588:   00007fde1d007a90 0000000000000000
0x00007fdddfbee598:   00007fde1d007dd0 00007fddd4002e20
0x00007fdddfbee5a8:   00000000daf2c420 00007fdddfbee5b0
0x00007fdddfbee5b8:   00007fde07cbabcc 00007fdddfbee638
0x00007fdddfbee5c8:   00007fde07cc4028 0000000000000000
0x00007fdddfbee5d8:   00007fde07cbad08 00007fdddfbee590
0x00007fdddfbee5e8:   00007fdddfbee630 00007fdddfbee680
0x00007fdddfbee5f8:   00007fde1d0082bd 0000000000000000
0x00007fdddfbee608:   00000000dad8a760 0000000000000000
0x00007fdddfbee618:   0000000000000000 0000000000000000
0x00007fdddfbee628:   00000000daf2c420 0000000000000000
0x00007fdddfbee638:   00000000daf2c3c8 00007fdddfbee640
0x00007fdddfbee648:   00007fde07cbaa0d 00007fdddfbee690
0x00007fdddfbee658:   00007fde07cc4028 0000000000000000
0x00007fdddfbee668:   00007fde07cbaa18 00007fdddfbee630
0x00007fdddfbee678:   00007fdddfbee690 00007fdddfbee6d8
0x00007fdddfbee688:   00007fde1d008302 00000000daf2c3c8
0x00007fdddfbee698:   00007fdddfbee698 00007fde0782d99b
0x00007fdddfbee6a8:   00007fdddfbee6e8 00007fde078b5268 

Instructions: (pc=0x00007fde1d06a6fa)
0x00007fde1d06a6da:   00 00 00 00 00 00 44 8b 15 a1 5f 9d 15 4c 8b ce
0x00007fde1d06a6ea:   41 f6 c2 01 0f 85 2e 00 00 00 4d 33 ca 4d 33 ca
0x00007fde1d06a6fa:   4d 8b 09 4c 8b da 49 c1 eb 02 4b 8b 04 19 49 bb
0x00007fde1d06a70a:   88 06 a4 32 de 7f 00 00 4c 33 d8 4c 33 d8 45 3b 

Register to memory mapping:

RAX=0x00007fde32a00b80: <offset 0xf90b80> in /usr/lib/jvm/java-8-oracle/jre/lib/amd64/server/libjvm.so at 0x00007fde31a70000
RBX=0x00007fde2c2501f8 is an unknown value
RCX=0x00007fde334692c0: <offset 0x2182c0> in /lib/x86_64-linux-gnu/libpthread.so.0 at 0x00007fde33251000
RDX=0x0000000000000042 is an unknown value
RSP=0x00007fdddfbee4b8 is pointing into the stack for thread: 0x00007fde2c250000
RBP=0x00007fdddfbee4e0 is pointing into the stack for thread: 0x00007fde2c250000
RSI=0x0000000000000000 is an unknown value
RDI=0x00007fde2c2501f8 is an unknown value
R8 =0x00000000dae6dc78 is an oop
sun.util.logging.PlatformLogger$Level 
 - klass: 'sun/util/logging/PlatformLogger$Level'
R9 =0x0000000000000000 is an unknown value
R10=0x000000000000006e is an unknown value
R11=0x00007fde1d68d958 is at entry_point+24 in (nmethod*)0x00007fde1d68d7d0
R12=0x00007fddc4035b30 is an unknown value
R13=0x0000000000000000 is an unknown value
R14=0x00007fde059f7820: <offset 0x258820> in /usr/lib/jvm/java-8-oracle/jre/lib/amd64/libawt_xawt.so at 0x00007fde0579f000
R15=0x00007fde2c250000 is a thread


Stack: [0x00007fdddfaef000,0x00007fdddfbf0000],  sp=0x00007fdddfbee4b8,  free space=1021k
Native frames: (J=compiled Java code, j=interpreted, Vv=VM code, C=native code)
v  ~BufferBlob::jni_fast_GetLongField
C  [libX11.so.6+0x643c0]  _XimServerDestroy+0x70

Java frames: (J=compiled Java code, j=interpreted, Vv=VM code)
J 2025  sun.awt.X11.XlibWrapper.XFilterEvent(JJ)Z (0 bytes) @ 0x00007fde1d68d984 [0x00007fde1d68d940+0x44]
j  sun.awt.X11.XToolkit.run(Z)V+300
j  sun.awt.X11.XToolkit.run()V+5
j  java.lang.Thread.run()V+11
v  ~StubRoutines::call_stub

---------------  P R O C E S S  ---------------

Java Threads: ( => current thread )
  0x00007fddc403b000 JavaThread "TimerQueue" daemon [_thread_blocked, id=2597, stack(0x00007fddcb093000,0x00007fddcb194000)]
  0x00007fde2c00a800 JavaThread "DestroyJavaVM" [_thread_blocked, id=2572, stack(0x00007fde3356f000,0x00007fde33670000)]
  0x00007fde2c546000 JavaThread "Laf-Widget fade tracker" [_thread_blocked, id=2596, stack(0x00007fddcb194000,0x00007fddcb295000)]
  0x00007fde2c316000 JavaThread "AWT-EventQueue-0" [_thread_blocked, id=2593, stack(0x00007fdddc1a7000,0x00007fdddc2a8000)]
  0x00007fde2c34c000 JavaThread "AWT-Shutdown" [_thread_blocked, id=2592, stack(0x00007fdddc2a8000,0x00007fdddc3a9000)]
=>0x00007fde2c250000 JavaThread "AWT-XAWT" daemon [_thread_in_native, id=2590, stack(0x00007fdddfaef000,0x00007fdddfbf0000)]
  0x00007fde2c238800 JavaThread "Java2D Disposer" daemon [_thread_blocked, id=2589, stack(0x00007fde04056000,0x00007fde04157000)]
  0x00007fde2c0e7000 JavaThread "Service Thread" daemon [_thread_blocked, id=2587, stack(0x00007fde05e83000,0x00007fde05f84000)]
  0x00007fde2c0e4000 JavaThread "C1 CompilerThread2" daemon [_thread_blocked, id=2586, stack(0x00007fde05f84000,0x00007fde06085000)]
  0x00007fde2c0d2000 JavaThread "C2 CompilerThread1" daemon [_thread_blocked, id=2585, stack(0x00007fde06085000,0x00007fde06186000)]
  0x00007fde2c0cf800 JavaThread "C2 CompilerThread0" daemon [_thread_blocked, id=2584, stack(0x00007fde06186000,0x00007fde06287000)]
  0x00007fde2c0c5000 JavaThread "Signal Dispatcher" daemon [_thread_in_native, id=2583, stack(0x00007fde06287000,0x00007fde06388000)]
  0x00007fde2c084800 JavaThread "Finalizer" daemon [_thread_blocked, id=2582, stack(0x00007fde069d1000,0x00007fde06ad2000)]
  0x00007fde2c080000 JavaThread "Reference Handler" daemon [_thread_blocked, id=2581, stack(0x00007fde06ad2000,0x00007fde06bd3000)]

Other Threads:
  0x00007fde2c078800 VMThread [stack: 0x00007fde06bd3000,0x00007fde06cd4000] [id=2580]
  0x00007fde2c0ec000 WatcherThread [stack: 0x00007fde05d82000,0x00007fde05e83000] [id=2588]

VM state:not at safepoint (normal execution)

VM Mutex/Monitor currently owned by a thread: None

Heap:
 PSYoungGen      total 68608K, used 30396K [0x00000000d6f80000, 0x00000000df580000, 0x0000000100000000)
  eden space 63488K, 39% used [0x00000000d6f80000,0x00000000d883cbe8,0x00000000dad80000)
  from space 5120K, 98% used [0x00000000dad80000,0x00000000db2725e0,0x00000000db280000)
  to   space 5120K, 0% used [0x00000000df080000,0x00000000df080000,0x00000000df580000)
 ParOldGen       total 84992K, used 40540K [0x0000000084e00000, 0x000000008a100000, 0x00000000d6f80000)
  object space 84992K, 47% used [0x0000000084e00000,0x0000000087597050,0x000000008a100000)
 Metaspace       used 18422K, capacity 18622K, committed 19072K, reserved 1067008K
  class space    used 2238K, capacity 2325K, committed 2432K, reserved 1048576K

Card table byte_map: [0x00007fde1cc26000,0x00007fde1d000000] byte_map_base: 0x00007fde1c7ff000

Marking Bits: (ParMarkBitMap*) 0x00007fde32a3f920
 Begin Bits: [0x00007fde14270000, 0x00007fde16138000)
 End Bits:   [0x00007fde16138000, 0x00007fde18000000)

Polling page: 0x00007fde33692000

CodeCache: size=245760Kb used=8755Kb max_used=8781Kb free=237004Kb
 bounds [0x00007fde1d000000, 0x00007fde1d8a0000, 0x00007fde2c000000]
 total_blobs=3298 nmethods=2657 adapters=553
 compilation: enabled

Compilation events (10 events):
Event: 5567.653 Thread 0x00007fde2c0e4000 2658       3       java.util.Vector$Itr::hasNext (20 bytes)
Event: 5567.653 Thread 0x00007fde2c0e4000 nmethod 2658 0x00007fde1d0ff390 code [0x00007fde1d0ff500, 0x00007fde1d0ff6b0]
Event: 5570.709 Thread 0x00007fde2c0e4000 2659       3       java.lang.Long::longValue (5 bytes)
Event: 5570.709 Thread 0x00007fde2c0e4000 nmethod 2659 0x00007fde1d879fd0 code [0x00007fde1d87a120, 0x00007fde1d87a270]
Event: 5622.667 Thread 0x00007fde2c0e4000 2660   !   3       java.util.Vector$Itr::next (63 bytes)
Event: 5622.668 Thread 0x00007fde2c0e4000 nmethod 2660 0x00007fde1d12a650 code [0x00007fde1d12a800, 0x00007fde1d12ae78]
Event: 5622.668 Thread 0x00007fde2c0e4000 2661       3       java.util.Vector$Itr::checkForComodification (23 bytes)
Event: 5622.669 Thread 0x00007fde2c0e4000 nmethod 2661 0x00007fde1d101550 code [0x00007fde1d1016c0, 0x00007fde1d1018e8]
Event: 5646.843 Thread 0x00007fde2c0d2000 2662  s    4       org.jvnet.lafwidget.animation.FadeTracker::updateComponents (952 bytes)
Event: 5647.072 Thread 0x00007fde2c0d2000 nmethod 2662 0x00007fde1d88bad0 code [0x00007fde1d88c160, 0x00007fde1d891a88]

GC Heap History (6 events):
Event: 0.577 GC heap before
{Heap before GC invocations=1 (full 0):
 PSYoungGen      total 36864K, used 26630K [0x00000000d6f80000, 0x00000000d9880000, 0x0000000100000000)
  eden space 31744K, 83% used [0x00000000d6f80000,0x00000000d8981920,0x00000000d8e80000)
  from space 5120K, 0% used [0x00000000d9380000,0x00000000d9380000,0x00000000d9880000)
  to   space 5120K, 0% used [0x00000000d8e80000,0x00000000d8e80000,0x00000000d9380000)
 ParOldGen       total 84992K, used 0K [0x0000000084e00000, 0x000000008a100000, 0x00000000d6f80000)
  object space 84992K, 0% used [0x0000000084e00000,0x0000000084e00000,0x000000008a100000)
 Metaspace       used 12539K, capacity 12748K, committed 12928K, reserved 1060864K
  class space    used 1562K, capacity 1635K, committed 1664K, reserved 1048576K
Event: 0.592 GC heap after
Heap after GC invocations=1 (full 0):
 PSYoungGen      total 36864K, used 3861K [0x00000000d6f80000, 0x00000000db780000, 0x0000000100000000)
  eden space 31744K, 0% used [0x00000000d6f80000,0x00000000d6f80000,0x00000000d8e80000)
  from space 5120K, 75% used [0x00000000d8e80000,0x00000000d9245438,0x00000000d9380000)
  to   space 5120K, 0% used [0x00000000db280000,0x00000000db280000,0x00000000db780000)
 ParOldGen       total 84992K, used 24316K [0x0000000084e00000, 0x000000008a100000, 0x00000000d6f80000)
  object space 84992K, 28% used [0x0000000084e00000,0x00000000865bf030,0x000000008a100000)
 Metaspace       used 12539K, capacity 12748K, committed 12928K, reserved 1060864K
  class space    used 1562K, capacity 1635K, committed 1664K, reserved 1048576K
}
Event: 0.708 GC heap before
{Heap before GC invocations=2 (full 0):
 PSYoungGen      total 36864K, used 34243K [0x00000000d6f80000, 0x00000000db780000, 0x0000000100000000)
  eden space 31744K, 95% used [0x00000000d6f80000,0x00000000d8d2b810,0x00000000d8e80000)
  from space 5120K, 75% used [0x00000000d8e80000,0x00000000d9245438,0x00000000d9380000)
  to   space 5120K, 0% used [0x00000000db280000,0x00000000db280000,0x00000000db780000)
 ParOldGen       total 84992K, used 24316K [0x0000000084e00000, 0x000000008a100000, 0x00000000d6f80000)
  object space 84992K, 28% used [0x0000000084e00000,0x00000000865bf030,0x000000008a100000)
 Metaspace       used 12680K, capacity 12876K, committed 13184K, reserved 1060864K
  class space    used 1572K, capacity 1635K, committed 1664K, reserved 1048576K
Event: 0.716 GC heap after
Heap after GC invocations=2 (full 0):
 PSYoungGen      total 68608K, used 2870K [0x00000000d6f80000, 0x00000000db780000, 0x0000000100000000)
  eden space 63488K, 0% used [0x00000000d6f80000,0x00000000d6f80000,0x00000000dad80000)
  from space 5120K, 56% used [0x00000000db280000,0x00000000db54d9c8,0x00000000db780000)
  to   space 5120K, 0% used [0x00000000dad80000,0x00000000dad80000,0x00000000db280000)
 ParOldGen       total 84992K, used 40524K [0x0000000084e00000, 0x000000008a100000, 0x00000000d6f80000)
  object space 84992K, 47% used [0x0000000084e00000,0x0000000087593050,0x000000008a100000)
 Metaspace       used 12680K, capacity 12876K, committed 13184K, reserved 1060864K
  class space    used 1572K, capacity 1635K, committed 1664K, reserved 1048576K
}
Event: 5523.315 GC heap before
{Heap before GC invocations=3 (full 0):
 PSYoungGen      total 68608K, used 66358K [0x00000000d6f80000, 0x00000000db780000, 0x0000000100000000)
  eden space 63488K, 100% used [0x00000000d6f80000,0x00000000dad80000,0x00000000dad80000)
  from space 5120K, 56% used [0x00000000db280000,0x00000000db54d9c8,0x00000000db780000)
  to   space 5120K, 0% used [0x00000000dad80000,0x00000000dad80000,0x00000000db280000)
 ParOldGen       total 84992K, used 40524K [0x0000000084e00000, 0x000000008a100000, 0x00000000d6f80000)
  object space 84992K, 47% used [0x0000000084e00000,0x0000000087593050,0x000000008a100000)
 Metaspace       used 18213K, capacity 18494K, committed 18816K, reserved 1064960K
  class space    used 2232K, capacity 2325K, committed 2432K, reserved 1048576K
Event: 5523.343 GC heap after
Heap after GC invocations=3 (full 0):
 PSYoungGen      total 68608K, used 5065K [0x00000000d6f80000, 0x00000000df580000, 0x0000000100000000)
  eden space 63488K, 0% used [0x00000000d6f80000,0x00000000d6f80000,0x00000000dad80000)
  from space 5120K, 98% used [0x00000000dad80000,0x00000000db2725e0,0x00000000db280000)
  to   space 5120K, 0% used [0x00000000df080000,0x00000000df080000,0x00000000df580000)
 ParOldGen       total 84992K, used 40540K [0x0000000084e00000, 0x000000008a100000, 0x00000000d6f80000)
  object space 84992K, 47% used [0x0000000084e00000,0x0000000087597050,0x000000008a100000)
 Metaspace       used 18213K, capacity 18494K, committed 18816K, reserved 1064960K
  class space    used 2232K, capacity 2325K, committed 2432K, reserved 1048576K
}

Deoptimization events (10 events):
Event: 1.105 Thread 0x00007fde2c316000 Uncommon trap: reason=unstable_if action=reinterpret pc=0x00007fde1d4e0604 method=org.jvnet.substance.utils.SubstanceColorUtilities.getInterpolatedColor(Ljava/awt/Color;Ljava/awt/Color;D)Ljava/awt/Color; @ 13
Event: 1.125 Thread 0x00007fde2c316000 Uncommon trap: reason=predicate action=maybe_recompile pc=0x00007fde1d4dd8b4 method=java.util.ArrayList.indexOf(Ljava/lang/Object;)I @ 44
Event: 1.127 Thread 0x00007fde2c316000 Uncommon trap: reason=predicate action=maybe_recompile pc=0x00007fde1d4e4940 method=java.util.ArrayList.indexOf(Ljava/lang/Object;)I @ 44
Event: 5523.745 Thread 0x00007fde2c546000 Uncommon trap: reason=unstable_if action=reinterpret pc=0x00007fde1d759a60 method=java.util.HashMap.entrySet()Ljava/util/Set; @ 6
Event: 5534.502 Thread 0x00007fde2c546000 Uncommon trap: reason=unstable_if action=reinterpret pc=0x00007fde1d6f14b8 method=java.util.HashMap.entrySet()Ljava/util/Set; @ 6
Event: 5554.194 Thread 0x00007fde2c316000 Uncommon trap: reason=unstable_if action=reinterpret pc=0x00007fde1d581ca0 method=java.util.concurrent.locks.ReentrantLock$Sync.nonfairTryAcquire(I)Z @ 19
Event: 5555.758 Thread 0x00007fde2c316000 Uncommon trap: reason=unstable_if action=reinterpret pc=0x00007fde1d770a14 method=java.awt.EventQueue.getPriority(Ljava/awt/AWTEvent;)I @ 4
Event: 5555.759 Thread 0x00007fde2c316000 Uncommon trap: reason=unstable_if action=reinterpret pc=0x00007fde1d81c770 method=java.awt.EventQueue.uncacheEQItem(Lsun/awt/EventQueueItem;)V @ 23
Event: 6964.930 Thread 0x00007fde2c0c5000 Uncommon trap: reason=bimorphic action=maybe_recompile pc=0x00007fde1d493b10 method=java.util.Hashtable.get(Ljava/lang/Object;)Ljava/lang/Object; @ 45
Event: 6964.945 Thread 0x00007fde2c0c5000 Uncommon trap: reason=bimorphic action=maybe_recompile pc=0x00007fde1d493b10 method=java.util.Hashtable.get(Ljava/lang/Object;)Ljava/lang/Object; @ 45

Classes redefined (0 events):
No events

Internal exceptions (10 events):
Event: 0.171 Thread 0x00007fde2c00a800 Exception <a 'java/io/FileNotFoundException'> (0x00000000d72a17e8) thrown at [/HUDSON/workspace/8-2-build-linux-amd64/jdk8u161/10277/hotspot/src/share/vm/prims/jni.cpp, line 709]
Event: 0.171 Thread 0x00007fde2c00a800 Exception <a 'java/io/FileNotFoundException'> (0x00000000d72a2110) thrown at [/HUDSON/workspace/8-2-build-linux-amd64/jdk8u161/10277/hotspot/src/share/vm/prims/jni.cpp, line 709]
Event: 0.488 Thread 0x00007fde2c00a800 Exception <a 'java/io/FileNotFoundException'> (0x00000000d8537650) thrown at [/HUDSON/workspace/8-2-build-linux-amd64/jdk8u161/10277/hotspot/src/share/vm/prims/jni.cpp, line 709]
Event: 0.750 Thread 0x00007fde2c00a800 Implicit null exception at 0x00007fde1d29a333 to 0x00007fde1d29a705
Event: 0.751 Thread 0x00007fde2c00a800 Implicit null exception at 0x00007fde1d2869b6 to 0x00007fde1d286d69
Event: 0.805 Thread 0x00007fde2c316000 Implicit null exception at 0x00007fde1d308748 to 0x00007fde1d308801
Event: 0.919 Thread 0x00007fde2c00a800 Implicit null exception at 0x00007fde1d3ac185 to 0x00007fde1d3affe9
Event: 1.143 Thread 0x00007fde2c316000 Exception <a 'java/lang/UnsupportedOperationException': > (0x00000000d8d57c88) thrown at [/HUDSON/workspace/8-2-build-linux-amd64/jdk8u161/10277/hotspot/src/share/vm/prims/jni.cpp, line 735]
Event: 5523.745 Thread 0x00007fde2c546000 Implicit null exception at 0x00007fde1d755b21 to 0x00007fde1d759a31
Event: 5555.486 Thread 0x00007fde2c26f000 Exception <a 'java/net/SocketException': Socket closed> (0x00000000d7d27608) thrown at [/HUDSON/workspace/8-2-build-linux-amd64/jdk8u161/10277/hotspot/src/share/vm/prims/jni.cpp, line 735]

Events (10 events):
Event: 5556.933 Thread 0x00007fde2c0e4000 flushing nmethod 0x00007fde1d101390
Event: 5556.933 Thread 0x00007fde2c0e4000 flushing nmethod 0x00007fde1d10cdd0
Event: 5556.933 Thread 0x00007fde2c0e4000 flushing nmethod 0x00007fde1d12a4d0
Event: 6964.930 Thread 0x00007fde2c0c5000 Uncommon trap: trap_request=0xffffffc6 fr.pc=0x00007fde1d493b10
Event: 6964.930 Thread 0x00007fde2c0c5000 DEOPT PACKING pc=0x00007fde1d493b10 sp=0x00007fde06386550
Event: 6964.945 Thread 0x00007fde2c0c5000 DEOPT UNPACKING pc=0x00007fde1d04573a sp=0x00007fde06386500 mode 2
Event: 6964.945 Thread 0x00007fde2c0c5000 Uncommon trap: trap_request=0xffffffc6 fr.pc=0x00007fde1d493b10
Event: 6964.945 Thread 0x00007fde2c0c5000 DEOPT PACKING pc=0x00007fde1d493b10 sp=0x00007fde06386550
Event: 6964.945 Thread 0x00007fde2c0c5000 DEOPT UNPACKING pc=0x00007fde1d04573a sp=0x00007fde06386500 mode 2
Event: 6964.945 loading class sun/misc/Signal$1


Dynamic libraries:
00400000-00401000 r-xp 00000000 08:06 1316786                            /usr/lib/jvm/java-8-oracle/bin/java
00600000-00601000 rw-p 00000000 08:06 1316786                            /usr/lib/jvm/java-8-oracle/bin/java
00822000-00843000 rw-p 00000000 00:00 0                                  [heap]
84e00000-8a100000 rw-p 00000000 00:00 0 
8a100000-d6f80000 ---p 00000000 00:00 0 
d6f80000-df580000 rw-p 00000000 00:00 0 
df580000-100000000 ---p 00000000 00:00 0 
100000000-100260000 rw-p 00000000 00:00 0 
100260000-140000000 ---p 00000000 00:00 0 
7fddb8000000-7fddb828f000 rw-p 00000000 00:00 0 
7fddb828f000-7fddbc000000 ---p 00000000 00:00 0 
7fddbc000000-7fddbc021000 rw-p 00000000 00:00 0 
7fddbc021000-7fddc0000000 ---p 00000000 00:00 0 
7fddc0000000-7fddc0021000 rw-p 00000000 00:00 0 
7fddc0021000-7fddc4000000 ---p 00000000 00:00 0 
7fddc4000000-7fddc407b000 rw-p 00000000 00:00 0 
7fddc407b000-7fddc8000000 ---p 00000000 00:00 0 
7fddcae93000-7fddcaed3000 rw-p 00000000 00:00 0 
7fddcaed3000-7fddcb093000 ---p 00000000 00:00 0 
7fddcb093000-7fddcb096000 ---p 00000000 00:00 0 
7fddcb096000-7fddcb194000 rw-p 00000000 00:00 0 
7fddcb194000-7fddcb197000 ---p 00000000 00:00 0 
7fddcb197000-7fddcb495000 rw-p 00000000 00:00 0 
7fddcb495000-7fddcb56e000 r-xp 00000000 08:06 1318707                    /usr/lib/jvm/java-8-oracle/jre/lib/amd64/libmlib_image.so
7fddcb56e000-7fddcb76e000 ---p 000d9000 08:06 1318707                    /usr/lib/jvm/java-8-oracle/jre/lib/amd64/libmlib_image.so
7fddcb76e000-7fddcb76f000 rw-p 000d9000 08:06 1318707                    /usr/lib/jvm/java-8-oracle/jre/lib/amd64/libmlib_image.so
7fddcb76f000-7fddcb7d9000 r-xp 00000000 08:06 1318701                    /usr/lib/jvm/java-8-oracle/jre/lib/amd64/libt2k.so
7fddcb7d9000-7fddcb9d8000 ---p 0006a000 08:06 1318701                    /usr/lib/jvm/java-8-oracle/jre/lib/amd64/libt2k.so
7fddcb9d8000-7fddcb9df000 rw-p 00069000 08:06 1318701                    /usr/lib/jvm/java-8-oracle/jre/lib/amd64/libt2k.so
7fddcb9df000-7fddcbbef000 rw-p 00000000 00:00 0 
7fddcbbef000-7fddcbdef000 rw-p 00000000 00:00 0 
7fddcbdef000-7fddcbe00000 r-xp 00000000 08:06 1318741                    /usr/lib/jvm/java-8-oracle/jre/lib/amd64/libnio.so
7fddcbe00000-7fddcbfff000 ---p 00011000 08:06 1318741                    /usr/lib/jvm/java-8-oracle/jre/lib/amd64/libnio.so
7fddcbfff000-7fddcc000000 rw-p 00010000 08:06 1318741                    /usr/lib/jvm/java-8-oracle/jre/lib/amd64/libnio.so
7fddcc000000-7fddcc021000 rw-p 00000000 00:00 0 
7fddcc021000-7fddd0000000 ---p 00000000 00:00 0 
7fddd0000000-7fddd0021000 rw-p 00000000 00:00 0 
7fddd0021000-7fddd4000000 ---p 00000000 00:00 0 
7fddd4000000-7fddd4298000 rw-p 00000000 00:00 0 
7fddd4298000-7fddd8000000 ---p 00000000 00:00 0 
7fddd8000000-7fddd8021000 rw-p 00000000 00:00 0 
7fddd8021000-7fdddc000000 ---p 00000000 00:00 0 
7fdddc056000-7fdddc069000 r--s 00345000 08:06 1318554                    /usr/lib/jvm/java-8-oracle/jre/lib/resources.jar
7fdddc069000-7fdddc06c000 ---p 00000000 00:00 0 
7fdddc06c000-7fdddc16a000 rw-p 00000000 00:00 0 
7fdddc16a000-7fdddc175000 r--s 00000000 08:06 525020                     /var/cache/fontconfig/945677eb7aeaf62f1d50efc3fb3ec7d8-le64.cache-6
7fdddc175000-7fdddc177000 r--s 00000000 08:06 524904                     /var/cache/fontconfig/99e8ed0e538f840c565b6ed5dad60d56-le64.cache-6
7fdddc177000-7fdddc180000 r--s 00000000 08:06 524900                     /var/cache/fontconfig/a6d8cf8e4ec09cdbc8633c31745a07dd-le64.cache-6
7fdddc180000-7fdddc186000 r--s 00000000 08:06 524899                     /var/cache/fontconfig/2cd17615ca594fa2959ae173292e504c-le64.cache-6
7fdddc186000-7fdddc19b000 r--s 00000000 08:06 524896                     /var/cache/fontconfig/04aabc0a78ac019cf9454389977116d2-le64.cache-6
7fdddc19b000-7fdddc19f000 r--s 00000000 08:06 524893                     /var/cache/fontconfig/385c0604a188198f04d133e54aba7fe7-le64.cache-6
7fdddc19f000-7fdddc1a2000 r--s 00000000 08:06 524884                     /var/cache/fontconfig/767a8244fc0220cfb567a839d0392e0b-le64.cache-6
7fdddc1a2000-7fdddc1a7000 r--s 00000000 08:06 524876                     /var/cache/fontconfig/8801497958630a81b71ace7c5f9b32a8-le64.cache-6
7fdddc1a7000-7fdddc1aa000 ---p 00000000 00:00 0 
7fdddc1aa000-7fdddc2a8000 rw-p 00000000 00:00 0 
7fdddc2a8000-7fdddc2ab000 ---p 00000000 00:00 0 
7fdddc2ab000-7fdddc5a9000 rw-p 00000000 00:00 0 
7fdddc5a9000-7fdddc5d3000 r-xp 00000000 08:06 1318687                    /usr/lib/jvm/java-8-oracle/jre/lib/amd64/libdcpr.so
7fdddc5d3000-7fdddc7d3000 ---p 0002a000 08:06 1318687                    /usr/lib/jvm/java-8-oracle/jre/lib/amd64/libdcpr.so
7fdddc7d3000-7fdddc7d6000 rw-p 0002a000 08:06 1318687                    /usr/lib/jvm/java-8-oracle/jre/lib/amd64/libdcpr.so
7fdddc7d6000-7fdddc7d9000 ---p 00000000 00:00 0 
7fdddc7d9000-7fdddf8d8000 rw-p 00000000 00:00 0 
7fdddf8d8000-7fdddf8ee000 r-xp 00000000 08:06 1318738                    /usr/lib/jvm/java-8-oracle/jre/lib/amd64/libnet.so
7fdddf8ee000-7fdddfaee000 ---p 00016000 08:06 1318738                    /usr/lib/jvm/java-8-oracle/jre/lib/amd64/libnet.so
7fdddfaee000-7fdddfaef000 rw-p 00016000 08:06 1318738                    /usr/lib/jvm/java-8-oracle/jre/lib/amd64/libnet.so
7fdddfaef000-7fdddfaf2000 ---p 00000000 00:00 0 
7fdddfaf2000-7fdddfbf0000 rw-p 00000000 00:00 0 
7fdddfbf0000-7fdddfbf5000 r-xp 00000000 08:06 1320127                    /usr/lib/x86_64-linux-gnu/libXfixes.so.3.1.0
7fdddfbf5000-7fdddfdf4000 ---p 00005000 08:06 1320127                    /usr/lib/x86_64-linux-gnu/libXfixes.so.3.1.0
7fdddfdf4000-7fdddfdf5000 r--p 00004000 08:06 1320127                    /usr/lib/x86_64-linux-gnu/libXfixes.so.3.1.0
7fdddfdf5000-7fdddfdf6000 rw-p 00005000 08:06 1320127                    /usr/lib/x86_64-linux-gnu/libXfixes.so.3.1.0
7fdddfdf6000-7fdddfdff000 r-xp 00000000 08:06 1330978                    /usr/lib/x86_64-linux-gnu/libXcursor.so.1.0.2
7fdddfdff000-7fdddfffe000 ---p 00009000 08:06 1330978                    /usr/lib/x86_64-linux-gnu/libXcursor.so.1.0.2
7fdddfffe000-7fdddffff000 r--p 00008000 08:06 1330978                    /usr/lib/x86_64-linux-gnu/libXcursor.so.1.0.2
7fdddffff000-7fdde0000000 rw-p 00009000 08:06 1330978                    /usr/lib/x86_64-linux-gnu/libXcursor.so.1.0.2
7fdde0000000-7fdde0021000 rw-p 00000000 00:00 0 
7fdde0021000-7fdde4000000 ---p 00000000 00:00 0 
7fdde4000000-7fdde4021000 rw-p 00000000 00:00 0 
7fdde4021000-7fdde8000000 ---p 00000000 00:00 0 
7fdde8000000-7fdde8dc5000 rw-p 00000000 00:00 0 
7fdde8dc5000-7fddec000000 ---p 00000000 00:00 0 
7fddec000000-7fddec4c1000 rw-p 00000000 00:00 0 
7fddec4c1000-7fddf0000000 ---p 00000000 00:00 0 
7fddf0000000-7fddf0021000 rw-p 00000000 00:00 0 
7fddf0021000-7fddf4000000 ---p 00000000 00:00 0 
7fddf4000000-7fddf4d57000 rw-p 00000000 00:00 0 
7fddf4d57000-7fddf8000000 ---p 00000000 00:00 0 
7fddf8000000-7fddf8021000 rw-p 00000000 00:00 0 
7fddf8021000-7fddfc000000 ---p 00000000 00:00 0 
7fddfc000000-7fddfc021000 rw-p 00000000 00:00 0 
7fddfc021000-7fde00000000 ---p 00000000 00:00 0 
7fde00000000-7fde00021000 rw-p 00000000 00:00 0 
7fde00021000-7fde04000000 ---p 00000000 00:00 0 
7fde04000000-7fde04001000 r--s 00000000 08:06 524897                     /var/cache/fontconfig/0d8c3b2ac0904cb8a57a757ad11a4a08-le64.cache-6
7fde04001000-7fde04002000 r--s 00000000 08:06 524894                     /var/cache/fontconfig/1ac9eb803944fde146138c791f5cc56a-le64.cache-6
7fde04002000-7fde04009000 r--s 00000000 08:06 524865                     /var/cache/fontconfig/3047814df9a2f067bd2d96a2b9c36e5a-le64.cache-6
7fde04009000-7fde0400f000 r--s 00000000 08:06 524857                     /var/cache/fontconfig/b47c4e1ecd0709278f4910c18777a504-le64.cache-6
7fde0400f000-7fde04017000 r--s 00000000 08:06 524833                     /var/cache/fontconfig/52f7bdb7ce746bfd7eaa1985bd9cfa93-le64.cache-6
7fde04017000-7fde0402a000 r--s 00000000 08:06 524789                     /var/cache/fontconfig/d52a8644073d54c13679302ca1180695-le64.cache-6
7fde0402a000-7fde04037000 r--s 00000000 08:06 524786                     /var/cache/fontconfig/089dead882dea3570ffc31a9898cfb69-le64.cache-6
7fde04037000-7fde04049000 r--s 00000000 08:06 524402                     /var/cache/fontconfig/9b89f8e3dae116d678bbf48e5f21f69b-le64.cache-6
7fde04049000-7fde04056000 r--s 00000000 08:06 524755                     /var/cache/fontconfig/e13b20fdb08344e0e664864cc2ede53d-le64.cache-6
7fde04056000-7fde04059000 ---p 00000000 00:00 0 
7fde04059000-7fde04157000 rw-p 00000000 00:00 0 
7fde04157000-7fde0416d000 r-xp 00000000 08:06 1840150                    /lib/x86_64-linux-gnu/libgcc_s.so.1
7fde0416d000-7fde0436c000 ---p 00016000 08:06 1840150                    /lib/x86_64-linux-gnu/libgcc_s.so.1
7fde0436c000-7fde0436d000 rw-p 00015000 08:06 1840150                    /lib/x86_64-linux-gnu/libgcc_s.so.1
7fde0436d000-7fde043d2000 r-xp 00000000 08:06 1318719                    /usr/lib/jvm/java-8-oracle/jre/lib/amd64/libfontmanager.so
7fde043d2000-7fde045d1000 ---p 00065000 08:06 1318719                    /usr/lib/jvm/java-8-oracle/jre/lib/amd64/libfontmanager.so
7fde045d1000-7fde045d6000 rw-p 00064000 08:06 1318719                    /usr/lib/jvm/java-8-oracle/jre/lib/amd64/libfontmanager.so
7fde045d6000-7fde045e6000 rw-p 00000000 00:00 0 
7fde045e6000-7fde04607000 r--p 00000000 08:06 2102430                    /usr/share/locale-langpack/zh_CN/LC_MESSAGES/libc.mo
7fde04607000-7fde0460c000 r-xp 00000000 08:06 1320123                    /usr/lib/x86_64-linux-gnu/libXdmcp.so.6.0.0
7fde0460c000-7fde0480b000 ---p 00005000 08:06 1320123                    /usr/lib/x86_64-linux-gnu/libXdmcp.so.6.0.0
7fde0480b000-7fde0480c000 r--p 00004000 08:06 1320123                    /usr/lib/x86_64-linux-gnu/libXdmcp.so.6.0.0
7fde0480c000-7fde0480d000 rw-p 00005000 08:06 1320123                    /usr/lib/x86_64-linux-gnu/libXdmcp.so.6.0.0
7fde0480d000-7fde0480f000 r-xp 00000000 08:06 1320112                    /usr/lib/x86_64-linux-gnu/libXau.so.6.0.0
7fde0480f000-7fde04a0f000 ---p 00002000 08:06 1320112                    /usr/lib/x86_64-linux-gnu/libXau.so.6.0.0
7fde04a0f000-7fde04a10000 r--p 00002000 08:06 1320112                    /usr/lib/x86_64-linux-gnu/libXau.so.6.0.0
7fde04a10000-7fde04a11000 rw-p 00003000 08:06 1320112                    /usr/lib/x86_64-linux-gnu/libXau.so.6.0.0
7fde04a11000-7fde04a32000 r-xp 00000000 08:06 1321492                    /usr/lib/x86_64-linux-gnu/libxcb.so.1.1.0
7fde04a32000-7fde04c31000 ---p 00021000 08:06 1321492                    /usr/lib/x86_64-linux-gnu/libxcb.so.1.1.0
7fde04c31000-7fde04c32000 r--p 00020000 08:06 1321492                    /usr/lib/x86_64-linux-gnu/libxcb.so.1.1.0
7fde04c32000-7fde04c33000 rw-p 00021000 08:06 1321492                    /usr/lib/x86_64-linux-gnu/libxcb.so.1.1.0
7fde04c33000-7fde04c42000 r-xp 00000000 08:06 1320133                    /usr/lib/x86_64-linux-gnu/libXi.so.6.1.0
7fde04c42000-7fde04e41000 ---p 0000f000 08:06 1320133                    /usr/lib/x86_64-linux-gnu/libXi.so.6.1.0
7fde04e41000-7fde04e42000 r--p 0000e000 08:06 1320133                    /usr/lib/x86_64-linux-gnu/libXi.so.6.1.0
7fde04e42000-7fde04e43000 rw-p 0000f000 08:06 1320133                    /usr/lib/x86_64-linux-gnu/libXi.so.6.1.0
7fde04e43000-7fde04e48000 r-xp 00000000 08:06 1320151                    /usr/lib/x86_64-linux-gnu/libXtst.so.6.1.0
7fde04e48000-7fde05047000 ---p 00005000 08:06 1320151                    /usr/lib/x86_64-linux-gnu/libXtst.so.6.1.0
7fde05047000-7fde05048000 r--p 00004000 08:06 1320151                    /usr/lib/x86_64-linux-gnu/libXtst.so.6.1.0
7fde05048000-7fde05049000 rw-p 00005000 08:06 1320151                    /usr/lib/x86_64-linux-gnu/libXtst.so.6.1.0
7fde05049000-7fde05052000 r-xp 00000000 08:06 1320145                    /usr/lib/x86_64-linux-gnu/libXrender.so.1.3.0
7fde05052000-7fde05251000 ---p 00009000 08:06 1320145                    /usr/lib/x86_64-linux-gnu/libXrender.so.1.3.0
7fde05251000-7fde05252000 r--p 00008000 08:06 1320145                    /usr/lib/x86_64-linux-gnu/libXrender.so.1.3.0
7fde05252000-7fde05253000 rw-p 00009000 08:06 1320145                    /usr/lib/x86_64-linux-gnu/libXrender.so.1.3.0
7fde05253000-7fde05388000 r-xp 00000000 08:06 1320108                    /usr/lib/x86_64-linux-gnu/libX11.so.6.3.0
7fde05388000-7fde05588000 ---p 00135000 08:06 1320108                    /usr/lib/x86_64-linux-gnu/libX11.so.6.3.0
7fde05588000-7fde05589000 r--p 00135000 08:06 1320108                    /usr/lib/x86_64-linux-gnu/libX11.so.6.3.0
7fde05589000-7fde0558d000 rw-p 00136000 08:06 1320108                    /usr/lib/x86_64-linux-gnu/libX11.so.6.3.0
7fde0558d000-7fde0559e000 r-xp 00000000 08:06 1320125                    /usr/lib/x86_64-linux-gnu/libXext.so.6.4.0
7fde0559e000-7fde0579d000 ---p 00011000 08:06 1320125                    /usr/lib/x86_64-linux-gnu/libXext.so.6.4.0
7fde0579d000-7fde0579e000 r--p 00010000 08:06 1320125                    /usr/lib/x86_64-linux-gnu/libXext.so.6.4.0
7fde0579e000-7fde0579f000 rw-p 00011000 08:06 1320125                    /usr/lib/x86_64-linux-gnu/libXext.so.6.4.0
7fde0579f000-7fde057f3000 r-xp 00000000 08:06 1318750                    /usr/lib/jvm/java-8-oracle/jre/lib/amd64/libawt_xawt.so
7fde057f3000-7fde059f3000 ---p 00054000 08:06 1318750                    /usr/lib/jvm/java-8-oracle/jre/lib/amd64/libawt_xawt.so
7fde059f3000-7fde059f7000 rw-p 00054000 08:06 1318750                    /usr/lib/jvm/java-8-oracle/jre/lib/amd64/libawt_xawt.so
7fde059f7000-7fde059f8000 rw-p 00000000 00:00 0 
7fde059f8000-7fde05a9a000 r-xp 00000000 08:06 1318731                    /usr/lib/jvm/java-8-oracle/jre/lib/amd64/libawt.so
7fde05a9a000-7fde05c9a000 ---p 000a2000 08:06 1318731                    /usr/lib/jvm/java-8-oracle/jre/lib/amd64/libawt.so
7fde05c9a000-7fde05ca6000 rw-p 000a2000 08:06 1318731                    /usr/lib/jvm/java-8-oracle/jre/lib/amd64/libawt.so
7fde05ca6000-7fde05cca000 rw-p 00000000 00:00 0 
7fde05cca000-7fde05cec000 r--s 0019e000 08:09 7209441                    /home/xiaobear/eclipse/xiaobear_java/jq/3rdLibs/substance.jar
7fde05cec000-7fde05d82000 r--s 0110a000 08:06 1318578                    /usr/lib/jvm/java-8-oracle/jre/lib/ext/jfxrt.jar
7fde05d82000-7fde05d83000 ---p 00000000 00:00 0 
7fde05d83000-7fde05e83000 rw-p 00000000 00:00 0 
7fde05e83000-7fde05e86000 ---p 00000000 00:00 0 
7fde05e86000-7fde05f84000 rw-p 00000000 00:00 0 
7fde05f84000-7fde05f87000 ---p 00000000 00:00 0 
7fde05f87000-7fde06085000 rw-p 00000000 00:00 0 
7fde06085000-7fde06088000 ---p 00000000 00:00 0 
7fde06088000-7fde06186000 rw-p 00000000 00:00 0 
7fde06186000-7fde06189000 ---p 00000000 00:00 0 
7fde06189000-7fde06287000 rw-p 00000000 00:00 0 
7fde06287000-7fde0628a000 ---p 00000000 00:00 0 
7fde0628a000-7fde06388000 rw-p 00000000 00:00 0 
7fde06388000-7fde069d1000 r--p 00000000 08:06 1333138                    /usr/lib/locale/locale-archive
7fde069d1000-7fde069d4000 ---p 00000000 00:00 0 
7fde069d4000-7fde06ad2000 rw-p 00000000 00:00 0 
7fde06ad2000-7fde06ad5000 ---p 00000000 00:00 0 
7fde06ad5000-7fde06bd3000 rw-p 00000000 00:00 0 
7fde06bd3000-7fde06bd4000 ---p 00000000 00:00 0 
7fde06bd4000-7fde08000000 rw-p 00000000 00:00 0 
7fde08000000-7fde08021000 rw-p 00000000 00:00 0 
7fde08021000-7fde0c000000 ---p 00000000 00:00 0 
7fde0c000000-7fde0c021000 rw-p 00000000 00:00 0 
7fde0c021000-7fde10000000 ---p 00000000 00:00 0 
7fde10000000-7fde10021000 rw-p 00000000 00:00 0 
7fde10021000-7fde14000000 ---p 00000000 00:00 0 
7fde14000000-7fde1400b000 r--s 00000000 08:06 524775                     /var/cache/fontconfig/83bf95040141907cd45bb53cf7c1c148-le64.cache-6
7fde1400b000-7fde18000000 rw-p 00000000 00:00 0 
7fde18000000-7fde18021000 rw-p 00000000 00:00 0 
7fde18021000-7fde1c000000 ---p 00000000 00:00 0 
7fde1c000000-7fde1c001000 r--s 00000000 08:06 524885                     /var/cache/fontconfig/dc05db6664285cc2f12bf69c139ae4c3-le64.cache-6
7fde1c001000-7fde1c002000 r--s 00000000 08:06 524882                     /var/cache/fontconfig/4794a0821666d79190d59a36cb4f44b5-le64.cache-6
7fde1c002000-7fde1c003000 r--s 00000000 08:06 524874                     /var/cache/fontconfig/bab58bb527bb656aaa9f116d68a48d89-le64.cache-6
7fde1c003000-7fde1c007000 r--s 00000000 08:06 524787                     /var/cache/fontconfig/d589a48862398ed80a3d6066f4f56f4c-le64.cache-6
7fde1c018000-7fde1c01f000 rw-s 00000000 00:05 11042842                   /SYSV00000000 (deleted)
7fde1c01f000-7fde1c270000 rw-p 00000000 00:00 0 
7fde1c270000-7fde1c449000 r--s 03d64000 08:06 1318508                    /usr/lib/jvm/java-8-oracle/jre/lib/rt.jar
7fde1c449000-7fde1c822000 rw-p 00000000 00:00 0 
7fde1c822000-7fde1c823000 ---p 00000000 00:00 0 
7fde1c823000-7fde1c923000 rw-p 00000000 00:00 0 
7fde1c923000-7fde1c924000 ---p 00000000 00:00 0 
7fde1c924000-7fde1ca24000 rw-p 00000000 00:00 0 
7fde1ca24000-7fde1ca25000 ---p 00000000 00:00 0 
7fde1ca25000-7fde1cb25000 rw-p 00000000 00:00 0 
7fde1cb25000-7fde1cb26000 ---p 00000000 00:00 0 
7fde1cb26000-7fde1cc50000 rw-p 00000000 00:00 0 
7fde1cc50000-7fde1ceb6000 ---p 00000000 00:00 0 
7fde1ceb6000-7fde1cefa000 rw-p 00000000 00:00 0 
7fde1cefa000-7fde1cfff000 ---p 00000000 00:00 0 
7fde1cfff000-7fde1d000000 rw-p 00000000 00:00 0 
7fde1d000000-7fde1d8a0000 rwxp 00000000 00:00 0 
7fde1d8a0000-7fde2c000000 ---p 00000000 00:00 0 
7fde2c000000-7fde2c665000 rw-p 00000000 00:00 0 
7fde2c665000-7fde30000000 ---p 00000000 00:00 0 
7fde30000000-7fde30001000 r--s 00000000 08:06 524861                     /var/cache/fontconfig/56cf4f4769d0f4abc89a4895d7bd3ae1-le64.cache-6
7fde30001000-7fde300a1000 rw-p 00000000 00:00 0 
7fde300a1000-7fde30308000 ---p 00000000 00:00 0 
7fde30308000-7fde3032b000 rw-p 00000000 00:00 0 
7fde3032b000-7fde306c8000 ---p 00000000 00:00 0 
7fde306c8000-7fde306e3000 r-xp 00000000 08:06 1318734                    /usr/lib/jvm/java-8-oracle/jre/lib/amd64/libzip.so
7fde306e3000-7fde308e3000 ---p 0001b000 08:06 1318734                    /usr/lib/jvm/java-8-oracle/jre/lib/amd64/libzip.so
7fde308e3000-7fde308e4000 rw-p 0001b000 08:06 1318734                    /usr/lib/jvm/java-8-oracle/jre/lib/amd64/libzip.so
7fde308e4000-7fde308ef000 r-xp 00000000 08:06 1848168                    /lib/x86_64-linux-gnu/libnss_files-2.23.so
7fde308ef000-7fde30aee000 ---p 0000b000 08:06 1848168                    /lib/x86_64-linux-gnu/libnss_files-2.23.so
7fde30aee000-7fde30aef000 r--p 0000a000 08:06 1848168                    /lib/x86_64-linux-gnu/libnss_files-2.23.so
7fde30aef000-7fde30af0000 rw-p 0000b000 08:06 1848168                    /lib/x86_64-linux-gnu/libnss_files-2.23.so
7fde30af0000-7fde30af6000 rw-p 00000000 00:00 0 
7fde30af6000-7fde30b01000 r-xp 00000000 08:06 1848172                    /lib/x86_64-linux-gnu/libnss_nis-2.23.so
7fde30b01000-7fde30d00000 ---p 0000b000 08:06 1848172                    /lib/x86_64-linux-gnu/libnss_nis-2.23.so
7fde30d00000-7fde30d01000 r--p 0000a000 08:06 1848172                    /lib/x86_64-linux-gnu/libnss_nis-2.23.so
7fde30d01000-7fde30d02000 rw-p 0000b000 08:06 1848172                    /lib/x86_64-linux-gnu/libnss_nis-2.23.so
7fde30d02000-7fde30d18000 r-xp 00000000 08:06 1848152                    /lib/x86_64-linux-gnu/libnsl-2.23.so
7fde30d18000-7fde30f17000 ---p 00016000 08:06 1848152                    /lib/x86_64-linux-gnu/libnsl-2.23.so
7fde30f17000-7fde30f18000 r--p 00015000 08:06 1848152                    /lib/x86_64-linux-gnu/libnsl-2.23.so
7fde30f18000-7fde30f19000 rw-p 00016000 08:06 1848152                    /lib/x86_64-linux-gnu/libnsl-2.23.so
7fde30f19000-7fde30f1b000 rw-p 00000000 00:00 0 
7fde30f1b000-7fde30f23000 r-xp 00000000 08:06 1848163                    /lib/x86_64-linux-gnu/libnss_compat-2.23.so
7fde30f23000-7fde31122000 ---p 00008000 08:06 1848163                    /lib/x86_64-linux-gnu/libnss_compat-2.23.so
7fde31122000-7fde31123000 r--p 00007000 08:06 1848163                    /lib/x86_64-linux-gnu/libnss_compat-2.23.so
7fde31123000-7fde31124000 rw-p 00008000 08:06 1848163                    /lib/x86_64-linux-gnu/libnss_compat-2.23.so
7fde31124000-7fde3114f000 r-xp 00000000 08:06 1318728                    /usr/lib/jvm/java-8-oracle/jre/lib/amd64/libjava.so
7fde3114f000-7fde3134e000 ---p 0002b000 08:06 1318728                    /usr/lib/jvm/java-8-oracle/jre/lib/amd64/libjava.so
7fde3134e000-7fde31350000 rw-p 0002a000 08:06 1318728                    /usr/lib/jvm/java-8-oracle/jre/lib/amd64/libjava.so
7fde31350000-7fde3135d000 r-xp 00000000 08:06 1318733                    /usr/lib/jvm/java-8-oracle/jre/lib/amd64/libverify.so
7fde3135d000-7fde3155d000 ---p 0000d000 08:06 1318733                    /usr/lib/jvm/java-8-oracle/jre/lib/amd64/libverify.so
7fde3155d000-7fde3155f000 rw-p 0000d000 08:06 1318733                    /usr/lib/jvm/java-8-oracle/jre/lib/amd64/libverify.so
7fde3155f000-7fde31566000 r-xp 00000000 08:06 1848173                    /lib/x86_64-linux-gnu/librt-2.23.so
7fde31566000-7fde31765000 ---p 00007000 08:06 1848173                    /lib/x86_64-linux-gnu/librt-2.23.so
7fde31765000-7fde31766000 r--p 00006000 08:06 1848173                    /lib/x86_64-linux-gnu/librt-2.23.so
7fde31766000-7fde31767000 rw-p 00007000 08:06 1848173                    /lib/x86_64-linux-gnu/librt-2.23.so
7fde31767000-7fde3186f000 r-xp 00000000 08:06 1848151                    /lib/x86_64-linux-gnu/libm-2.23.so
7fde3186f000-7fde31a6e000 ---p 00108000 08:06 1848151                    /lib/x86_64-linux-gnu/libm-2.23.so
7fde31a6e000-7fde31a6f000 r--p 00107000 08:06 1848151                    /lib/x86_64-linux-gnu/libm-2.23.so
7fde31a6f000-7fde31a70000 rw-p 00108000 08:06 1848151                    /lib/x86_64-linux-gnu/libm-2.23.so
7fde31a70000-7fde32749000 r-xp 00000000 08:06 1318711                    /usr/lib/jvm/java-8-oracle/jre/lib/amd64/server/libjvm.so
7fde32749000-7fde32948000 ---p 00cd9000 08:06 1318711                    /usr/lib/jvm/java-8-oracle/jre/lib/amd64/server/libjvm.so
7fde32948000-7fde32a21000 rw-p 00cd8000 08:06 1318711                    /usr/lib/jvm/java-8-oracle/jre/lib/amd64/server/libjvm.so
7fde32a21000-7fde32a6d000 rw-p 00000000 00:00 0 
7fde32a6d000-7fde32c2d000 r-xp 00000000 08:06 1848155                    /lib/x86_64-linux-gnu/libc-2.23.so
7fde32c2d000-7fde32e2d000 ---p 001c0000 08:06 1848155                    /lib/x86_64-linux-gnu/libc-2.23.so
7fde32e2d000-7fde32e31000 r--p 001c0000 08:06 1848155                    /lib/x86_64-linux-gnu/libc-2.23.so
7fde32e31000-7fde32e33000 rw-p 001c4000 08:06 1848155                    /lib/x86_64-linux-gnu/libc-2.23.so
7fde32e33000-7fde32e37000 rw-p 00000000 00:00 0 
7fde32e37000-7fde32e3a000 r-xp 00000000 08:06 1848157                    /lib/x86_64-linux-gnu/libdl-2.23.so
7fde32e3a000-7fde33039000 ---p 00003000 08:06 1848157                    /lib/x86_64-linux-gnu/libdl-2.23.so
7fde33039000-7fde3303a000 r--p 00002000 08:06 1848157                    /lib/x86_64-linux-gnu/libdl-2.23.so
7fde3303a000-7fde3303b000 rw-p 00003000 08:06 1848157                    /lib/x86_64-linux-gnu/libdl-2.23.so
7fde3303b000-7fde33051000 r-xp 00000000 08:06 1318328                    /usr/lib/jvm/java-8-oracle/lib/amd64/jli/libjli.so
7fde33051000-7fde33250000 ---p 00016000 08:06 1318328                    /usr/lib/jvm/java-8-oracle/lib/amd64/jli/libjli.so
7fde33250000-7fde33251000 rw-p 00015000 08:06 1318328                    /usr/lib/jvm/java-8-oracle/lib/amd64/jli/libjli.so
7fde33251000-7fde33269000 r-xp 00000000 08:06 1848154                    /lib/x86_64-linux-gnu/libpthread-2.23.so
7fde33269000-7fde33468000 ---p 00018000 08:06 1848154                    /lib/x86_64-linux-gnu/libpthread-2.23.so
7fde33468000-7fde33469000 r--p 00017000 08:06 1848154                    /lib/x86_64-linux-gnu/libpthread-2.23.so
7fde33469000-7fde3346a000 rw-p 00018000 08:06 1848154                    /lib/x86_64-linux-gnu/libpthread-2.23.so
7fde3346a000-7fde3346e000 rw-p 00000000 00:00 0 
7fde3346e000-7fde33494000 r-xp 00000000 08:06 1848153                    /lib/x86_64-linux-gnu/ld-2.23.so
7fde33494000-7fde33495000 r--s 00000000 08:06 524859                     /var/cache/fontconfig/b9d506c9ac06c20b433354fa67a72993-le64.cache-6
7fde33495000-7fde33496000 r--s 00000000 08:06 524788                     /var/cache/fontconfig/551ecf3b0e8b0bca0f25c0944f561853-le64.cache-6
7fde33496000-7fde33497000 r--s 00000000 08:06 524784                     /var/cache/fontconfig/30829fa25452a46451e813d634d7f916-le64.cache-6
7fde33497000-7fde33498000 r--s 00000000 08:06 524783                     /var/cache/fontconfig/0c9eb80ebd1c36541ebe2852d3bb0c49-le64.cache-6
7fde33498000-7fde3349b000 r--s 00000000 08:06 524778                     /var/cache/fontconfig/75114ca45c98e8a441da0ff356701271-le64.cache-6
7fde3349b000-7fde3349f000 r--s 00000000 08:06 524400                     /var/cache/fontconfig/7ef2298fde41cc6eeb7af42e48b7d293-le64.cache-6
7fde3349f000-7fde334a4000 r--s 0009d000 08:06 1318573                    /usr/lib/jvm/java-8-oracle/jre/lib/jsse.jar
7fde334a4000-7fde3356f000 rw-p 00000000 00:00 0 
7fde3356f000-7fde33572000 ---p 00000000 00:00 0 
7fde33572000-7fde33675000 rw-p 00000000 00:00 0 
7fde33675000-7fde3367c000 r--s 00000000 08:06 1585521                    /usr/lib/x86_64-linux-gnu/gconv/gconv-modules.cache
7fde3367c000-7fde33684000 r--s 0008a000 08:09 7210092                    /home/xiaobear/eclipse/xiaobear_java/jq/3rdLibs/protobuf-java-2.6.1.jar
7fde33684000-7fde33689000 r--s 002f9000 08:06 1318506                    /usr/lib/jvm/java-8-oracle/jre/lib/charsets.jar
7fde33689000-7fde33691000 rw-s 00000000 08:06 3422464                    /tmp/hsperfdata_xc/2569
7fde33691000-7fde33692000 rw-p 00000000 00:00 0 
7fde33692000-7fde33693000 r--p 00000000 00:00 0 
7fde33693000-7fde33694000 r--p 00025000 08:06 1848153                    /lib/x86_64-linux-gnu/ld-2.23.so
7fde33694000-7fde33695000 rw-p 00026000 08:06 1848153                    /lib/x86_64-linux-gnu/ld-2.23.so
7fde33695000-7fde33696000 rw-p 00000000 00:00 0 
7ffd3f0dc000-7ffd3f0fd000 rw-p 00000000 00:00 0                          [stack]
7ffd3f131000-7ffd3f134000 r--p 00000000 00:00 0                          [vvar]
7ffd3f134000-7ffd3f136000 r-xp 00000000 00:00 0                          [vdso]
ffffffffff600000-ffffffffff601000 r-xp 00000000 00:00 0                  [vsyscall]

VM Arguments:
jvm_args: -Dfile.encoding=gbk 
java_command: client.ClientMain
java_class_path (initial): /home/xiaobear/eclipse/xiaobear_java/jq/bin:/home/xiaobear/eclipse/xiaobear_java/jq/3rdLibs/substance.jar:/home/xiaobear/eclipse/xiaobear_java/jq/3rdLibs/protobuf-java-2.6.1.jar
Launcher Type: SUN_STANDARD

Environment Variables:
JAVA_HOME=/usr/lib/jvm/java-8-oracle
PATH=/usr/local/sbin:/usr/local/bin:/usr/sbin:/usr/bin:/sbin:/bin:/usr/games:/usr/local/games:/snap/bin:/usr/lib/jvm/java-8-oracle/bin:/usr/lib/jvm/java-8-oracle/db/bin:/usr/lib/jvm/java-8-oracle/jre/bin
SHELL=/bin/bash
DISPLAY=:0

Signal Handlers:
SIGSEGV: [libjvm.so+0xad01e0], sa_mask[0]=11111111011111111101111111111110, sa_flags=SA_RESTART|SA_SIGINFO
SIGBUS: [libjvm.so+0xad01e0], sa_mask[0]=11111111011111111101111111111110, sa_flags=SA_RESTART|SA_SIGINFO
SIGFPE: [libjvm.so+0x927fb0], sa_mask[0]=11111111011111111101111111111110, sa_flags=SA_RESTART|SA_SIGINFO
SIGPIPE: [libjvm.so+0x927fb0], sa_mask[0]=11111111011111111101111111111110, sa_flags=SA_RESTART|SA_SIGINFO
SIGXFSZ: [libjvm.so+0x927fb0], sa_mask[0]=11111111011111111101111111111110, sa_flags=SA_RESTART|SA_SIGINFO
SIGILL: [libjvm.so+0x927fb0], sa_mask[0]=11111111011111111101111111111110, sa_flags=SA_RESTART|SA_SIGINFO
SIGUSR1: SIG_DFL, sa_mask[0]=00000000000000000000000000000000, sa_flags=none
SIGUSR2: [libjvm.so+0x9297f0], sa_mask[0]=00100000000000000000000000000000, sa_flags=SA_RESTART|SA_SIGINFO
SIGHUP: [libjvm.so+0x92abf0], sa_mask[0]=11111111011111111101111111111110, sa_flags=SA_RESTART|SA_SIGINFO
SIGINT: [libjvm.so+0x92abf0], sa_mask[0]=11111111011111111101111111111110, sa_flags=SA_RESTART|SA_SIGINFO
SIGTERM: [libjvm.so+0x92abf0], sa_mask[0]=11111111011111111101111111111110, sa_flags=SA_RESTART|SA_SIGINFO
SIGQUIT: [libjvm.so+0x92abf0], sa_mask[0]=11111111011111111101111111111110, sa_flags=SA_RESTART|SA_SIGINFO


---------------  S Y S T E M  ---------------

OS:DISTRIB_ID=Ubuntu
DISTRIB_RELEASE=16.04
DISTRIB_CODENAME=xenial
DISTRIB_DESCRIPTION="Ubuntu 16.04 LTS"

uname:Linux 4.4.0-124-generic #148-Ubuntu SMP Wed May 2 13:00:18 UTC 2018 x86_64
libc:glibc 2.23 NPTL 2.23 
rlimit: STACK 8192k, CORE 0k, NPROC 31174, NOFILE 1048576, AS infinity
load average:1.93 0.64 0.27

/proc/meminfo:
MemTotal:        8061736 kB
MemFree:         5215860 kB
MemAvailable:    5977836 kB
Buffers:          114984 kB
Cached:          1184440 kB
SwapCached:            0 kB
Active:          1845040 kB
Inactive:         765236 kB
Active(anon):    1312176 kB
Inactive(anon):   371612 kB
Active(file):     532864 kB
Inactive(file):   393624 kB
Unevictable:          32 kB
Mlocked:              32 kB
SwapTotal:      15999484 kB
SwapFree:       15999484 kB
Dirty:               172 kB
Writeback:             0 kB
AnonPages:       1310636 kB
Mapped:           237752 kB
Shmem:            373256 kB
Slab:             149548 kB
SReclaimable:     111772 kB
SUnreclaim:        37776 kB
KernelStack:        9888 kB
PageTables:        15092 kB
NFS_Unstable:          0 kB
Bounce:                0 kB
WritebackTmp:          0 kB
CommitLimit:    20030352 kB
Committed_AS:    3149692 kB
VmallocTotal:   34359738367 kB
VmallocUsed:           0 kB
VmallocChunk:          0 kB
HardwareCorrupted:     0 kB
AnonHugePages:         0 kB
CmaTotal:              0 kB
CmaFree:               0 kB
HugePages_Total:       0
HugePages_Free:        0
HugePages_Rsvd:        0
HugePages_Surp:        0
Hugepagesize:       2048 kB
DirectMap4k:      163276 kB
DirectMap2M:     6014976 kB
DirectMap1G:     2097152 kB


CPU:total 4 (initial active 4) (2 cores per cpu, 2 threads per core) family 6 model 60 stepping 3, cmov, cx8, fxsr, mmx, sse, sse2, sse3, ssse3, sse4.1, sse4.2, popcnt, avx, avx2, aes, clmul, erms, lzcnt, ht, tsc, tscinvbit, bmi1, bmi2

/proc/cpuinfo:
processor	: 0
vendor_id	: GenuineIntel
cpu family	: 6
model		: 60
model name	: Intel(R) Core(TM) i5-4200H CPU @ 2.80GHz
stepping	: 3
microcode	: 0x1c
cpu MHz		: 3299.953
cache size	: 3072 KB
physical id	: 0
siblings	: 4
core id		: 0
cpu cores	: 2
apicid		: 0
initial apicid	: 0
fpu		: yes
fpu_exception	: yes
cpuid level	: 13
wp		: yes
flags		: fpu vme de pse tsc msr pae mce cx8 apic sep mtrr pge mca cmov pat pse36 clflush dts acpi mmx fxsr sse sse2 ss ht tm pbe syscall nx pdpe1gb rdtscp lm constant_tsc arch_perfmon pebs bts rep_good nopl xtopology nonstop_tsc aperfmperf eagerfpu pni pclmulqdq dtes64 monitor ds_cpl vmx est tm2 ssse3 sdbg fma cx16 xtpr pdcm pcid sse4_1 sse4_2 x2apic movbe popcnt tsc_deadline_timer aes xsave avx f16c rdrand lahf_lm abm epb invpcid_single retpoline kaiser tpr_shadow vnmi flexpriority ept vpid fsgsbase tsc_adjust bmi1 avx2 smep bmi2 erms invpcid xsaveopt dtherm ida arat pln pts
bugs		: cpu_meltdown spectre_v1 spectre_v2
bogomips	: 5586.62
clflush size	: 64
cache_alignment	: 64
address sizes	: 39 bits physical, 48 bits virtual
power management:

processor	: 1
vendor_id	: GenuineIntel
cpu family	: 6
model		: 60
model name	: Intel(R) Core(TM) i5-4200H CPU @ 2.80GHz
stepping	: 3
microcode	: 0x1c
cpu MHz		: 3299.953
cache size	: 3072 KB
physical id	: 0
siblings	: 4
core id		: 1
cpu cores	: 2
apicid		: 2
initial apicid	: 2
fpu		: yes
fpu_exception	: yes
cpuid level	: 13
wp		: yes
flags		: fpu vme de pse tsc msr pae mce cx8 apic sep mtrr pge mca cmov pat pse36 clflush dts acpi mmx fxsr sse sse2 ss ht tm pbe syscall nx pdpe1gb rdtscp lm constant_tsc arch_perfmon pebs bts rep_good nopl xtopology nonstop_tsc aperfmperf eagerfpu pni pclmulqdq dtes64 monitor ds_cpl vmx est tm2 ssse3 sdbg fma cx16 xtpr pdcm pcid sse4_1 sse4_2 x2apic movbe popcnt tsc_deadline_timer aes xsave avx f16c rdrand lahf_lm abm epb invpcid_single retpoline kaiser tpr_shadow vnmi flexpriority ept vpid fsgsbase tsc_adjust bmi1 avx2 smep bmi2 erms invpcid xsaveopt dtherm ida arat pln pts
bugs		: cpu_meltdown spectre_v1 spectre_v2
bogomips	: 5586.62
clflush size	: 64
cache_alignment	: 64
address sizes	: 39 bits physical, 48 bits virtual
power management:

processor	: 2
vendor_id	: GenuineIntel
cpu family	: 6
model		: 60
model name	: Intel(R) Core(TM) i5-4200H CPU @ 2.80GHz
stepping	: 3
microcode	: 0x1c
cpu MHz		: 3299.953
cache size	: 3072 KB
physical id	: 0
siblings	: 4
core id		: 0
cpu cores	: 2
apicid		: 1
initial apicid	: 1
fpu		: yes
fpu_exception	: yes
cpuid level	: 13
wp		: yes
flags		: fpu vme de pse tsc msr pae mce cx8 apic sep mtrr pge mca cmov pat pse36 clflush dts acpi mmx fxsr sse sse2 ss ht tm pbe syscall nx pdpe1gb rdtscp lm constant_tsc arch_perfmon pebs bts rep_good nopl xtopology nonstop_tsc aperfmperf eagerfpu pni pclmulqdq dtes64 monitor ds_cpl vmx est tm2 ssse3 sdbg fma cx16 xtpr pdcm pcid sse4_1 sse4_2 x2apic movbe popcnt tsc_deadline_timer aes xsave avx f16c rdrand lahf_lm abm epb invpcid_single retpoline kaiser tpr_shadow vnmi flexpriority ept vpid fsgsbase tsc_adjust bmi1 avx2 smep bmi2 erms invpcid xsaveopt dtherm ida arat pln pts
bugs		: cpu_meltdown spectre_v1 spectre_v2
bogomips	: 5586.62
clflush size	: 64
cache_alignment	: 64
address sizes	: 39 bits physical, 48 bits virtual
power management:

processor	: 3
vendor_id	: GenuineIntel
cpu family	: 6
model		: 60
model name	: Intel(R) Core(TM) i5-4200H CPU @ 2.80GHz
stepping	: 3
microcode	: 0x1c
cpu MHz		: 3299.953
cache size	: 3072 KB
physical id	: 0
siblings	: 4
core id		: 1
cpu cores	: 2
apicid		: 3
initial apicid	: 3
fpu		: yes
fpu_exception	: yes
cpuid level	: 13
wp		: yes
flags		: fpu vme de pse tsc msr pae mce cx8 apic sep mtrr pge mca cmov pat pse36 clflush dts acpi mmx fxsr sse sse2 ss ht tm pbe syscall nx pdpe1gb rdtscp lm constant_tsc arch_perfmon pebs bts rep_good nopl xtopology nonstop_tsc aperfmperf eagerfpu pni pclmulqdq dtes64 monitor ds_cpl vmx est tm2 ssse3 sdbg fma cx16 xtpr pdcm pcid sse4_1 sse4_2 x2apic movbe popcnt tsc_deadline_timer aes xsave avx f16c rdrand lahf_lm abm epb invpcid_single retpoline kaiser tpr_shadow vnmi flexpriority ept vpid fsgsbase tsc_adjust bmi1 avx2 smep bmi2 erms invpcid xsaveopt dtherm ida arat pln pts
bugs		: cpu_meltdown spectre_v1 spectre_v2
bogomips	: 5586.62
clflush size	: 64
cache_alignment	: 64
address sizes	: 39 bits physical, 48 bits virtual
power management:



Memory: 4k page, physical 8061736k(5215604k free), swap 15999484k(15999484k free)

vm_info: Java HotSpot(TM) 64-Bit Server VM (25.161-b12) for linux-amd64 JRE (1.8.0_161-b12), built on Dec 19 2017 16:12:43 by "java_re" with gcc 4.3.0 20080428 (Red Hat 4.3.0-8)

time: Sun Jun  3 23:34:44 2018
elapsed time: 6964 seconds (0d 1h 56m 4s)

