#
# A fatal error has been detected by the Java Runtime Environment:
#
#  SIGSEGV (0xb) at pc=0x00007f31683e26fa, pid=32633, tid=0x00007f315aa13700
#
# JRE version: Java(TM) SE Runtime Environment (8.0_161-b12) (build 1.8.0_161-b12)
# Java VM: Java HotSpot(TM) 64-Bit Server VM (25.161-b12 mixed mode linux-amd64 compressed oops)
# Problematic frame:
# v  ~BufferBlob::jni_fast_GetLongField
#
# Failed to write core dump. Core dumps have been disabled. To enable core dumping, try "ulimit -c unlimited" before starting Java again
#
# If you would like to submit a bug report, please visit:
#   http://bugreport.java.com/bugreport/crash.jsp
# The crash happened outside the Java Virtual Machine in native code.
# See problematic frame for where to report the bug.
#

---------------  T H R E A D  ---------------

Current thread (0x00007f3178260000):  JavaThread "AWT-XAWT" daemon [_thread_in_native, id=32657, stack(0x00007f315a913000,0x00007f315aa14000)]

siginfo: si_signo: 11 (SIGSEGV), si_code: 1 (SEGV_MAPERR), si_addr: 0x0000000000000000

Registers:
RAX=0x00007f317d854b80, RBX=0x00007f31782601f8, RCX=0x00007f317e2bd2c0, RDX=0x0000000000000042
RSP=0x00007f315aa124e8, RBP=0x00007f315aa12510, RSI=0x0000000000000000, RDI=0x00007f31782601f8
R8 =0x00000000000001f4, R9 =0x0000000000000000, R10=0x0000000000000062, R11=0x0000000087d7c628
R12=0x00007f311002cfa0, R13=0x0000000000000000, R14=0x00007f316086a820, R15=0x00007f3178260000
RIP=0x00007f31683e26fa, EFLAGS=0x0000000000010246, CSGSFS=0x0000000000000033, ERR=0x0000000000000004
  TRAPNO=0x000000000000000e

Top of Stack: (sp=0x00007f315aa124e8)
0x00007f315aa124e8:   00007f3160649001 00000000200022ae
0x00007f315aa124f8:   00007f311002cfa0 0000000000000000
0x00007f315aa12508:   00007f315aa12590 0000000000000000
0x00007f315aa12518:   00007f316010c3c0 00000000200022ae
0x00007f315aa12528:   00007f315aa12550 0000000000000000
0x00007f315aa12538:   00007f3160103f93 0000000000000000
0x00007f315aa12548:   00007f316064223f 00007f315aa125a0
0x00007f315aa12558:   00007f3168a436f6 0000000100000001
0x00007f315aa12568:   0000000000000007 00007f3163196938
0x00007f315aa12578:   00000000df20adb0 0000000000000021
0x00007f315aa12588:   0000000000000021 0000000087d7c060
0x00007f315aa12598:   0000000000000202 0000000000000320
0x00007f315aa125a8:   00007f3168c5be94 0000000100029680
0x00007f315aa125b8:   df20b39800000000 00000000df20adb0
0x00007f315aa125c8:   00000000df128d58 0000000100011570
0x00007f315aa125d8:   000000010008e908 00000000df20b398
0x00007f315aa125e8:   0000000000400002 00000000df20b398
0x00007f315aa125f8:   00007f31683802bd 0000000000000000
0x00007f315aa12608:   0000000000000000 0000000000000021
0x00007f315aa12618:   0000000000000000 00007f315aa12680
0x00007f315aa12628:   00007f31683802bd deaddeaf00000000
0x00007f315aa12638:   00000000df128d58 00007f315aa12640
0x00007f315aa12648:   00007f3163196b05 00007f315aa12690
0x00007f315aa12658:   00007f316319fc70 0000000000000000
0x00007f315aa12668:   00007f3163196b10 00007f315aa12630
0x00007f315aa12678:   00007f315aa12690 00007f315aa126d8
0x00007f315aa12688:   00007f3168380302 00000000df128d58
0x00007f315aa12698:   00007f315aa12698 00007f3162d0e99b
0x00007f315aa126a8:   00007f315aa126e8 00007f3162d96268
0x00007f315aa126b8:   0000000000000000 00007f3162d0e9a8
0x00007f315aa126c8:   00007f315aa12690 00007f315aa126e8
0x00007f315aa126d8:   00007f315aa12750 00007f31683787a7 

Instructions: (pc=0x00007f31683e26fa)
0x00007f31683e26da:   00 00 00 00 00 00 44 8b 15 a1 1f 4b 15 4c 8b ce
0x00007f31683e26ea:   41 f6 c2 01 0f 85 2e 00 00 00 4d 33 ca 4d 33 ca
0x00007f31683e26fa:   4d 8b 09 4c 8b da 49 c1 eb 02 4b 8b 04 19 49 bb
0x00007f31683e270a:   88 46 89 7d 31 7f 00 00 4c 33 d8 4c 33 d8 45 3b 

Register to memory mapping:

RAX=0x00007f317d854b80: <offset 0xf90b80> in /usr/lib/jvm/java-8-oracle/jre/lib/amd64/server/libjvm.so at 0x00007f317c8c4000
RBX=0x00007f31782601f8 is an unknown value
RCX=0x00007f317e2bd2c0: <offset 0x2182c0> in /lib/x86_64-linux-gnu/libpthread.so.0 at 0x00007f317e0a5000
RDX=0x0000000000000042 is an unknown value
RSP=0x00007f315aa124e8 is pointing into the stack for thread: 0x00007f3178260000
RBP=0x00007f315aa12510 is pointing into the stack for thread: 0x00007f3178260000
RSI=0x0000000000000000 is an unknown value
RDI=0x00007f31782601f8 is an unknown value
R8 =0x00000000000001f4 is an unknown value
R9 =0x0000000000000000 is an unknown value
R10=0x0000000000000062 is an unknown value
R11=0x0000000087d7c628 is an oop
[I 
 - klass: {type array int}
 - length: 9
R12=0x00007f311002cfa0 is an unknown value
R13=0x0000000000000000 is an unknown value
R14=0x00007f316086a820: <offset 0x258820> in /usr/lib/jvm/java-8-oracle/jre/lib/amd64/libawt_xawt.so at 0x00007f3160612000
R15=0x00007f3178260000 is a thread


Stack: [0x00007f315a913000,0x00007f315aa14000],  sp=0x00007f315aa124e8,  free space=1021k
Native frames: (J=compiled Java code, j=interpreted, Vv=VM code, C=native code)
v  ~BufferBlob::jni_fast_GetLongField
C  [libX11.so.6+0x643c0]  _XimServerDestroy+0x70

Java frames: (J=compiled Java code, j=interpreted, Vv=VM code)
J 2187  sun.awt.X11.XlibWrapper.XFilterEvent(JJ)Z (0 bytes) @ 0x00007f3168a43684 [0x00007f3168a43640+0x44]
J 2804% C2 sun.awt.X11.XToolkit.run(Z)V (410 bytes) @ 0x00007f3168c5be94 [0x00007f3168c5ada0+0x10f4]
j  sun.awt.X11.XToolkit.run()V+5
j  java.lang.Thread.run()V+11
v  ~StubRoutines::call_stub

---------------  P R O C E S S  ---------------

Java Threads: ( => current thread )
  0x00007f3110032000 JavaThread "TimerQueue" daemon [_thread_blocked, id=32664, stack(0x00007f3158f4b000,0x00007f315904c000)]
  0x00007f317800a800 JavaThread "DestroyJavaVM" [_thread_blocked, id=32636, stack(0x00007f317e3c3000,0x00007f317e4c4000)]
  0x00007f3178514000 JavaThread "Laf-Widget fade tracker" [_thread_blocked, id=32663, stack(0x00007f315904c000,0x00007f315914d000)]
  0x00007f31782c9000 JavaThread "AWT-EventQueue-0" [_thread_blocked, id=32660, stack(0x00007f315a0cd000,0x00007f315a1ce000)]
  0x00007f31782c5800 JavaThread "AWT-Shutdown" [_thread_blocked, id=32659, stack(0x00007f315a5fb000,0x00007f315a6fc000)]
=>0x00007f3178260000 JavaThread "AWT-XAWT" daemon [_thread_in_native, id=32657, stack(0x00007f315a913000,0x00007f315aa14000)]
  0x00007f3178248800 JavaThread "Java2D Disposer" daemon [_thread_blocked, id=32656, stack(0x00007f315ae24000,0x00007f315af25000)]
  0x00007f31780e7000 JavaThread "Service Thread" daemon [_thread_blocked, id=32654, stack(0x00007f3160cf6000,0x00007f3160df7000)]
  0x00007f31780e4000 JavaThread "C1 CompilerThread2" daemon [_thread_blocked, id=32653, stack(0x00007f3160df7000,0x00007f3160ef8000)]
  0x00007f31780d2000 JavaThread "C2 CompilerThread1" daemon [_thread_blocked, id=32652, stack(0x00007f3160ef8000,0x00007f3160ff9000)]
  0x00007f31780cf800 JavaThread "C2 CompilerThread0" daemon [_thread_blocked, id=32651, stack(0x00007f3160ff9000,0x00007f31610fa000)]
  0x00007f31780c5000 JavaThread "Signal Dispatcher" daemon [_thread_in_vm, id=32650, stack(0x00007f31610fa000,0x00007f31611fb000)]
  0x00007f3178084800 JavaThread "Finalizer" daemon [_thread_blocked, id=32649, stack(0x00007f3161844000,0x00007f3161945000)]
  0x00007f3178080000 JavaThread "Reference Handler" daemon [_thread_blocked, id=32648, stack(0x00007f3161945000,0x00007f3161a46000)]

Other Threads:
  0x00007f3178078800 VMThread [stack: 0x00007f3161a46000,0x00007f3161b47000] [id=32647]
  0x00007f31780ec000 WatcherThread [stack: 0x00007f3160bf5000,0x00007f3160cf6000] [id=32655]

VM state:not at safepoint (normal execution)

VM Mutex/Monitor currently owned by a thread: None

Heap:
 PSYoungGen      total 132096K, used 97723K [0x00000000d6f80000, 0x00000000df580000, 0x0000000100000000)
  eden space 126976K, 73% used [0x00000000d6f80000,0x00000000dca93ab0,0x00000000deb80000)
  from space 5120K, 87% used [0x00000000df080000,0x00000000df4db1e8,0x00000000df580000)
  to   space 5120K, 0% used [0x00000000deb80000,0x00000000deb80000,0x00000000df080000)
 ParOldGen       total 84992K, used 50177K [0x0000000084e00000, 0x000000008a100000, 0x00000000d6f80000)
  object space 84992K, 59% used [0x0000000084e00000,0x0000000087f005f0,0x000000008a100000)
 Metaspace       used 20015K, capacity 20308K, committed 20480K, reserved 1067008K
  class space    used 2461K, capacity 2554K, committed 2560K, reserved 1048576K

Card table byte_map: [0x00007f3167bde000,0x00007f3167fb8000] byte_map_base: 0x00007f31677b7000

Marking Bits: (ParMarkBitMap*) 0x00007f317d893920
 Begin Bits: [0x00007f31638ba000, 0x00007f3165782000)
 End Bits:   [0x00007f3165782000, 0x00007f316764a000)

Polling page: 0x00007f317e4e6000

CodeCache: size=245760Kb used=9085Kb max_used=9113Kb free=236674Kb
 bounds [0x00007f3168378000, 0x00007f3168c68000, 0x00007f3177378000]
 total_blobs=3453 nmethods=2804 adapters=561
 compilation: enabled

Compilation events (10 events):
Event: 15601.460 Thread 0x00007f31780cf800 2800       4       sun.awt.X11.XDropTargetEventProcessor::processEvent (18 bytes)
Event: 15601.475 Thread 0x00007f31780cf800 nmethod 2800 0x00007f3168c1d5d0 code [0x00007f3168c1d720, 0x00007f3168c1d7c8]
Event: 15890.668 Thread 0x00007f31780d2000 2801       4       sun.awt.X11.XAnyEvent::get_window (20 bytes)
Event: 15890.670 Thread 0x00007f31780d2000 nmethod 2801 0x00007f3168c1ea90 code [0x00007f3168c1ec00, 0x00007f3168c1edb8]
Event: 23130.932 Thread 0x00007f31780e4000 2802 % !   3       sun.awt.X11.XToolkit::run @ 59 (410 bytes)
Event: 23131.627 Thread 0x00007f31780e4000 nmethod 2802% 0x00007f3168c41e90 code [0x00007f3168c42860, 0x00007f3168c4a1d8]
Event: 23567.074 Thread 0x00007f31780e4000 2803   !   3       sun.awt.X11.XToolkit::run (410 bytes)
Event: 23567.110 Thread 0x00007f31780e4000 nmethod 2803 0x00007f3168c4eed0 code [0x00007f3168c4f880, 0x00007f3168c55c38]
Event: 42948.368 Thread 0x00007f31780d2000 2804 % !   4       sun.awt.X11.XToolkit::run @ 59 (410 bytes)
Event: 42948.719 Thread 0x00007f31780d2000 nmethod 2804% 0x00007f3168c5a650 code [0x00007f3168c5ada0, 0x00007f3168c5f2e0]

GC Heap History (8 events):
Event: 0.611 GC heap before
{Heap before GC invocations=1 (full 0):
 PSYoungGen      total 36864K, used 26619K [0x00000000d6f80000, 0x00000000d9880000, 0x0000000100000000)
  eden space 31744K, 83% used [0x00000000d6f80000,0x00000000d897ec00,0x00000000d8e80000)
  from space 5120K, 0% used [0x00000000d9380000,0x00000000d9380000,0x00000000d9880000)
  to   space 5120K, 0% used [0x00000000d8e80000,0x00000000d8e80000,0x00000000d9380000)
 ParOldGen       total 84992K, used 0K [0x0000000084e00000, 0x000000008a100000, 0x00000000d6f80000)
  object space 84992K, 0% used [0x0000000084e00000,0x0000000084e00000,0x000000008a100000)
 Metaspace       used 12976K, capacity 13218K, committed 13312K, reserved 1060864K
  class space    used 1615K, capacity 1700K, committed 1792K, reserved 1048576K
Event: 0.627 GC heap after
Heap after GC invocations=1 (full 0):
 PSYoungGen      total 36864K, used 4069K [0x00000000d6f80000, 0x00000000db780000, 0x0000000100000000)
  eden space 31744K, 0% used [0x00000000d6f80000,0x00000000d6f80000,0x00000000d8e80000)
  from space 5120K, 79% used [0x00000000d8e80000,0x00000000d9279428,0x00000000d9380000)
  to   space 5120K, 0% used [0x00000000db280000,0x00000000db280000,0x00000000db780000)
 ParOldGen       total 84992K, used 24316K [0x0000000084e00000, 0x000000008a100000, 0x00000000d6f80000)
  object space 84992K, 28% used [0x0000000084e00000,0x00000000865bf030,0x000000008a100000)
 Metaspace       used 12976K, capacity 13218K, committed 13312K, reserved 1060864K
  class space    used 1615K, capacity 1700K, committed 1792K, reserved 1048576K
}
Event: 0.767 GC heap before
{Heap before GC invocations=2 (full 0):
 PSYoungGen      total 36864K, used 34451K [0x00000000d6f80000, 0x00000000db780000, 0x0000000100000000)
  eden space 31744K, 95% used [0x00000000d6f80000,0x00000000d8d2b9e8,0x00000000d8e80000)
  from space 5120K, 79% used [0x00000000d8e80000,0x00000000d9279428,0x00000000d9380000)
  to   space 5120K, 0% used [0x00000000db280000,0x00000000db280000,0x00000000db780000)
 ParOldGen       total 84992K, used 24316K [0x0000000084e00000, 0x000000008a100000, 0x00000000d6f80000)
  object space 84992K, 28% used [0x0000000084e00000,0x00000000865bf030,0x000000008a100000)
 Metaspace       used 13110K, capacity 13346K, committed 13568K, reserved 1060864K
  class space    used 1626K, capacity 1700K, committed 1792K, reserved 1048576K
Event: 0.776 GC heap after
Heap after GC invocations=2 (full 0):
 PSYoungGen      total 68608K, used 2962K [0x00000000d6f80000, 0x00000000db780000, 0x0000000100000000)
  eden space 63488K, 0% used [0x00000000d6f80000,0x00000000d6f80000,0x00000000dad80000)
  from space 5120K, 57% used [0x00000000db280000,0x00000000db564b60,0x00000000db780000)
  to   space 5120K, 0% used [0x00000000dad80000,0x00000000dad80000,0x00000000db280000)
 ParOldGen       total 84992K, used 48624K [0x0000000084e00000, 0x000000008a100000, 0x00000000d6f80000)
  object space 84992K, 57% used [0x0000000084e00000,0x0000000087d7c060,0x000000008a100000)
 Metaspace       used 13110K, capacity 13346K, committed 13568K, reserved 1060864K
  class space    used 1626K, capacity 1700K, committed 1792K, reserved 1048576K
}
Event: 5851.383 GC heap before
{Heap before GC invocations=3 (full 0):
 PSYoungGen      total 68608K, used 66450K [0x00000000d6f80000, 0x00000000db780000, 0x0000000100000000)
  eden space 63488K, 100% used [0x00000000d6f80000,0x00000000dad80000,0x00000000dad80000)
  from space 5120K, 57% used [0x00000000db280000,0x00000000db564b60,0x00000000db780000)
  to   space 5120K, 0% used [0x00000000dad80000,0x00000000dad80000,0x00000000db280000)
 ParOldGen       total 84992K, used 48624K [0x0000000084e00000, 0x000000008a100000, 0x00000000d6f80000)
  object space 84992K, 57% used [0x0000000084e00000,0x0000000087d7c060,0x000000008a100000)
 Metaspace       used 20009K, capacity 20308K, committed 20480K, reserved 1067008K
  class space    used 2461K, capacity 2554K, committed 2560K, reserved 1048576K
Event: 5851.390 GC heap after
Heap after GC invocations=3 (full 0):
 PSYoungGen      total 68608K, used 5114K [0x00000000d6f80000, 0x00000000df580000, 0x0000000100000000)
  eden space 63488K, 0% used [0x00000000d6f80000,0x00000000d6f80000,0x00000000dad80000)
  from space 5120K, 99% used [0x00000000dad80000,0x00000000db27e9c8,0x00000000db280000)
  to   space 5120K, 0% used [0x00000000df080000,0x00000000df080000,0x00000000df580000)
 ParOldGen       total 84992K, used 50169K [0x0000000084e00000, 0x000000008a100000, 0x00000000d6f80000)
  object space 84992K, 59% used [0x0000000084e00000,0x0000000087efe5f0,0x000000008a100000)
 Metaspace       used 20009K, capacity 20308K, committed 20480K, reserved 1067008K
  class space    used 2461K, capacity 2554K, committed 2560K, reserved 1048576K
}
Event: 29783.627 GC heap before
{Heap before GC invocations=4 (full 0):
 PSYoungGen      total 68608K, used 68602K [0x00000000d6f80000, 0x00000000df580000, 0x0000000100000000)
  eden space 63488K, 100% used [0x00000000d6f80000,0x00000000dad80000,0x00000000dad80000)
  from space 5120K, 99% used [0x00000000dad80000,0x00000000db27e9c8,0x00000000db280000)
  to   space 5120K, 0% used [0x00000000df080000,0x00000000df080000,0x00000000df580000)
 ParOldGen       total 84992K, used 50169K [0x0000000084e00000, 0x000000008a100000, 0x00000000d6f80000)
  object space 84992K, 59% used [0x0000000084e00000,0x0000000087efe5f0,0x000000008a100000)
 Metaspace       used 20014K, capacity 20308K, committed 20480K, reserved 1067008K
  class space    used 2461K, capacity 2554K, committed 2560K, reserved 1048576K
Event: 29787.670 GC heap after
Heap after GC invocations=4 (full 0):
 PSYoungGen      total 132096K, used 4460K [0x00000000d6f80000, 0x00000000df580000, 0x0000000100000000)
  eden space 126976K, 0% used [0x00000000d6f80000,0x00000000d6f80000,0x00000000deb80000)
  from space 5120K, 87% used [0x00000000df080000,0x00000000df4db1e8,0x00000000df580000)
  to   space 5120K, 0% used [0x00000000deb80000,0x00000000deb80000,0x00000000df080000)
 ParOldGen       total 84992K, used 50177K [0x0000000084e00000, 0x000000008a100000, 0x00000000d6f80000)
  object space 84992K, 59% used [0x0000000084e00000,0x0000000087f005f0,0x000000008a100000)
 Metaspace       used 20014K, capacity 20308K, committed 20480K, reserved 1067008K
  class space    used 2461K, capacity 2554K, committed 2560K, reserved 1048576K
}

Deoptimization events (10 events):
Event: 2.279 Thread 0x00007f31782c9000 Uncommon trap: reason=unstable_if action=reinterpret pc=0x00007f316881ee34 method=javax.swing.UIDefaults.getFromHashtable(Ljava/lang/Object;)Ljava/lang/Object; @ 17
Event: 2.316 Thread 0x00007f31782c9000 Uncommon trap: reason=bimorphic action=maybe_recompile pc=0x00007f31687e7bd0 method=java.util.Hashtable.get(Ljava/lang/Object;)Ljava/lang/Object; @ 45
Event: 3.206 Thread 0x00007f3178260000 Uncommon trap: reason=bimorphic action=maybe_recompile pc=0x00007f31689a97f8 method=java.util.Hashtable.put(Ljava/lang/Object;Ljava/lang/Object;)Ljava/lang/Object; @ 60
Event: 3.206 Thread 0x00007f3178260000 Uncommon trap: reason=bimorphic action=maybe_recompile pc=0x00007f31689a97f8 method=java.util.Hashtable.put(Ljava/lang/Object;Ljava/lang/Object;)Ljava/lang/Object; @ 60
Event: 3.206 Thread 0x00007f3178260000 Uncommon trap: reason=bimorphic action=maybe_recompile pc=0x00007f31689a97f8 method=java.util.Hashtable.put(Ljava/lang/Object;Ljava/lang/Object;)Ljava/lang/Object; @ 60
Event: 3.206 Thread 0x00007f3178260000 Uncommon trap: reason=bimorphic action=maybe_recompile pc=0x00007f31689a97f8 method=java.util.Hashtable.put(Ljava/lang/Object;Ljava/lang/Object;)Ljava/lang/Object; @ 60
Event: 3.207 Thread 0x00007f3178260000 Uncommon trap: reason=bimorphic action=maybe_recompile pc=0x00007f31687e7bd0 method=java.util.Hashtable.get(Ljava/lang/Object;)Ljava/lang/Object; @ 45
Event: 3.207 Thread 0x00007f3178260000 Uncommon trap: reason=bimorphic action=maybe_recompile pc=0x00007f31687e7bd0 method=java.util.Hashtable.get(Ljava/lang/Object;)Ljava/lang/Object; @ 45
Event: 8.563 Thread 0x00007f31782c9000 Uncommon trap: reason=unstable_if action=reinterpret pc=0x00007f3168b7cb14 method=sun.awt.geom.Curve.pointCrossingsForQuad(DDDDDDDDI)I @ 41
Event: 8.859 Thread 0x00007f31782c9000 Uncommon trap: reason=unstable_if action=reinterpret pc=0x00007f31685e10a0 method=sun.nio.cs.UTF_8$Encoder.encode([CII[B)I @ 33

Classes redefined (0 events):
No events

Internal exceptions (10 events):
Event: 0.167 Thread 0x00007f317800a800 Exception <a 'java/io/FileNotFoundException'> (0x00000000d72a1628) thrown at [/HUDSON/workspace/8-2-build-linux-amd64/jdk8u161/10277/hotspot/src/share/vm/prims/jni.cpp, line 709]
Event: 0.167 Thread 0x00007f317800a800 Exception <a 'java/io/FileNotFoundException'> (0x00000000d72a1f50) thrown at [/HUDSON/workspace/8-2-build-linux-amd64/jdk8u161/10277/hotspot/src/share/vm/prims/jni.cpp, line 709]
Event: 0.513 Thread 0x00007f317800a800 Exception <a 'java/io/FileNotFoundException'> (0x00000000d852cff8) thrown at [/HUDSON/workspace/8-2-build-linux-amd64/jdk8u161/10277/hotspot/src/share/vm/prims/jni.cpp, line 709]
Event: 0.812 Thread 0x00007f317800a800 Implicit null exception at 0x00007f316861f4b5 to 0x00007f316861f865
Event: 0.813 Thread 0x00007f317800a800 Implicit null exception at 0x00007f31685fe2f6 to 0x00007f31685fe6a9
Event: 0.990 Thread 0x00007f317800a800 Implicit null exception at 0x00007f31686ef42c to 0x00007f31686f1391
Event: 1.251 Thread 0x00007f31782c9000 Exception <a 'java/lang/UnsupportedOperationException': > (0x00000000d8d9d1e0) thrown at [/HUDSON/workspace/8-2-build-linux-amd64/jdk8u161/10277/hotspot/src/share/vm/prims/jni.cpp, line 735]
Event: 2.417 Thread 0x00007f31782c9000 Exception <a 'java/lang/UnsupportedOperationException': > (0x00000000d954c548) thrown at [/HUDSON/workspace/8-2-build-linux-amd64/jdk8u161/10277/hotspot/src/share/vm/prims/jni.cpp, line 735]
Event: 8.860 Thread 0x00007f31782c9000 Exception <a 'java/util/IllegalFormatConversionException'> (0x00000000d9b30ca8) thrown at [/HUDSON/workspace/8-2-build-linux-amd64/jdk8u161/10277/hotspot/src/share/vm/prims/jvm.cpp, line 1394]
Event: 8.860 Thread 0x00007f31782c9000 Exception <a 'java/util/IllegalFormatConversionException'> (0x00000000d9b30ca8) thrown at [/HUDSON/workspace/8-2-build-linux-amd64/jdk8u161/10277/hotspot/src/share/vm/prims/jvm.cpp, line 1394]

Events (10 events):
Event: 5851.392 Executing VM operation: RevokeBias
Event: 5851.392 Executing VM operation: RevokeBias done
Event: 5851.392 Executing VM operation: RevokeBias
Event: 5851.392 Executing VM operation: RevokeBias done
Event: 5851.393 Executing VM operation: RevokeBias
Event: 5851.393 Executing VM operation: RevokeBias done
Event: 29783.426 Executing VM operation: ParallelGCFailedAllocation
Event: 29787.671 Executing VM operation: ParallelGCFailedAllocation done
Event: 47048.915 Thread 0x00007f3178260000 DEOPT PACKING pc=0x00007f3168c48193 sp=0x00007f315aa12450
Event: 47048.915 Thread 0x00007f3178260000 DEOPT UNPACKING pc=0x00007f31683bf784 sp=0x00007f315aa12310 mode 0


Dynamic libraries:
00400000-00401000 r-xp 00000000 08:06 1316786                            /usr/lib/jvm/java-8-oracle/bin/java
00600000-00601000 rw-p 00000000 08:06 1316786                            /usr/lib/jvm/java-8-oracle/bin/java
00f69000-00f8a000 rw-p 00000000 00:00 0                                  [heap]
84e00000-8a100000 rw-p 00000000 00:00 0 
8a100000-d6f80000 ---p 00000000 00:00 0 
d6f80000-df580000 rw-p 00000000 00:00 0 
df580000-100000000 ---p 00000000 00:00 0 
100000000-100280000 rw-p 00000000 00:00 0 
100280000-140000000 ---p 00000000 00:00 0 
7f3108000000-7f310828f000 rw-p 00000000 00:00 0 
7f310828f000-7f310c000000 ---p 00000000 00:00 0 
7f310c000000-7f310c021000 rw-p 00000000 00:00 0 
7f310c021000-7f3110000000 ---p 00000000 00:00 0 
7f3110000000-7f311009e000 rw-p 00000000 00:00 0 
7f311009e000-7f3114000000 ---p 00000000 00:00 0 
7f3114000000-7f3114084000 rw-p 00000000 00:00 0 
7f3114084000-7f3118000000 ---p 00000000 00:00 0 
7f3118000000-7f311802d000 rw-p 00000000 00:00 0 
7f311802d000-7f311c000000 ---p 00000000 00:00 0 
7f311c000000-7f311c030000 rw-p 00000000 00:00 0 
7f311c030000-7f3120000000 ---p 00000000 00:00 0 
7f3120fff000-7f3124000000 rw-p 00000000 00:00 0 
7f3124000000-7f3124021000 rw-p 00000000 00:00 0 
7f3124021000-7f3128000000 ---p 00000000 00:00 0 
7f3128000000-7f3128021000 rw-p 00000000 00:00 0 
7f3128021000-7f312c000000 ---p 00000000 00:00 0 
7f312c000000-7f312c4f4000 rw-p 00000000 00:00 0 
7f312c4f4000-7f3130000000 ---p 00000000 00:00 0 
7f3130000000-7f3130021000 rw-p 00000000 00:00 0 
7f3130021000-7f3134000000 ---p 00000000 00:00 0 
7f3134000000-7f31343f6000 rw-p 00000000 00:00 0 
7f31343f6000-7f3138000000 ---p 00000000 00:00 0 
7f3138000000-7f3138eda000 rw-p 00000000 00:00 0 
7f3138eda000-7f313c000000 ---p 00000000 00:00 0 
7f313c000000-7f313c021000 rw-p 00000000 00:00 0 
7f313c021000-7f3140000000 ---p 00000000 00:00 0 
7f3140000000-7f3140021000 rw-p 00000000 00:00 0 
7f3140021000-7f3144000000 ---p 00000000 00:00 0 
7f3144000000-7f3144021000 rw-p 00000000 00:00 0 
7f3144021000-7f3148000000 ---p 00000000 00:00 0 
7f3148000000-7f3148021000 rw-p 00000000 00:00 0 
7f3148021000-7f314c000000 ---p 00000000 00:00 0 
7f314c000000-7f314c021000 rw-p 00000000 00:00 0 
7f314c021000-7f3150000000 ---p 00000000 00:00 0 
7f3150000000-7f3150021000 rw-p 00000000 00:00 0 
7f3150021000-7f3154000000 ---p 00000000 00:00 0 
7f3154000000-7f3154021000 rw-p 00000000 00:00 0 
7f3154021000-7f3158000000 ---p 00000000 00:00 0 
7f3158d4b000-7f3158ecb000 rw-p 00000000 00:00 0 
7f3158ecb000-7f3158f4b000 ---p 00000000 00:00 0 
7f3158f4b000-7f3158f4e000 ---p 00000000 00:00 0 
7f3158f4e000-7f315904c000 rw-p 00000000 00:00 0 
7f315904c000-7f315904f000 ---p 00000000 00:00 0 
7f315904f000-7f315914d000 rw-p 00000000 00:00 0 
7f315914d000-7f3159158000 r--s 00000000 08:06 525020                     /var/cache/fontconfig/945677eb7aeaf62f1d50efc3fb3ec7d8-le64.cache-6
7f3159158000-7f3159161000 r--s 00000000 08:06 524900                     /var/cache/fontconfig/a6d8cf8e4ec09cdbc8633c31745a07dd-le64.cache-6
7f3159161000-7f3159167000 r--s 00000000 08:06 524899                     /var/cache/fontconfig/2cd17615ca594fa2959ae173292e504c-le64.cache-6
7f315924e000-7f3159261000 r--s 00345000 08:06 1318554                    /usr/lib/jvm/java-8-oracle/jre/lib/resources.jar
7f3159261000-7f3159461000 rw-p 00000000 00:00 0 
7f3159461000-7f315953a000 r-xp 00000000 08:06 1318707                    /usr/lib/jvm/java-8-oracle/jre/lib/amd64/libmlib_image.so
7f315953a000-7f315973a000 ---p 000d9000 08:06 1318707                    /usr/lib/jvm/java-8-oracle/jre/lib/amd64/libmlib_image.so
7f315973a000-7f315973b000 rw-p 000d9000 08:06 1318707                    /usr/lib/jvm/java-8-oracle/jre/lib/amd64/libmlib_image.so
7f315973b000-7f31597a5000 r-xp 00000000 08:06 1318701                    /usr/lib/jvm/java-8-oracle/jre/lib/amd64/libt2k.so
7f31597a5000-7f31599a4000 ---p 0006a000 08:06 1318701                    /usr/lib/jvm/java-8-oracle/jre/lib/amd64/libt2k.so
7f31599a4000-7f31599ab000 rw-p 00069000 08:06 1318701                    /usr/lib/jvm/java-8-oracle/jre/lib/amd64/libt2k.so
7f31599ab000-7f3159bbb000 rw-p 00000000 00:00 0 
7f3159bbb000-7f3159bbe000 ---p 00000000 00:00 0 
7f3159bbe000-7f3159ebc000 rw-p 00000000 00:00 0 
7f3159ebc000-7f3159ecd000 r-xp 00000000 08:06 1318741                    /usr/lib/jvm/java-8-oracle/jre/lib/amd64/libnio.so
7f3159ecd000-7f315a0cc000 ---p 00011000 08:06 1318741                    /usr/lib/jvm/java-8-oracle/jre/lib/amd64/libnio.so
7f315a0cc000-7f315a0cd000 rw-p 00010000 08:06 1318741                    /usr/lib/jvm/java-8-oracle/jre/lib/amd64/libnio.so
7f315a0cd000-7f315a0d0000 ---p 00000000 00:00 0 
7f315a0d0000-7f315a1ce000 rw-p 00000000 00:00 0 
7f315a1ce000-7f315a1f8000 r-xp 00000000 08:06 1318687                    /usr/lib/jvm/java-8-oracle/jre/lib/amd64/libdcpr.so
7f315a1f8000-7f315a3f8000 ---p 0002a000 08:06 1318687                    /usr/lib/jvm/java-8-oracle/jre/lib/amd64/libdcpr.so
7f315a3f8000-7f315a3fb000 rw-p 0002a000 08:06 1318687                    /usr/lib/jvm/java-8-oracle/jre/lib/amd64/libdcpr.so
7f315a3fb000-7f315a5fb000 rw-p 00000000 00:00 0 
7f315a5fb000-7f315a5fe000 ---p 00000000 00:00 0 
7f315a5fe000-7f315a6fc000 rw-p 00000000 00:00 0 
7f315a6fc000-7f315a712000 r-xp 00000000 08:06 1318738                    /usr/lib/jvm/java-8-oracle/jre/lib/amd64/libnet.so
7f315a712000-7f315a912000 ---p 00016000 08:06 1318738                    /usr/lib/jvm/java-8-oracle/jre/lib/amd64/libnet.so
7f315a912000-7f315a913000 rw-p 00016000 08:06 1318738                    /usr/lib/jvm/java-8-oracle/jre/lib/amd64/libnet.so
7f315a913000-7f315a916000 ---p 00000000 00:00 0 
7f315a916000-7f315aa14000 rw-p 00000000 00:00 0 
7f315aa14000-7f315aa19000 r-xp 00000000 08:06 1320127                    /usr/lib/x86_64-linux-gnu/libXfixes.so.3.1.0
7f315aa19000-7f315ac18000 ---p 00005000 08:06 1320127                    /usr/lib/x86_64-linux-gnu/libXfixes.so.3.1.0
7f315ac18000-7f315ac19000 r--p 00004000 08:06 1320127                    /usr/lib/x86_64-linux-gnu/libXfixes.so.3.1.0
7f315ac19000-7f315ac1a000 rw-p 00005000 08:06 1320127                    /usr/lib/x86_64-linux-gnu/libXfixes.so.3.1.0
7f315ac1a000-7f315ac23000 r-xp 00000000 08:06 1330978                    /usr/lib/x86_64-linux-gnu/libXcursor.so.1.0.2
7f315ac23000-7f315ae22000 ---p 00009000 08:06 1330978                    /usr/lib/x86_64-linux-gnu/libXcursor.so.1.0.2
7f315ae22000-7f315ae23000 r--p 00008000 08:06 1330978                    /usr/lib/x86_64-linux-gnu/libXcursor.so.1.0.2
7f315ae23000-7f315ae24000 rw-p 00009000 08:06 1330978                    /usr/lib/x86_64-linux-gnu/libXcursor.so.1.0.2
7f315ae24000-7f315ae27000 ---p 00000000 00:00 0 
7f315ae27000-7f315af25000 rw-p 00000000 00:00 0 
7f315af25000-7f315af3b000 r-xp 00000000 08:06 1840150                    /lib/x86_64-linux-gnu/libgcc_s.so.1
7f315af3b000-7f315b13a000 ---p 00016000 08:06 1840150                    /lib/x86_64-linux-gnu/libgcc_s.so.1
7f315b13a000-7f315b13b000 rw-p 00015000 08:06 1840150                    /lib/x86_64-linux-gnu/libgcc_s.so.1
7f315b13b000-7f315b1a0000 r-xp 00000000 08:06 1318719                    /usr/lib/jvm/java-8-oracle/jre/lib/amd64/libfontmanager.so
7f315b1a0000-7f315b39f000 ---p 00065000 08:06 1318719                    /usr/lib/jvm/java-8-oracle/jre/lib/amd64/libfontmanager.so
7f315b39f000-7f315b3a4000 rw-p 00064000 08:06 1318719                    /usr/lib/jvm/java-8-oracle/jre/lib/amd64/libfontmanager.so
7f315b3a4000-7f315b3b4000 rw-p 00000000 00:00 0 
7f315b3b4000-7f315b3b9000 r-xp 00000000 08:06 1320123                    /usr/lib/x86_64-linux-gnu/libXdmcp.so.6.0.0
7f315b3b9000-7f315b5b8000 ---p 00005000 08:06 1320123                    /usr/lib/x86_64-linux-gnu/libXdmcp.so.6.0.0
7f315b5b8000-7f315b5b9000 r--p 00004000 08:06 1320123                    /usr/lib/x86_64-linux-gnu/libXdmcp.so.6.0.0
7f315b5b9000-7f315b5ba000 rw-p 00005000 08:06 1320123                    /usr/lib/x86_64-linux-gnu/libXdmcp.so.6.0.0
7f315b5ba000-7f315b5bc000 r-xp 00000000 08:06 1320112                    /usr/lib/x86_64-linux-gnu/libXau.so.6.0.0
7f315b5bc000-7f315b7bc000 ---p 00002000 08:06 1320112                    /usr/lib/x86_64-linux-gnu/libXau.so.6.0.0
7f315b7bc000-7f315b7bd000 r--p 00002000 08:06 1320112                    /usr/lib/x86_64-linux-gnu/libXau.so.6.0.0
7f315b7bd000-7f315b7be000 rw-p 00003000 08:06 1320112                    /usr/lib/x86_64-linux-gnu/libXau.so.6.0.0
7f315b7be000-7f315b7df000 r-xp 00000000 08:06 1321492                    /usr/lib/x86_64-linux-gnu/libxcb.so.1.1.0
7f315b7df000-7f315b9de000 ---p 00021000 08:06 1321492                    /usr/lib/x86_64-linux-gnu/libxcb.so.1.1.0
7f315b9de000-7f315b9df000 r--p 00020000 08:06 1321492                    /usr/lib/x86_64-linux-gnu/libxcb.so.1.1.0
7f315b9df000-7f315b9e0000 rw-p 00021000 08:06 1321492                    /usr/lib/x86_64-linux-gnu/libxcb.so.1.1.0
7f315b9e0000-7f315b9ef000 r-xp 00000000 08:06 1320133                    /usr/lib/x86_64-linux-gnu/libXi.so.6.1.0
7f315b9ef000-7f315bbee000 ---p 0000f000 08:06 1320133                    /usr/lib/x86_64-linux-gnu/libXi.so.6.1.0
7f315bbee000-7f315bbef000 r--p 0000e000 08:06 1320133                    /usr/lib/x86_64-linux-gnu/libXi.so.6.1.0
7f315bbef000-7f315bbf0000 rw-p 0000f000 08:06 1320133                    /usr/lib/x86_64-linux-gnu/libXi.so.6.1.0
7f315bbf0000-7f315bbf5000 r-xp 00000000 08:06 1320151                    /usr/lib/x86_64-linux-gnu/libXtst.so.6.1.0
7f315bbf5000-7f315bdf4000 ---p 00005000 08:06 1320151                    /usr/lib/x86_64-linux-gnu/libXtst.so.6.1.0
7f315bdf4000-7f315bdf5000 r--p 00004000 08:06 1320151                    /usr/lib/x86_64-linux-gnu/libXtst.so.6.1.0
7f315bdf5000-7f315bdf6000 rw-p 00005000 08:06 1320151                    /usr/lib/x86_64-linux-gnu/libXtst.so.6.1.0
7f315bdf6000-7f315bdff000 r-xp 00000000 08:06 1320145                    /usr/lib/x86_64-linux-gnu/libXrender.so.1.3.0
7f315bdff000-7f315bffe000 ---p 00009000 08:06 1320145                    /usr/lib/x86_64-linux-gnu/libXrender.so.1.3.0
7f315bffe000-7f315bfff000 r--p 00008000 08:06 1320145                    /usr/lib/x86_64-linux-gnu/libXrender.so.1.3.0
7f315bfff000-7f315c000000 rw-p 00009000 08:06 1320145                    /usr/lib/x86_64-linux-gnu/libXrender.so.1.3.0
7f315c000000-7f315c021000 rw-p 00000000 00:00 0 
7f315c021000-7f3160000000 ---p 00000000 00:00 0 
7f3160003000-7f3160005000 r--s 00000000 08:06 524904                     /var/cache/fontconfig/99e8ed0e538f840c565b6ed5dad60d56-le64.cache-6
7f3160005000-7f3160006000 r--s 00000000 08:06 524897                     /var/cache/fontconfig/0d8c3b2ac0904cb8a57a757ad11a4a08-le64.cache-6
7f3160006000-7f316001b000 r--s 00000000 08:06 524896                     /var/cache/fontconfig/04aabc0a78ac019cf9454389977116d2-le64.cache-6
7f316001b000-7f316001c000 r--s 00000000 08:06 524894                     /var/cache/fontconfig/1ac9eb803944fde146138c791f5cc56a-le64.cache-6
7f316001c000-7f3160020000 r--s 00000000 08:06 524893                     /var/cache/fontconfig/385c0604a188198f04d133e54aba7fe7-le64.cache-6
7f3160020000-7f3160023000 r--s 00000000 08:06 524884                     /var/cache/fontconfig/767a8244fc0220cfb567a839d0392e0b-le64.cache-6
7f3160023000-7f3160028000 r--s 00000000 08:06 524876                     /var/cache/fontconfig/8801497958630a81b71ace7c5f9b32a8-le64.cache-6
7f3160028000-7f316002f000 r--s 00000000 08:06 524865                     /var/cache/fontconfig/3047814df9a2f067bd2d96a2b9c36e5a-le64.cache-6
7f316002f000-7f3160035000 r--s 00000000 08:06 524857                     /var/cache/fontconfig/b47c4e1ecd0709278f4910c18777a504-le64.cache-6
7f3160035000-7f316003d000 r--s 00000000 08:06 524833                     /var/cache/fontconfig/52f7bdb7ce746bfd7eaa1985bd9cfa93-le64.cache-6
7f316003d000-7f3160050000 r--s 00000000 08:06 524789                     /var/cache/fontconfig/d52a8644073d54c13679302ca1180695-le64.cache-6
7f3160050000-7f316005d000 r--s 00000000 08:06 524786                     /var/cache/fontconfig/089dead882dea3570ffc31a9898cfb69-le64.cache-6
7f316005d000-7f3160068000 r--s 00000000 08:06 524775                     /var/cache/fontconfig/83bf95040141907cd45bb53cf7c1c148-le64.cache-6
7f3160068000-7f316007a000 r--s 00000000 08:06 524402                     /var/cache/fontconfig/9b89f8e3dae116d678bbf48e5f21f69b-le64.cache-6
7f316007a000-7f3160087000 r--s 00000000 08:06 524755                     /var/cache/fontconfig/e13b20fdb08344e0e664864cc2ede53d-le64.cache-6
7f3160087000-7f31600a8000 r--p 00000000 08:06 2102430                    /usr/share/locale-langpack/zh_CN/LC_MESSAGES/libc.mo
7f31600a8000-7f31601dd000 r-xp 00000000 08:06 1320108                    /usr/lib/x86_64-linux-gnu/libX11.so.6.3.0
7f31601dd000-7f31603dd000 ---p 00135000 08:06 1320108                    /usr/lib/x86_64-linux-gnu/libX11.so.6.3.0
7f31603dd000-7f31603de000 r--p 00135000 08:06 1320108                    /usr/lib/x86_64-linux-gnu/libX11.so.6.3.0
7f31603de000-7f31603e2000 rw-p 00136000 08:06 1320108                    /usr/lib/x86_64-linux-gnu/libX11.so.6.3.0
7f31603e2000-7f31603f3000 r-xp 00000000 08:06 1320125                    /usr/lib/x86_64-linux-gnu/libXext.so.6.4.0
7f31603f3000-7f31605f2000 ---p 00011000 08:06 1320125                    /usr/lib/x86_64-linux-gnu/libXext.so.6.4.0
7f31605f2000-7f31605f3000 r--p 00010000 08:06 1320125                    /usr/lib/x86_64-linux-gnu/libXext.so.6.4.0
7f31605f3000-7f31605f4000 rw-p 00011000 08:06 1320125                    /usr/lib/x86_64-linux-gnu/libXext.so.6.4.0
7f31605f4000-7f31605f5000 r--s 00000000 08:06 524885                     /var/cache/fontconfig/dc05db6664285cc2f12bf69c139ae4c3-le64.cache-6
7f31605f5000-7f31605f6000 r--s 00000000 08:06 524882                     /var/cache/fontconfig/4794a0821666d79190d59a36cb4f44b5-le64.cache-6
7f31605f6000-7f31605f7000 r--s 00000000 08:06 524874                     /var/cache/fontconfig/bab58bb527bb656aaa9f116d68a48d89-le64.cache-6
7f31605f7000-7f31605f8000 r--s 00000000 08:06 524861                     /var/cache/fontconfig/56cf4f4769d0f4abc89a4895d7bd3ae1-le64.cache-6
7f31605f8000-7f31605f9000 r--s 00000000 08:06 524859                     /var/cache/fontconfig/b9d506c9ac06c20b433354fa67a72993-le64.cache-6
7f31605f9000-7f31605fa000 r--s 00000000 08:06 524788                     /var/cache/fontconfig/551ecf3b0e8b0bca0f25c0944f561853-le64.cache-6
7f31605ff000-7f3160608000 rw-s 00000000 00:05 51806256                   /SYSV00000000 (deleted)
7f3160612000-7f3160666000 r-xp 00000000 08:06 1318750                    /usr/lib/jvm/java-8-oracle/jre/lib/amd64/libawt_xawt.so
7f3160666000-7f3160866000 ---p 00054000 08:06 1318750                    /usr/lib/jvm/java-8-oracle/jre/lib/amd64/libawt_xawt.so
7f3160866000-7f316086a000 rw-p 00054000 08:06 1318750                    /usr/lib/jvm/java-8-oracle/jre/lib/amd64/libawt_xawt.so
7f316086a000-7f316086b000 rw-p 00000000 00:00 0 
7f316086b000-7f316090d000 r-xp 00000000 08:06 1318731                    /usr/lib/jvm/java-8-oracle/jre/lib/amd64/libawt.so
7f316090d000-7f3160b0d000 ---p 000a2000 08:06 1318731                    /usr/lib/jvm/java-8-oracle/jre/lib/amd64/libawt.so
7f3160b0d000-7f3160b19000 rw-p 000a2000 08:06 1318731                    /usr/lib/jvm/java-8-oracle/jre/lib/amd64/libawt.so
7f3160b19000-7f3160b3d000 rw-p 00000000 00:00 0 
7f3160b3d000-7f3160b5f000 r--s 0019e000 08:09 7209441                    /home/xiaobear/eclipse/xiaobear_java/jq/3rdLibs/substance.jar
7f3160b5f000-7f3160bf5000 r--s 0110a000 08:06 1318578                    /usr/lib/jvm/java-8-oracle/jre/lib/ext/jfxrt.jar
7f3160bf5000-7f3160bf6000 ---p 00000000 00:00 0 
7f3160bf6000-7f3160cf6000 rw-p 00000000 00:00 0 
7f3160cf6000-7f3160cf9000 ---p 00000000 00:00 0 
7f3160cf9000-7f3160df7000 rw-p 00000000 00:00 0 
7f3160df7000-7f3160dfa000 ---p 00000000 00:00 0 
7f3160dfa000-7f3160ef8000 rw-p 00000000 00:00 0 
7f3160ef8000-7f3160efb000 ---p 00000000 00:00 0 
7f3160efb000-7f3160ff9000 rw-p 00000000 00:00 0 
7f3160ff9000-7f3160ffc000 ---p 00000000 00:00 0 
7f3160ffc000-7f31610fa000 rw-p 00000000 00:00 0 
7f31610fa000-7f31610fd000 ---p 00000000 00:00 0 
7f31610fd000-7f31611fb000 rw-p 00000000 00:00 0 
7f31611fb000-7f3161844000 r--p 00000000 08:06 1333138                    /usr/lib/locale/locale-archive
7f3161844000-7f3161847000 ---p 00000000 00:00 0 
7f3161847000-7f3161945000 rw-p 00000000 00:00 0 
7f3161945000-7f3161948000 ---p 00000000 00:00 0 
7f3161948000-7f3161a46000 rw-p 00000000 00:00 0 
7f3161a46000-7f3161a47000 ---p 00000000 00:00 0 
7f3161a47000-7f3162b08000 rw-p 00000000 00:00 0 
7f3162b08000-7f3162ce1000 r--s 03d64000 08:06 1318508                    /usr/lib/jvm/java-8-oracle/jre/lib/rt.jar
7f3162ce1000-7f316764a000 rw-p 00000000 00:00 0 
7f316764a000-7f316764b000 ---p 00000000 00:00 0 
7f316764b000-7f316774b000 rw-p 00000000 00:00 0 
7f316774b000-7f316774c000 ---p 00000000 00:00 0 
7f316774c000-7f316784c000 rw-p 00000000 00:00 0 
7f316784c000-7f316784d000 ---p 00000000 00:00 0 
7f316784d000-7f3167977000 rw-p 00000000 00:00 0 
7f3167977000-7f3167bde000 ---p 00000000 00:00 0 
7f3167bde000-7f3167c08000 rw-p 00000000 00:00 0 
7f3167c08000-7f3167e6e000 ---p 00000000 00:00 0 
7f3167e6e000-7f3167eb2000 rw-p 00000000 00:00 0 
7f3167eb2000-7f3167fb7000 ---p 00000000 00:00 0 
7f3167fb7000-7f3167fdc000 rw-p 00000000 00:00 0 
7f3167fdc000-7f3168378000 ---p 00000000 00:00 0 
7f3168378000-7f3168c68000 rwxp 00000000 00:00 0 
7f3168c68000-7f3177378000 ---p 00000000 00:00 0 
7f3177378000-7f3177393000 r-xp 00000000 08:06 1318734                    /usr/lib/jvm/java-8-oracle/jre/lib/amd64/libzip.so
7f3177393000-7f3177593000 ---p 0001b000 08:06 1318734                    /usr/lib/jvm/java-8-oracle/jre/lib/amd64/libzip.so
7f3177593000-7f3177594000 rw-p 0001b000 08:06 1318734                    /usr/lib/jvm/java-8-oracle/jre/lib/amd64/libzip.so
7f3177594000-7f317759f000 r-xp 00000000 08:06 1848168                    /lib/x86_64-linux-gnu/libnss_files-2.23.so
7f317759f000-7f317779e000 ---p 0000b000 08:06 1848168                    /lib/x86_64-linux-gnu/libnss_files-2.23.so
7f317779e000-7f317779f000 r--p 0000a000 08:06 1848168                    /lib/x86_64-linux-gnu/libnss_files-2.23.so
7f317779f000-7f31777a0000 rw-p 0000b000 08:06 1848168                    /lib/x86_64-linux-gnu/libnss_files-2.23.so
7f31777a0000-7f31777a6000 rw-p 00000000 00:00 0 
7f31777a6000-7f31777b1000 r-xp 00000000 08:06 1848172                    /lib/x86_64-linux-gnu/libnss_nis-2.23.so
7f31777b1000-7f31779b0000 ---p 0000b000 08:06 1848172                    /lib/x86_64-linux-gnu/libnss_nis-2.23.so
7f31779b0000-7f31779b1000 r--p 0000a000 08:06 1848172                    /lib/x86_64-linux-gnu/libnss_nis-2.23.so
7f31779b1000-7f31779b2000 rw-p 0000b000 08:06 1848172                    /lib/x86_64-linux-gnu/libnss_nis-2.23.so
7f31779b2000-7f31779c8000 r-xp 00000000 08:06 1848152                    /lib/x86_64-linux-gnu/libnsl-2.23.so
7f31779c8000-7f3177bc7000 ---p 00016000 08:06 1848152                    /lib/x86_64-linux-gnu/libnsl-2.23.so
7f3177bc7000-7f3177bc8000 r--p 00015000 08:06 1848152                    /lib/x86_64-linux-gnu/libnsl-2.23.so
7f3177bc8000-7f3177bc9000 rw-p 00016000 08:06 1848152                    /lib/x86_64-linux-gnu/libnsl-2.23.so
7f3177bc9000-7f3177bcb000 rw-p 00000000 00:00 0 
7f3177bcb000-7f3177bd3000 r-xp 00000000 08:06 1848163                    /lib/x86_64-linux-gnu/libnss_compat-2.23.so
7f3177bd3000-7f3177dd2000 ---p 00008000 08:06 1848163                    /lib/x86_64-linux-gnu/libnss_compat-2.23.so
7f3177dd2000-7f3177dd3000 r--p 00007000 08:06 1848163                    /lib/x86_64-linux-gnu/libnss_compat-2.23.so
7f3177dd3000-7f3177dd4000 rw-p 00008000 08:06 1848163                    /lib/x86_64-linux-gnu/libnss_compat-2.23.so
7f3177dd4000-7f3177dff000 r-xp 00000000 08:06 1318728                    /usr/lib/jvm/java-8-oracle/jre/lib/amd64/libjava.so
7f3177dff000-7f3177ffe000 ---p 0002b000 08:06 1318728                    /usr/lib/jvm/java-8-oracle/jre/lib/amd64/libjava.so
7f3177ffe000-7f3178000000 rw-p 0002a000 08:06 1318728                    /usr/lib/jvm/java-8-oracle/jre/lib/amd64/libjava.so
7f3178000000-7f317865e000 rw-p 00000000 00:00 0 
7f317865e000-7f317c000000 ---p 00000000 00:00 0 
7f317c000000-7f317c004000 r--s 00000000 08:06 524787                     /var/cache/fontconfig/d589a48862398ed80a3d6066f4f56f4c-le64.cache-6
7f317c004000-7f317c005000 r--s 00000000 08:06 524784                     /var/cache/fontconfig/30829fa25452a46451e813d634d7f916-le64.cache-6
7f317c005000-7f317c008000 r--s 00000000 08:06 524778                     /var/cache/fontconfig/75114ca45c98e8a441da0ff356701271-le64.cache-6
7f317c008000-7f317c00c000 r--s 00000000 08:06 524400                     /var/cache/fontconfig/7ef2298fde41cc6eeb7af42e48b7d293-le64.cache-6
7f317c00c000-7f317c0a3000 rw-p 00000000 00:00 0 
7f317c0a3000-7f317c0a4000 ---p 00000000 00:00 0 
7f317c0a4000-7f317c1a4000 rw-p 00000000 00:00 0 
7f317c1a4000-7f317c1b1000 r-xp 00000000 08:06 1318733                    /usr/lib/jvm/java-8-oracle/jre/lib/amd64/libverify.so
7f317c1b1000-7f317c3b1000 ---p 0000d000 08:06 1318733                    /usr/lib/jvm/java-8-oracle/jre/lib/amd64/libverify.so
7f317c3b1000-7f317c3b3000 rw-p 0000d000 08:06 1318733                    /usr/lib/jvm/java-8-oracle/jre/lib/amd64/libverify.so
7f317c3b3000-7f317c3ba000 r-xp 00000000 08:06 1848173                    /lib/x86_64-linux-gnu/librt-2.23.so
7f317c3ba000-7f317c5b9000 ---p 00007000 08:06 1848173                    /lib/x86_64-linux-gnu/librt-2.23.so
7f317c5b9000-7f317c5ba000 r--p 00006000 08:06 1848173                    /lib/x86_64-linux-gnu/librt-2.23.so
7f317c5ba000-7f317c5bb000 rw-p 00007000 08:06 1848173                    /lib/x86_64-linux-gnu/librt-2.23.so
7f317c5bb000-7f317c6c3000 r-xp 00000000 08:06 1848151                    /lib/x86_64-linux-gnu/libm-2.23.so
7f317c6c3000-7f317c8c2000 ---p 00108000 08:06 1848151                    /lib/x86_64-linux-gnu/libm-2.23.so
7f317c8c2000-7f317c8c3000 r--p 00107000 08:06 1848151                    /lib/x86_64-linux-gnu/libm-2.23.so
7f317c8c3000-7f317c8c4000 rw-p 00108000 08:06 1848151                    /lib/x86_64-linux-gnu/libm-2.23.so
7f317c8c4000-7f317d59d000 r-xp 00000000 08:06 1318711                    /usr/lib/jvm/java-8-oracle/jre/lib/amd64/server/libjvm.so
7f317d59d000-7f317d79c000 ---p 00cd9000 08:06 1318711                    /usr/lib/jvm/java-8-oracle/jre/lib/amd64/server/libjvm.so
7f317d79c000-7f317d875000 rw-p 00cd8000 08:06 1318711                    /usr/lib/jvm/java-8-oracle/jre/lib/amd64/server/libjvm.so
7f317d875000-7f317d8c1000 rw-p 00000000 00:00 0 
7f317d8c1000-7f317da81000 r-xp 00000000 08:06 1848155                    /lib/x86_64-linux-gnu/libc-2.23.so
7f317da81000-7f317dc81000 ---p 001c0000 08:06 1848155                    /lib/x86_64-linux-gnu/libc-2.23.so
7f317dc81000-7f317dc85000 r--p 001c0000 08:06 1848155                    /lib/x86_64-linux-gnu/libc-2.23.so
7f317dc85000-7f317dc87000 rw-p 001c4000 08:06 1848155                    /lib/x86_64-linux-gnu/libc-2.23.so
7f317dc87000-7f317dc8b000 rw-p 00000000 00:00 0 
7f317dc8b000-7f317dc8e000 r-xp 00000000 08:06 1848157                    /lib/x86_64-linux-gnu/libdl-2.23.so
7f317dc8e000-7f317de8d000 ---p 00003000 08:06 1848157                    /lib/x86_64-linux-gnu/libdl-2.23.so
7f317de8d000-7f317de8e000 r--p 00002000 08:06 1848157                    /lib/x86_64-linux-gnu/libdl-2.23.so
7f317de8e000-7f317de8f000 rw-p 00003000 08:06 1848157                    /lib/x86_64-linux-gnu/libdl-2.23.so
7f317de8f000-7f317dea5000 r-xp 00000000 08:06 1318328                    /usr/lib/jvm/java-8-oracle/lib/amd64/jli/libjli.so
7f317dea5000-7f317e0a4000 ---p 00016000 08:06 1318328                    /usr/lib/jvm/java-8-oracle/lib/amd64/jli/libjli.so
7f317e0a4000-7f317e0a5000 rw-p 00015000 08:06 1318328                    /usr/lib/jvm/java-8-oracle/lib/amd64/jli/libjli.so
7f317e0a5000-7f317e0bd000 r-xp 00000000 08:06 1848154                    /lib/x86_64-linux-gnu/libpthread-2.23.so
7f317e0bd000-7f317e2bc000 ---p 00018000 08:06 1848154                    /lib/x86_64-linux-gnu/libpthread-2.23.so
7f317e2bc000-7f317e2bd000 r--p 00017000 08:06 1848154                    /lib/x86_64-linux-gnu/libpthread-2.23.so
7f317e2bd000-7f317e2be000 rw-p 00018000 08:06 1848154                    /lib/x86_64-linux-gnu/libpthread-2.23.so
7f317e2be000-7f317e2c2000 rw-p 00000000 00:00 0 
7f317e2c2000-7f317e2e8000 r-xp 00000000 08:06 1848153                    /lib/x86_64-linux-gnu/ld-2.23.so
7f317e2e8000-7f317e2e9000 r--s 00000000 08:06 524783                     /var/cache/fontconfig/0c9eb80ebd1c36541ebe2852d3bb0c49-le64.cache-6
7f317e2e9000-7f317e2ee000 r--s 0009d000 08:06 1318573                    /usr/lib/jvm/java-8-oracle/jre/lib/jsse.jar
7f317e2ee000-7f317e2f8000 r--s 00116000 08:06 1318584                    /usr/lib/jvm/java-8-oracle/jre/lib/ext/localedata.jar
7f317e2f8000-7f317e3c3000 rw-p 00000000 00:00 0 
7f317e3c3000-7f317e3c6000 ---p 00000000 00:00 0 
7f317e3c6000-7f317e4c9000 rw-p 00000000 00:00 0 
7f317e4c9000-7f317e4d0000 r--s 00000000 08:06 1585521                    /usr/lib/x86_64-linux-gnu/gconv/gconv-modules.cache
7f317e4d0000-7f317e4d8000 r--s 0008a000 08:09 7210092                    /home/xiaobear/eclipse/xiaobear_java/jq/3rdLibs/protobuf-java-2.6.1.jar
7f317e4d8000-7f317e4dd000 r--s 002f9000 08:06 1318506                    /usr/lib/jvm/java-8-oracle/jre/lib/charsets.jar
7f317e4dd000-7f317e4e5000 rw-s 00000000 08:06 3284609                    /tmp/hsperfdata_xc/32633
7f317e4e5000-7f317e4e6000 rw-p 00000000 00:00 0 
7f317e4e6000-7f317e4e7000 r--p 00000000 00:00 0 
7f317e4e7000-7f317e4e8000 r--p 00025000 08:06 1848153                    /lib/x86_64-linux-gnu/ld-2.23.so
7f317e4e8000-7f317e4e9000 rw-p 00026000 08:06 1848153                    /lib/x86_64-linux-gnu/ld-2.23.so
7f317e4e9000-7f317e4ea000 rw-p 00000000 00:00 0 
7ffffade7000-7ffffae08000 rw-p 00000000 00:00 0                          [stack]
7ffffae5c000-7ffffae5f000 r--p 00000000 00:00 0                          [vvar]
7ffffae5f000-7ffffae61000 r-xp 00000000 00:00 0                          [vdso]
ffffffffff600000-ffffffffff601000 r-xp 00000000 00:00 0                  [vsyscall]

VM Arguments:
jvm_args: -Dfile.encoding=gbk 
java_command: client.ClientMain
java_class_path (initial): /home/xiaobear/eclipse/xiaobear_java/jq/bin:/home/xiaobear/eclipse/xiaobear_java/jq/3rdLibs/substance.jar:/home/xiaobear/eclipse/xiaobear_java/jq/3rdLibs/protobuf-java-2.6.1.jar
Launcher Type: SUN_STANDARD

Environment Variables:
JAVA_HOME=/usr/lib/jvm/java-8-oracle
PATH=/usr/local/sbin:/usr/local/bin:/usr/sbin:/usr/bin:/sbin:/bin:/usr/games:/usr/local/games:/snap/bin:/usr/lib/jvm/java-8-oracle/bin:/usr/lib/jvm/java-8-oracle/db/bin:/usr/lib/jvm/java-8-oracle/jre/bin
SHELL=/bin/bash
DISPLAY=:0

Signal Handlers:
SIGSEGV: [libjvm.so+0xad01e0], sa_mask[0]=11111111011111111101111111111110, sa_flags=SA_RESTART|SA_SIGINFO
SIGBUS: [libjvm.so+0xad01e0], sa_mask[0]=11111111011111111101111111111110, sa_flags=SA_RESTART|SA_SIGINFO
SIGFPE: [libjvm.so+0x927fb0], sa_mask[0]=11111111011111111101111111111110, sa_flags=SA_RESTART|SA_SIGINFO
SIGPIPE: [libjvm.so+0x927fb0], sa_mask[0]=11111111011111111101111111111110, sa_flags=SA_RESTART|SA_SIGINFO
SIGXFSZ: [libjvm.so+0x927fb0], sa_mask[0]=11111111011111111101111111111110, sa_flags=SA_RESTART|SA_SIGINFO
SIGILL: [libjvm.so+0x927fb0], sa_mask[0]=11111111011111111101111111111110, sa_flags=SA_RESTART|SA_SIGINFO
SIGUSR1: SIG_DFL, sa_mask[0]=00000000000000000000000000000000, sa_flags=none
SIGUSR2: [libjvm.so+0x9297f0], sa_mask[0]=00100000000000000000000000000000, sa_flags=SA_RESTART|SA_SIGINFO
SIGHUP: [libjvm.so+0x92abf0], sa_mask[0]=11111111011111111101111111111110, sa_flags=SA_RESTART|SA_SIGINFO
SIGINT: [libjvm.so+0x92abf0], sa_mask[0]=11111111011111111101111111111110, sa_flags=SA_RESTART|SA_SIGINFO
SIGTERM: [libjvm.so+0x92abf0], sa_mask[0]=11111111011111111101111111111110, sa_flags=SA_RESTART|SA_SIGINFO
SIGQUIT: [libjvm.so+0x92abf0], sa_mask[0]=11111111011111111101111111111110, sa_flags=SA_RESTART|SA_SIGINFO


---------------  S Y S T E M  ---------------

OS:DISTRIB_ID=Ubuntu
DISTRIB_RELEASE=16.04
DISTRIB_CODENAME=xenial
DISTRIB_DESCRIPTION="Ubuntu 16.04 LTS"

uname:Linux 4.4.0-121-generic #145-Ubuntu SMP Fri Apr 13 13:47:23 UTC 2018 x86_64
libc:glibc 2.23 NPTL 2.23 
rlimit: STACK 8192k, CORE 0k, NPROC 31174, NOFILE 1048576, AS infinity
load average:50.99 14.80 6.32

/proc/meminfo:
MemTotal:        8061736 kB
MemFree:         1657424 kB
MemAvailable:    1972160 kB
Buffers:           31688 kB
Cached:           466240 kB
SwapCached:       226236 kB
Active:          5083376 kB
Inactive:        1033152 kB
Active(anon):    4851344 kB
Inactive(anon):   771848 kB
Active(file):     232032 kB
Inactive(file):   261304 kB
Unevictable:          32 kB
Mlocked:              32 kB
SwapTotal:      15999484 kB
SwapFree:       10836496 kB
Dirty:               752 kB
Writeback:             0 kB
AnonPages:       5584564 kB
Mapped:            47560 kB
Shmem:              4408 kB
Slab:             160840 kB
SReclaimable:      83600 kB
SUnreclaim:        77240 kB
KernelStack:       21008 kB
PageTables:        42988 kB
NFS_Unstable:          0 kB
Bounce:                0 kB
WritebackTmp:          0 kB
CommitLimit:    20030352 kB
Committed_AS:   20095404 kB
VmallocTotal:   34359738367 kB
VmallocUsed:           0 kB
VmallocChunk:          0 kB
HardwareCorrupted:     0 kB
AnonHugePages:         0 kB
CmaTotal:              0 kB
CmaFree:               0 kB
HugePages_Total:       0
HugePages_Free:        0
HugePages_Rsvd:        0
HugePages_Surp:        0
Hugepagesize:       2048 kB
DirectMap4k:      183756 kB
DirectMap2M:     8091648 kB
DirectMap1G:           0 kB


CPU:total 4 (initial active 4) (2 cores per cpu, 2 threads per core) family 6 model 60 stepping 3, cmov, cx8, fxsr, mmx, sse, sse2, sse3, ssse3, sse4.1, sse4.2, popcnt, avx, avx2, aes, clmul, erms, lzcnt, ht, tsc, tscinvbit, bmi1, bmi2

/proc/cpuinfo:
processor	: 0
vendor_id	: GenuineIntel
cpu family	: 6
model		: 60
model name	: Intel(R) Core(TM) i5-4200H CPU @ 2.80GHz
stepping	: 3
microcode	: 0x1c
cpu MHz		: 799.968
cache size	: 3072 KB
physical id	: 0
siblings	: 4
core id		: 0
cpu cores	: 2
apicid		: 0
initial apicid	: 0
fpu		: yes
fpu_exception	: yes
cpuid level	: 13
wp		: yes
flags		: fpu vme de pse tsc msr pae mce cx8 apic sep mtrr pge mca cmov pat pse36 clflush dts acpi mmx fxsr sse sse2 ss ht tm pbe syscall nx pdpe1gb rdtscp lm constant_tsc arch_perfmon pebs bts rep_good nopl xtopology nonstop_tsc aperfmperf eagerfpu pni pclmulqdq dtes64 monitor ds_cpl vmx est tm2 ssse3 sdbg fma cx16 xtpr pdcm pcid sse4_1 sse4_2 x2apic movbe popcnt tsc_deadline_timer aes xsave avx f16c rdrand lahf_lm abm epb invpcid_single retpoline kaiser tpr_shadow vnmi flexpriority ept vpid fsgsbase tsc_adjust bmi1 avx2 smep bmi2 erms invpcid xsaveopt dtherm ida arat pln pts
bugs		: cpu_meltdown spectre_v1 spectre_v2
bogomips	: 5587.63
clflush size	: 64
cache_alignment	: 64
address sizes	: 39 bits physical, 48 bits virtual
power management:

processor	: 1
vendor_id	: GenuineIntel
cpu family	: 6
model		: 60
model name	: Intel(R) Core(TM) i5-4200H CPU @ 2.80GHz
stepping	: 3
microcode	: 0x1c
cpu MHz		: 801.171
cache size	: 3072 KB
physical id	: 0
siblings	: 4
core id		: 1
cpu cores	: 2
apicid		: 2
initial apicid	: 2
fpu		: yes
fpu_exception	: yes
cpuid level	: 13
wp		: yes
flags		: fpu vme de pse tsc msr pae mce cx8 apic sep mtrr pge mca cmov pat pse36 clflush dts acpi mmx fxsr sse sse2 ss ht tm pbe syscall nx pdpe1gb rdtscp lm constant_tsc arch_perfmon pebs bts rep_good nopl xtopology nonstop_tsc aperfmperf eagerfpu pni pclmulqdq dtes64 monitor ds_cpl vmx est tm2 ssse3 sdbg fma cx16 xtpr pdcm pcid sse4_1 sse4_2 x2apic movbe popcnt tsc_deadline_timer aes xsave avx f16c rdrand lahf_lm abm epb invpcid_single retpoline kaiser tpr_shadow vnmi flexpriority ept vpid fsgsbase tsc_adjust bmi1 avx2 smep bmi2 erms invpcid xsaveopt dtherm ida arat pln pts
bugs		: cpu_meltdown spectre_v1 spectre_v2
bogomips	: 5587.63
clflush size	: 64
cache_alignment	: 64
address sizes	: 39 bits physical, 48 bits virtual
power management:

processor	: 2
vendor_id	: GenuineIntel
cpu family	: 6
model		: 60
model name	: Intel(R) Core(TM) i5-4200H CPU @ 2.80GHz
stepping	: 3
microcode	: 0x1c
cpu MHz		: 1616.015
cache size	: 3072 KB
physical id	: 0
siblings	: 4
core id		: 0
cpu cores	: 2
apicid		: 1
initial apicid	: 1
fpu		: yes
fpu_exception	: yes
cpuid level	: 13
wp		: yes
flags		: fpu vme de pse tsc msr pae mce cx8 apic sep mtrr pge mca cmov pat pse36 clflush dts acpi mmx fxsr sse sse2 ss ht tm pbe syscall nx pdpe1gb rdtscp lm constant_tsc arch_perfmon pebs bts rep_good nopl xtopology nonstop_tsc aperfmperf eagerfpu pni pclmulqdq dtes64 monitor ds_cpl vmx est tm2 ssse3 sdbg fma cx16 xtpr pdcm pcid sse4_1 sse4_2 x2apic movbe popcnt tsc_deadline_timer aes xsave avx f16c rdrand lahf_lm abm epb invpcid_single retpoline kaiser tpr_shadow vnmi flexpriority ept vpid fsgsbase tsc_adjust bmi1 avx2 smep bmi2 erms invpcid xsaveopt dtherm ida arat pln pts
bugs		: cpu_meltdown spectre_v1 spectre_v2
bogomips	: 5587.63
clflush size	: 64
cache_alignment	: 64
address sizes	: 39 bits physical, 48 bits virtual
power management:

processor	: 3
vendor_id	: GenuineIntel
cpu family	: 6
model		: 60
model name	: Intel(R) Core(TM) i5-4200H CPU @ 2.80GHz
stepping	: 3
microcode	: 0x1c
cpu MHz		: 826.218
cache size	: 3072 KB
physical id	: 0
siblings	: 4
core id		: 1
cpu cores	: 2
apicid		: 3
initial apicid	: 3
fpu		: yes
fpu_exception	: yes
cpuid level	: 13
wp		: yes
flags		: fpu vme de pse tsc msr pae mce cx8 apic sep mtrr pge mca cmov pat pse36 clflush dts acpi mmx fxsr sse sse2 ss ht tm pbe syscall nx pdpe1gb rdtscp lm constant_tsc arch_perfmon pebs bts rep_good nopl xtopology nonstop_tsc aperfmperf eagerfpu pni pclmulqdq dtes64 monitor ds_cpl vmx est tm2 ssse3 sdbg fma cx16 xtpr pdcm pcid sse4_1 sse4_2 x2apic movbe popcnt tsc_deadline_timer aes xsave avx f16c rdrand lahf_lm abm epb invpcid_single retpoline kaiser tpr_shadow vnmi flexpriority ept vpid fsgsbase tsc_adjust bmi1 avx2 smep bmi2 erms invpcid xsaveopt dtherm ida arat pln pts
bugs		: cpu_meltdown spectre_v1 spectre_v2
bogomips	: 5587.63
clflush size	: 64
cache_alignment	: 64
address sizes	: 39 bits physical, 48 bits virtual
power management:



Memory: 4k page, physical 8061736k(1657424k free), swap 15999484k(10836496k free)

vm_info: Java HotSpot(TM) 64-Bit Server VM (25.161-b12) for linux-amd64 JRE (1.8.0_161-b12), built on Dec 19 2017 16:12:43 by "java_re" with gcc 4.3.0 20080428 (Red Hat 4.3.0-8)

time: Sun May  6 12:55:51 2018
elapsed time: 64882 seconds (0d 18h 1m 22s)

