#
# A fatal error has been detected by the Java Runtime Environment:
#
#  SIGSEGV (0xb) at pc=0x00007f4c14c3c6fa, pid=32131, tid=0x00007f4bd7255700
#
# JRE version: Java(TM) SE Runtime Environment (8.0_161-b12) (build 1.8.0_161-b12)
# Java VM: Java HotSpot(TM) 64-Bit Server VM (25.161-b12 mixed mode linux-amd64 compressed oops)
# Problematic frame:
# v  ~BufferBlob::jni_fast_GetLongField
#
# Failed to write core dump. Core dumps have been disabled. To enable core dumping, try "ulimit -c unlimited" before starting Java again
#
# If you would like to submit a bug report, please visit:
#   http://bugreport.java.com/bugreport/crash.jsp
# The crash happened outside the Java Virtual Machine in native code.
# See problematic frame for where to report the bug.
#

---------------  T H R E A D  ---------------

Current thread (0x00007f4c24270000):  JavaThread "AWT-XAWT" daemon [_thread_in_native, id=32154, stack(0x00007f4bd7155000,0x00007f4bd7256000)]

siginfo: si_signo: 11 (SIGSEGV), si_code: 1 (SEGV_MAPERR), si_addr: 0x0000000000000000

Registers:
RAX=0x00007f4c2a0f3b80, RBX=0x00007f4c242701f8, RCX=0x00007f4c2ab5c2c0, RDX=0x0000000000000042
RSP=0x00007f4bd72545e8, RBP=0x00007f4bd7254610, RSI=0x0000000000000000, RDI=0x00007f4c242701f8
R8 =0x0000000086da84b8, R9 =0x0000000000000000, R10=0x000000000000006c, R11=0x00000000000001f4
R12=0x00007f4bbc035670, R13=0x0000000000000000, R14=0x00007f4c01100820, R15=0x00007f4c24270000
RIP=0x00007f4c14c3c6fa, EFLAGS=0x0000000000010246, CSGSFS=0x0000000000000033, ERR=0x0000000000000004
  TRAPNO=0x000000000000000e

Top of Stack: (sp=0x00007f4bd72545e8)
0x00007f4bd72545e8:   00007f4c00edf001 00000000200022ae
0x00007f4bd72545f8:   00007f4bbc035670 0000000000000000
0x00007f4bd7254608:   00007f4bd7254690 0000000000000000
0x00007f4bd7254618:   00007f4c009a23c0 00000000200022ae
0x00007f4bd7254628:   00007f4bd7254650 0000000000000000
0x00007f4bd7254638:   00007f4c00999f93 0000000000000000
0x00007f4bd7254648:   00007f4c00ed823f 00007f4bd72546a0
0x00007f4bd7254658:   00007f4c1533dbb6 0000000000000007
0x00007f4bd7254668:   0000000000000000 0000000000000001
0x00007f4bd7254678:   00007f4bc8002e20 0000000000000031
0x00007f4bd7254688:   0000000000000031 0000000086da8058
0x00007f4bd7254698:   0000000000000202 0000000000000320
0x00007f4bd72546a8:   00007f4c155530d8 0000000100029680
0x00007f4bd72546b8:   e70052e800000000 00000000e700a118
0x00007f4bd72546c8:   00000000e6ec9d10 0000000100011570
0x00007f4bd72546d8:   000000010008e908 00000000e70052e8
0x00007f4bd72546e8:   0000000000400002 00000000e70052e8
0x00007f4bd72546f8:   00007f4c14bda2bd 0000000000000000
0x00007f4bd7254708:   0000000000000000 0000000000000031
0x00007f4bd7254718:   0000000000000000 00007f4bd7254780
0x00007f4bd7254728:   00007f4c14bda2bd deaddeaf00000000
0x00007f4bd7254738:   00000000e6ec9d10 00007f4bd7254740
0x00007f4bd7254748:   00007f4c038e1a0d 00007f4bd7254790
0x00007f4bd7254758:   00007f4c038eb028 0000000000000000
0x00007f4bd7254768:   00007f4c038e1a18 00007f4bd7254730
0x00007f4bd7254778:   00007f4bd7254790 00007f4bd72547d8
0x00007f4bd7254788:   00007f4c14bda302 00000000e6ec9d10
0x00007f4bd7254798:   00007f4bd7254798 00007f4c0345499b
0x00007f4bd72547a8:   00007f4bd72547e8 00007f4c034dc268
0x00007f4bd72547b8:   0000000000000000 00007f4c034549a8
0x00007f4bd72547c8:   00007f4bd7254790 00007f4bd72547e8
0x00007f4bd72547d8:   00007f4bd7254850 00007f4c14bd27a7 

Instructions: (pc=0x00007f4c14c3c6fa)
0x00007f4c14c3c6da:   00 00 00 00 00 00 44 8b 15 a1 6f 4f 15 4c 8b ce
0x00007f4c14c3c6ea:   41 f6 c2 01 0f 85 2e 00 00 00 4d 33 ca 4d 33 ca
0x00007f4c14c3c6fa:   4d 8b 09 4c 8b da 49 c1 eb 02 4b 8b 04 19 49 bb
0x00007f4c14c3c70a:   88 36 13 2a 4c 7f 00 00 4c 33 d8 4c 33 d8 45 3b 

Register to memory mapping:

RAX=0x00007f4c2a0f3b80: <offset 0xf90b80> in /usr/lib/jvm/java-8-oracle/jre/lib/amd64/server/libjvm.so at 0x00007f4c29163000
RBX=0x00007f4c242701f8 is an unknown value
RCX=0x00007f4c2ab5c2c0: <offset 0x2182c0> in /lib/x86_64-linux-gnu/libpthread.so.0 at 0x00007f4c2a944000
RDX=0x0000000000000042 is an unknown value
RSP=0x00007f4bd72545e8 is pointing into the stack for thread: 0x00007f4c24270000
RBP=0x00007f4bd7254610 is pointing into the stack for thread: 0x00007f4c24270000
RSI=0x0000000000000000 is an unknown value
RDI=0x00007f4c242701f8 is an unknown value
R8 =0x0000000086da84b8 is an oop
[I 
 - klass: {type array int}
 - length: 9
R9 =0x0000000000000000 is an unknown value
R10=0x000000000000006c is an unknown value
R11=0x00000000000001f4 is an unknown value
R12=0x00007f4bbc035670 is an unknown value
R13=0x0000000000000000 is an unknown value
R14=0x00007f4c01100820: <offset 0x258820> in /usr/lib/jvm/java-8-oracle/jre/lib/amd64/libawt_xawt.so at 0x00007f4c00ea8000
R15=0x00007f4c24270000 is a thread


Stack: [0x00007f4bd7155000,0x00007f4bd7256000],  sp=0x00007f4bd72545e8,  free space=1021k
Native frames: (J=compiled Java code, j=interpreted, Vv=VM code, C=native code)
v  ~BufferBlob::jni_fast_GetLongField
C  [libX11.so.6+0x643c0]  _XimServerDestroy+0x70

Java frames: (J=compiled Java code, j=interpreted, Vv=VM code)
J 2334  sun.awt.X11.XlibWrapper.XFilterEvent(JJ)Z (0 bytes) @ 0x00007f4c1533db44 [0x00007f4c1533db00+0x44]
J 2923% C2 sun.awt.X11.XToolkit.run(Z)V (410 bytes) @ 0x00007f4c155530d8 [0x00007f4c155521e0+0xef8]
j  sun.awt.X11.XToolkit.run()V+5
j  java.lang.Thread.run()V+11
v  ~StubRoutines::call_stub

---------------  P R O C E S S  ---------------

Java Threads: ( => current thread )
  0x00007f4bbc03c000 JavaThread "TimerQueue" daemon [_thread_blocked, id=32161, stack(0x00007f4bd58a1000,0x00007f4bd59a2000)]
  0x00007f4c2400a800 JavaThread "DestroyJavaVM" [_thread_blocked, id=32133, stack(0x00007f4c2ac62000,0x00007f4c2ad63000)]
  0x00007f4c245b9800 JavaThread "Laf-Widget fade tracker" [_thread_blocked, id=32160, stack(0x00007f4bd59a2000,0x00007f4bd5aa3000)]
  0x00007f4c24358000 JavaThread "AWT-EventQueue-0" [_thread_blocked, id=32157, stack(0x00007f4bd690f000,0x00007f4bd6a10000)]
  0x00007f4c24357000 JavaThread "AWT-Shutdown" [_thread_blocked, id=32156, stack(0x00007f4bd6e3d000,0x00007f4bd6f3e000)]
=>0x00007f4c24270000 JavaThread "AWT-XAWT" daemon [_thread_in_native, id=32154, stack(0x00007f4bd7155000,0x00007f4bd7256000)]
  0x00007f4c24258800 JavaThread "Java2D Disposer" daemon [_thread_blocked, id=32153, stack(0x00007f4bd7666000,0x00007f4bd7767000)]
  0x00007f4c240ef000 JavaThread "Service Thread" daemon [_thread_blocked, id=32151, stack(0x00007f4c0158c000,0x00007f4c0168d000)]
  0x00007f4c240e4000 JavaThread "C1 CompilerThread2" daemon [_thread_blocked, id=32150, stack(0x00007f4c0168d000,0x00007f4c0178e000)]
  0x00007f4c240d2000 JavaThread "C2 CompilerThread1" daemon [_thread_blocked, id=32149, stack(0x00007f4c0178e000,0x00007f4c0188f000)]
  0x00007f4c240cf800 JavaThread "C2 CompilerThread0" daemon [_thread_blocked, id=32148, stack(0x00007f4c0188f000,0x00007f4c01990000)]
  0x00007f4c240c5000 JavaThread "Signal Dispatcher" daemon [_thread_in_vm, id=32147, stack(0x00007f4c01990000,0x00007f4c01a91000)]
  0x00007f4c24084800 JavaThread "Finalizer" daemon [_thread_blocked, id=32146, stack(0x00007f4c020da000,0x00007f4c021db000)]
  0x00007f4c24080000 JavaThread "Reference Handler" daemon [_thread_blocked, id=32145, stack(0x00007f4c021db000,0x00007f4c022dc000)]

Other Threads:
  0x00007f4c24078800 VMThread [stack: 0x00007f4c022dc000,0x00007f4c023dd000] [id=32142]
  0x00007f4c240f4000 WatcherThread [stack: 0x00007f4c0148b000,0x00007f4c0158c000] [id=32152]

VM state:not at safepoint (normal execution)

VM Mutex/Monitor currently owned by a thread: None

Heap:
 PSYoungGen      total 260608K, used 198320K [0x00000000d6f80000, 0x00000000e7480000, 0x0000000100000000)
  eden space 253952K, 76% used [0x00000000d6f80000,0x00000000e2d090f8,0x00000000e6780000)
  from space 6656K, 63% used [0x00000000e6e00000,0x00000000e72231e8,0x00000000e7480000)
  to   space 6656K, 0% used [0x00000000e6780000,0x00000000e6780000,0x00000000e6e00000)
 ParOldGen       total 84992K, used 34074K [0x0000000084e00000, 0x000000008a100000, 0x00000000d6f80000)
  object space 84992K, 40% used [0x0000000084e00000,0x0000000086f46800,0x000000008a100000)
 Metaspace       used 20087K, capacity 20366K, committed 20480K, reserved 1067008K
  class space    used 2463K, capacity 2555K, committed 2560K, reserved 1048576K

Card table byte_map: [0x00007f4c14438000,0x00007f4c14812000] byte_map_base: 0x00007f4c14011000

Marking Bits: (ParMarkBitMap*) 0x00007f4c2a132920
 Begin Bits: [0x00007f4c10114000, 0x00007f4c11fdc000)
 End Bits:   [0x00007f4c11fdc000, 0x00007f4c13ea4000)

Polling page: 0x00007f4c2ad85000

CodeCache: size=245760Kb used=9695Kb max_used=9723Kb free=236065Kb
 bounds [0x00007f4c14bd2000, 0x00007f4c15562000, 0x00007f4c23bd2000]
 total_blobs=3568 nmethods=2918 adapters=561
 compilation: enabled

Compilation events (10 events):
Event: 14960.798 Thread 0x00007f4c240cf800 nmethod 2919 0x00007f4c1550e490 code [0x00007f4c1550e5e0, 0x00007f4c1550e678]
Event: 14960.826 Thread 0x00007f4c240d2000 nmethod 2917 0x00007f4c1550e9d0 code [0x00007f4c1550ebc0, 0x00007f4c1550f360]
Event: 21810.112 Thread 0x00007f4c240e4000 2920 % !   3       sun.awt.X11.XToolkit::run @ 59 (410 bytes)
Event: 21811.973 Thread 0x00007f4c240e4000 nmethod 2920% 0x00007f4c15534010 code [0x00007f4c155349e0, 0x00007f4c1553c358]
Event: 22246.777 Thread 0x00007f4c240e4000 2921   !   3       sun.awt.X11.XToolkit::run (410 bytes)
Event: 22246.833 Thread 0x00007f4c240e4000 nmethod 2921 0x00007f4c15541050 code [0x00007f4c15541a00, 0x00007f4c15547db8]
Event: 27631.692 Thread 0x00007f4c240d2000 2922       4       sun.awt.X11.XDropTargetEventProcessor::doProcessEvent (221 bytes)
Event: 27632.448 Thread 0x00007f4c240d2000 nmethod 2922 0x00007f4c1554c7d0 code [0x00007f4c1554cbe0, 0x00007f4c1554e4b0]
Event: 41013.306 Thread 0x00007f4c240cf800 2923 % !   4       sun.awt.X11.XToolkit::run @ 59 (410 bytes)
Event: 41015.459 Thread 0x00007f4c240cf800 nmethod 2923% 0x00007f4c15551a90 code [0x00007f4c155521e0, 0x00007f4c155566c0]

GC Heap History (10 events):
Event: 0.840 GC heap before
{Heap before GC invocations=2 (full 0):
 PSYoungGen      total 36864K, used 34483K [0x00000000d6f80000, 0x00000000db780000, 0x0000000100000000)
  eden space 31744K, 95% used [0x00000000d6f80000,0x00000000d8d2b980,0x00000000d8e80000)
  from space 5120K, 80% used [0x00000000d8e80000,0x00000000d9281448,0x00000000d9380000)
  to   space 5120K, 0% used [0x00000000db280000,0x00000000db280000,0x00000000db780000)
 ParOldGen       total 84992K, used 8108K [0x0000000084e00000, 0x000000008a100000, 0x00000000d6f80000)
  object space 84992K, 9% used [0x0000000084e00000,0x00000000855eb010,0x000000008a100000)
 Metaspace       used 13121K, capacity 13334K, committed 13568K, reserved 1060864K
  class space    used 1626K, capacity 1700K, committed 1792K, reserved 1048576K
Event: 0.852 GC heap after
Heap after GC invocations=2 (full 0):
 PSYoungGen      total 68608K, used 2962K [0x00000000d6f80000, 0x00000000db780000, 0x0000000100000000)
  eden space 63488K, 0% used [0x00000000d6f80000,0x00000000d6f80000,0x00000000dad80000)
  from space 5120K, 57% used [0x00000000db280000,0x00000000db564b60,0x00000000db780000)
  to   space 5120K, 0% used [0x00000000dad80000,0x00000000dad80000,0x00000000db280000)
 ParOldGen       total 84992K, used 32416K [0x0000000084e00000, 0x000000008a100000, 0x00000000d6f80000)
  object space 84992K, 38% used [0x0000000084e00000,0x0000000086da8040,0x000000008a100000)
 Metaspace       used 13121K, capacity 13334K, committed 13568K, reserved 1060864K
  class space    used 1626K, capacity 1700K, committed 1792K, reserved 1048576K
}
Event: 1632.644 GC heap before
{Heap before GC invocations=3 (full 0):
 PSYoungGen      total 68608K, used 66450K [0x00000000d6f80000, 0x00000000db780000, 0x0000000100000000)
  eden space 63488K, 100% used [0x00000000d6f80000,0x00000000dad80000,0x00000000dad80000)
  from space 5120K, 57% used [0x00000000db280000,0x00000000db564b60,0x00000000db780000)
  to   space 5120K, 0% used [0x00000000dad80000,0x00000000dad80000,0x00000000db280000)
 ParOldGen       total 84992K, used 32416K [0x0000000084e00000, 0x000000008a100000, 0x00000000d6f80000)
  object space 84992K, 38% used [0x0000000084e00000,0x0000000086da8040,0x000000008a100000)
 Metaspace       used 20023K, capacity 20302K, committed 20480K, reserved 1067008K
  class space    used 2460K, capacity 2555K, committed 2560K, reserved 1048576K
Event: 1632.666 GC heap after
Heap after GC invocations=3 (full 0):
 PSYoungGen      total 68608K, used 5111K [0x00000000d6f80000, 0x00000000df580000, 0x0000000100000000)
  eden space 63488K, 0% used [0x00000000d6f80000,0x00000000d6f80000,0x00000000dad80000)
  from space 5120K, 99% used [0x00000000dad80000,0x00000000db27ddc0,0x00000000db280000)
  to   space 5120K, 0% used [0x00000000df080000,0x00000000df080000,0x00000000df580000)
 ParOldGen       total 84992K, used 34050K [0x0000000084e00000, 0x000000008a100000, 0x00000000d6f80000)
  object space 84992K, 40% used [0x0000000084e00000,0x0000000086f40800,0x000000008a100000)
 Metaspace       used 20023K, capacity 20302K, committed 20480K, reserved 1067008K
  class space    used 2460K, capacity 2555K, committed 2560K, reserved 1048576K
}
Event: 9419.394 GC heap before
{Heap before GC invocations=4 (full 0):
 PSYoungGen      total 68608K, used 68599K [0x00000000d6f80000, 0x00000000df580000, 0x0000000100000000)
  eden space 63488K, 100% used [0x00000000d6f80000,0x00000000dad80000,0x00000000dad80000)
  from space 5120K, 99% used [0x00000000dad80000,0x00000000db27ddc0,0x00000000db280000)
  to   space 5120K, 0% used [0x00000000df080000,0x00000000df080000,0x00000000df580000)
 ParOldGen       total 84992K, used 34050K [0x0000000084e00000, 0x000000008a100000, 0x00000000d6f80000)
  object space 84992K, 40% used [0x0000000084e00000,0x0000000086f40800,0x000000008a100000)
 Metaspace       used 20082K, capacity 20366K, committed 20480K, reserved 1067008K
  class space    used 2463K, capacity 2555K, committed 2560K, reserved 1048576K
Event: 9419.411 GC heap after
Heap after GC invocations=4 (full 0):
 PSYoungGen      total 132096K, used 4972K [0x00000000d6f80000, 0x00000000df580000, 0x0000000100000000)
  eden space 126976K, 0% used [0x00000000d6f80000,0x00000000d6f80000,0x00000000deb80000)
  from space 5120K, 97% used [0x00000000df080000,0x00000000df55b208,0x00000000df580000)
  to   space 5120K, 0% used [0x00000000deb80000,0x00000000deb80000,0x00000000df080000)
 ParOldGen       total 84992K, used 34058K [0x0000000084e00000, 0x000000008a100000, 0x00000000d6f80000)
  object space 84992K, 40% used [0x0000000084e00000,0x0000000086f42800,0x000000008a100000)
 Metaspace       used 20082K, capacity 20366K, committed 20480K, reserved 1067008K
  class space    used 2463K, capacity 2555K, committed 2560K, reserved 1048576K
}
Event: 25507.088 GC heap before
{Heap before GC invocations=5 (full 0):
 PSYoungGen      total 132096K, used 131948K [0x00000000d6f80000, 0x00000000df580000, 0x0000000100000000)
  eden space 126976K, 100% used [0x00000000d6f80000,0x00000000deb80000,0x00000000deb80000)
  from space 5120K, 97% used [0x00000000df080000,0x00000000df55b208,0x00000000df580000)
  to   space 5120K, 0% used [0x00000000deb80000,0x00000000deb80000,0x00000000df080000)
 ParOldGen       total 84992K, used 34058K [0x0000000084e00000, 0x000000008a100000, 0x00000000d6f80000)
  object space 84992K, 40% used [0x0000000084e00000,0x0000000086f42800,0x000000008a100000)
 Metaspace       used 20086K, capacity 20366K, committed 20480K, reserved 1067008K
  class space    used 2463K, capacity 2555K, committed 2560K, reserved 1048576K
Event: 25511.242 GC heap after
Heap after GC invocations=5 (full 0):
 PSYoungGen      total 132096K, used 4300K [0x00000000d6f80000, 0x00000000e7480000, 0x0000000100000000)
  eden space 126976K, 0% used [0x00000000d6f80000,0x00000000d6f80000,0x00000000deb80000)
  from space 5120K, 83% used [0x00000000deb80000,0x00000000defb31e8,0x00000000df080000)
  to   space 6656K, 0% used [0x00000000e6e00000,0x00000000e6e00000,0x00000000e7480000)
 ParOldGen       total 84992K, used 34066K [0x0000000084e00000, 0x000000008a100000, 0x00000000d6f80000)
  object space 84992K, 40% used [0x0000000084e00000,0x0000000086f44800,0x000000008a100000)
 Metaspace       used 20086K, capacity 20366K, committed 20480K, reserved 1067008K
  class space    used 2463K, capacity 2555K, committed 2560K, reserved 1048576K
}
Event: 41296.478 GC heap before
{Heap before GC invocations=6 (full 0):
 PSYoungGen      total 132096K, used 131276K [0x00000000d6f80000, 0x00000000e7480000, 0x0000000100000000)
  eden space 126976K, 100% used [0x00000000d6f80000,0x00000000deb80000,0x00000000deb80000)
  from space 5120K, 83% used [0x00000000deb80000,0x00000000defb31e8,0x00000000df080000)
  to   space 6656K, 0% used [0x00000000e6e00000,0x00000000e6e00000,0x00000000e7480000)
 ParOldGen       total 84992K, used 34066K [0x0000000084e00000, 0x000000008a100000, 0x00000000d6f80000)
  object space 84992K, 40% used [0x0000000084e00000,0x0000000086f44800,0x000000008a100000)
 Metaspace       used 20087K, capacity 20366K, committed 20480K, reserved 1067008K
  class space    used 2463K, capacity 2555K, committed 2560K, reserved 1048576K
Event: 41296.668 GC heap after
Heap after GC invocations=6 (full 0):
 PSYoungGen      total 260608K, used 4236K [0x00000000d6f80000, 0x00000000e7480000, 0x0000000100000000)
  eden space 253952K, 0% used [0x00000000d6f80000,0x00000000d6f80000,0x00000000e6780000)
  from space 6656K, 63% used [0x00000000e6e00000,0x00000000e72231e8,0x00000000e7480000)
  to   space 6656K, 0% used [0x00000000e6780000,0x00000000e6780000,0x00000000e6e00000)
 ParOldGen       total 84992K, used 34074K [0x0000000084e00000, 0x000000008a100000, 0x00000000d6f80000)
  object space 84992K, 40% used [0x0000000084e00000,0x0000000086f46800,0x000000008a100000)
 Metaspace       used 20087K, capacity 20366K, committed 20480K, reserved 1067008K
  class space    used 2463K, capacity 2555K, committed 2560K, reserved 1048576K
}

Deoptimization events (10 events):
Event: 3.593 Thread 0x00007f4c24270000 Uncommon trap: reason=bimorphic action=maybe_recompile pc=0x00007f4c15216038 method=java.util.Hashtable.put(Ljava/lang/Object;Ljava/lang/Object;)Ljava/lang/Object; @ 60
Event: 3.594 Thread 0x00007f4c24270000 Uncommon trap: reason=bimorphic action=maybe_recompile pc=0x00007f4c15065550 method=java.util.Hashtable.get(Ljava/lang/Object;)Ljava/lang/Object; @ 45
Event: 3.594 Thread 0x00007f4c24270000 Uncommon trap: reason=bimorphic action=maybe_recompile pc=0x00007f4c15065550 method=java.util.Hashtable.get(Ljava/lang/Object;)Ljava/lang/Object; @ 45
Event: 8.902 Thread 0x00007f4c24358000 Uncommon trap: reason=unstable_if action=reinterpret pc=0x00007f4c153ec270 method=sun.awt.geom.Curve.pointCrossingsForQuad(DDDDDDDDI)I @ 11
Event: 8.902 Thread 0x00007f4c24358000 Uncommon trap: reason=unstable_if action=reinterpret pc=0x00007f4c1538e7ec method=sun.awt.geom.Curve.pointCrossingsForQuad(DDDDDDDDI)I @ 11
Event: 12.934 Thread 0x00007f4c24358000 Uncommon trap: reason=unstable_if action=reinterpret pc=0x00007f4c14e51da0 method=sun.nio.cs.UTF_8$Encoder.encode([CII[B)I @ 33
Event: 13.598 Thread 0x00007f4c24358000 Uncommon trap: reason=unstable_if action=reinterpret pc=0x00007f4c1544b028 method=sun.awt.geom.Curve.pointCrossingsForQuad(DDDDDDDDI)I @ 87
Event: 13.598 Thread 0x00007f4c24358000 Uncommon trap: reason=unstable_if action=reinterpret pc=0x00007f4c15414b08 method=sun.awt.geom.Curve.pointCrossingsForQuad(DDDDDDDDI)I @ 87
Event: 14.743 Thread 0x00007f4c24358000 Uncommon trap: reason=unstable_if action=reinterpret pc=0x00007f4c154493b4 method=org.jvnet.substance.utils.SubstanceCoreUtilities.getSides(Ljavax/swing/AbstractButton;Ljava/lang/String;)Ljava/util/Set; @ 27
Event: 14.749 Thread 0x00007f4c24358000 Uncommon trap: reason=unstable_if action=reinterpret pc=0x00007f4c15436d78 method=org.jvnet.substance.utils.SubstanceCoreUtilities.isToolBarButton(Ljavax/swing/AbstractButton;)Z @ 4

Classes redefined (0 events):
No events

Internal exceptions (10 events):
Event: 0.165 Thread 0x00007f4c2400a800 Exception <a 'java/lang/NoSuchFieldError': method resolution failed> (0x00000000d7214e70) thrown at [/HUDSON/workspace/8-2-build-linux-amd64/jdk8u161/10277/hotspot/src/share/vm/prims/methodHandles.cpp, line 1167]
Event: 0.167 Thread 0x00007f4c2400a800 Exception <a 'java/lang/NoSuchFieldError': method resolution failed> (0x00000000d72225c0) thrown at [/HUDSON/workspace/8-2-build-linux-amd64/jdk8u161/10277/hotspot/src/share/vm/prims/methodHandles.cpp, line 1167]
Event: 0.189 Thread 0x00007f4c2400a800 Exception <a 'java/io/FileNotFoundException'> (0x00000000d72a1628) thrown at [/HUDSON/workspace/8-2-build-linux-amd64/jdk8u161/10277/hotspot/src/share/vm/prims/jni.cpp, line 709]
Event: 0.189 Thread 0x00007f4c2400a800 Exception <a 'java/io/FileNotFoundException'> (0x00000000d72a1f50) thrown at [/HUDSON/workspace/8-2-build-linux-amd64/jdk8u161/10277/hotspot/src/share/vm/prims/jni.cpp, line 709]
Event: 0.601 Thread 0x00007f4c2400a800 Exception <a 'java/io/FileNotFoundException'> (0x00000000d852c9b0) thrown at [/HUDSON/workspace/8-2-build-linux-amd64/jdk8u161/10277/hotspot/src/share/vm/prims/jni.cpp, line 709]
Event: 0.887 Thread 0x00007f4c2400a800 Implicit null exception at 0x00007f4c14e8f3f5 to 0x00007f4c14e8f7a5
Event: 0.887 Thread 0x00007f4c2400a800 Implicit null exception at 0x00007f4c14e64fb6 to 0x00007f4c14e65369
Event: 1.066 Thread 0x00007f4c2400a800 Implicit null exception at 0x00007f4c14f87305 to 0x00007f4c14f8b1fd
Event: 1.336 Thread 0x00007f4c24358000 Exception <a 'java/lang/UnsupportedOperationException': > (0x00000000d8d903f8) thrown at [/HUDSON/workspace/8-2-build-linux-amd64/jdk8u161/10277/hotspot/src/share/vm/prims/jni.cpp, line 735]
Event: 2.335 Thread 0x00007f4c24358000 Exception <a 'java/lang/UnsupportedOperationException': > (0x00000000d94e4290) thrown at [/HUDSON/workspace/8-2-build-linux-amd64/jdk8u161/10277/hotspot/src/share/vm/prims/jni.cpp, line 735]

Events (10 events):
Event: 4395.490 Thread 0x00007f4c245b9800 DEOPT PACKING pc=0x00007f4c155068ae sp=0x00007f4bd5aa1650
Event: 4395.490 Thread 0x00007f4c245b9800 DEOPT UNPACKING pc=0x00007f4c14c19784 sp=0x00007f4bd5aa13e8 mode 0
Event: 9419.383 Executing VM operation: ParallelGCFailedAllocation
Event: 9419.411 Executing VM operation: ParallelGCFailedAllocation done
Event: 25506.935 Executing VM operation: ParallelGCFailedAllocation
Event: 25511.242 Executing VM operation: ParallelGCFailedAllocation done
Event: 41296.407 Executing VM operation: ParallelGCFailedAllocation
Event: 41296.668 Executing VM operation: ParallelGCFailedAllocation done
Event: 45113.951 Thread 0x00007f4c24270000 DEOPT PACKING pc=0x00007f4c1553a313 sp=0x00007f4bd7254550
Event: 45113.951 Thread 0x00007f4c24270000 DEOPT UNPACKING pc=0x00007f4c14c19784 sp=0x00007f4bd7254410 mode 0


Dynamic libraries:
00400000-00401000 r-xp 00000000 08:06 1316786                            /usr/lib/jvm/java-8-oracle/bin/java
00600000-00601000 rw-p 00000000 08:06 1316786                            /usr/lib/jvm/java-8-oracle/bin/java
01971000-01992000 rw-p 00000000 00:00 0                                  [heap]
84e00000-8a100000 rw-p 00000000 00:00 0 
8a100000-d6f80000 ---p 00000000 00:00 0 
d6f80000-e7480000 rw-p 00000000 00:00 0 
e7480000-100000000 ---p 00000000 00:00 0 
100000000-100280000 rw-p 00000000 00:00 0 
100280000-140000000 ---p 00000000 00:00 0 
7f4bb4000000-7f4bb4295000 rw-p 00000000 00:00 0 
7f4bb4295000-7f4bb8000000 ---p 00000000 00:00 0 
7f4bb8000000-7f4bb8021000 rw-p 00000000 00:00 0 
7f4bb8021000-7f4bbc000000 ---p 00000000 00:00 0 
7f4bbc000000-7f4bbc097000 rw-p 00000000 00:00 0 
7f4bbc097000-7f4bc0000000 ---p 00000000 00:00 0 
7f4bc0000000-7f4bc0084000 rw-p 00000000 00:00 0 
7f4bc0084000-7f4bc4000000 ---p 00000000 00:00 0 
7f4bc4000000-7f4bc4030000 rw-p 00000000 00:00 0 
7f4bc4030000-7f4bc8000000 ---p 00000000 00:00 0 
7f4bc8000000-7f4bc829a000 rw-p 00000000 00:00 0 
7f4bc829a000-7f4bcc000000 ---p 00000000 00:00 0 
7f4bccfff000-7f4bd0000000 rw-p 00000000 00:00 0 
7f4bd0000000-7f4bd002a000 rw-p 00000000 00:00 0 
7f4bd002a000-7f4bd4000000 ---p 00000000 00:00 0 
7f4bd56a1000-7f4bd5821000 rw-p 00000000 00:00 0 
7f4bd5821000-7f4bd58a1000 ---p 00000000 00:00 0 
7f4bd58a1000-7f4bd58a4000 ---p 00000000 00:00 0 
7f4bd58a4000-7f4bd59a2000 rw-p 00000000 00:00 0 
7f4bd59a2000-7f4bd59a5000 ---p 00000000 00:00 0 
7f4bd59a5000-7f4bd5ca3000 rw-p 00000000 00:00 0 
7f4bd5ca3000-7f4bd5d7c000 r-xp 00000000 08:06 1318707                    /usr/lib/jvm/java-8-oracle/jre/lib/amd64/libmlib_image.so
7f4bd5d7c000-7f4bd5f7c000 ---p 000d9000 08:06 1318707                    /usr/lib/jvm/java-8-oracle/jre/lib/amd64/libmlib_image.so
7f4bd5f7c000-7f4bd5f7d000 rw-p 000d9000 08:06 1318707                    /usr/lib/jvm/java-8-oracle/jre/lib/amd64/libmlib_image.so
7f4bd5f7d000-7f4bd5fe7000 r-xp 00000000 08:06 1318701                    /usr/lib/jvm/java-8-oracle/jre/lib/amd64/libt2k.so
7f4bd5fe7000-7f4bd61e6000 ---p 0006a000 08:06 1318701                    /usr/lib/jvm/java-8-oracle/jre/lib/amd64/libt2k.so
7f4bd61e6000-7f4bd61ed000 rw-p 00069000 08:06 1318701                    /usr/lib/jvm/java-8-oracle/jre/lib/amd64/libt2k.so
7f4bd61ed000-7f4bd63fd000 rw-p 00000000 00:00 0 
7f4bd63fd000-7f4bd6400000 ---p 00000000 00:00 0 
7f4bd6400000-7f4bd66fe000 rw-p 00000000 00:00 0 
7f4bd66fe000-7f4bd670f000 r-xp 00000000 08:06 1318741                    /usr/lib/jvm/java-8-oracle/jre/lib/amd64/libnio.so
7f4bd670f000-7f4bd690e000 ---p 00011000 08:06 1318741                    /usr/lib/jvm/java-8-oracle/jre/lib/amd64/libnio.so
7f4bd690e000-7f4bd690f000 rw-p 00010000 08:06 1318741                    /usr/lib/jvm/java-8-oracle/jre/lib/amd64/libnio.so
7f4bd690f000-7f4bd6912000 ---p 00000000 00:00 0 
7f4bd6912000-7f4bd6a10000 rw-p 00000000 00:00 0 
7f4bd6a10000-7f4bd6a3a000 r-xp 00000000 08:06 1318687                    /usr/lib/jvm/java-8-oracle/jre/lib/amd64/libdcpr.so
7f4bd6a3a000-7f4bd6c3a000 ---p 0002a000 08:06 1318687                    /usr/lib/jvm/java-8-oracle/jre/lib/amd64/libdcpr.so
7f4bd6c3a000-7f4bd6c3d000 rw-p 0002a000 08:06 1318687                    /usr/lib/jvm/java-8-oracle/jre/lib/amd64/libdcpr.so
7f4bd6c3d000-7f4bd6e3d000 rw-p 00000000 00:00 0 
7f4bd6e3d000-7f4bd6e40000 ---p 00000000 00:00 0 
7f4bd6e40000-7f4bd6f3e000 rw-p 00000000 00:00 0 
7f4bd6f3e000-7f4bd6f54000 r-xp 00000000 08:06 1318738                    /usr/lib/jvm/java-8-oracle/jre/lib/amd64/libnet.so
7f4bd6f54000-7f4bd7154000 ---p 00016000 08:06 1318738                    /usr/lib/jvm/java-8-oracle/jre/lib/amd64/libnet.so
7f4bd7154000-7f4bd7155000 rw-p 00016000 08:06 1318738                    /usr/lib/jvm/java-8-oracle/jre/lib/amd64/libnet.so
7f4bd7155000-7f4bd7158000 ---p 00000000 00:00 0 
7f4bd7158000-7f4bd7256000 rw-p 00000000 00:00 0 
7f4bd7256000-7f4bd725b000 r-xp 00000000 08:06 1320127                    /usr/lib/x86_64-linux-gnu/libXfixes.so.3.1.0
7f4bd725b000-7f4bd745a000 ---p 00005000 08:06 1320127                    /usr/lib/x86_64-linux-gnu/libXfixes.so.3.1.0
7f4bd745a000-7f4bd745b000 r--p 00004000 08:06 1320127                    /usr/lib/x86_64-linux-gnu/libXfixes.so.3.1.0
7f4bd745b000-7f4bd745c000 rw-p 00005000 08:06 1320127                    /usr/lib/x86_64-linux-gnu/libXfixes.so.3.1.0
7f4bd745c000-7f4bd7465000 r-xp 00000000 08:06 1330978                    /usr/lib/x86_64-linux-gnu/libXcursor.so.1.0.2
7f4bd7465000-7f4bd7664000 ---p 00009000 08:06 1330978                    /usr/lib/x86_64-linux-gnu/libXcursor.so.1.0.2
7f4bd7664000-7f4bd7665000 r--p 00008000 08:06 1330978                    /usr/lib/x86_64-linux-gnu/libXcursor.so.1.0.2
7f4bd7665000-7f4bd7666000 rw-p 00009000 08:06 1330978                    /usr/lib/x86_64-linux-gnu/libXcursor.so.1.0.2
7f4bd7666000-7f4bd7669000 ---p 00000000 00:00 0 
7f4bd7669000-7f4bd7767000 rw-p 00000000 00:00 0 
7f4bd7767000-7f4bd777d000 r-xp 00000000 08:06 1840150                    /lib/x86_64-linux-gnu/libgcc_s.so.1
7f4bd777d000-7f4bd797c000 ---p 00016000 08:06 1840150                    /lib/x86_64-linux-gnu/libgcc_s.so.1
7f4bd797c000-7f4bd797d000 rw-p 00015000 08:06 1840150                    /lib/x86_64-linux-gnu/libgcc_s.so.1
7f4bd797d000-7f4bd79e2000 r-xp 00000000 08:06 1318719                    /usr/lib/jvm/java-8-oracle/jre/lib/amd64/libfontmanager.so
7f4bd79e2000-7f4bd7be1000 ---p 00065000 08:06 1318719                    /usr/lib/jvm/java-8-oracle/jre/lib/amd64/libfontmanager.so
7f4bd7be1000-7f4bd7be6000 rw-p 00064000 08:06 1318719                    /usr/lib/jvm/java-8-oracle/jre/lib/amd64/libfontmanager.so
7f4bd7be6000-7f4bd7bf6000 rw-p 00000000 00:00 0 
7f4bd7bf6000-7f4bd7bfb000 r-xp 00000000 08:06 1320123                    /usr/lib/x86_64-linux-gnu/libXdmcp.so.6.0.0
7f4bd7bfb000-7f4bd7dfa000 ---p 00005000 08:06 1320123                    /usr/lib/x86_64-linux-gnu/libXdmcp.so.6.0.0
7f4bd7dfa000-7f4bd7dfb000 r--p 00004000 08:06 1320123                    /usr/lib/x86_64-linux-gnu/libXdmcp.so.6.0.0
7f4bd7dfb000-7f4bd7dfc000 rw-p 00005000 08:06 1320123                    /usr/lib/x86_64-linux-gnu/libXdmcp.so.6.0.0
7f4bd7dfc000-7f4bd7dfe000 r-xp 00000000 08:06 1320112                    /usr/lib/x86_64-linux-gnu/libXau.so.6.0.0
7f4bd7dfe000-7f4bd7ffe000 ---p 00002000 08:06 1320112                    /usr/lib/x86_64-linux-gnu/libXau.so.6.0.0
7f4bd7ffe000-7f4bd7fff000 r--p 00002000 08:06 1320112                    /usr/lib/x86_64-linux-gnu/libXau.so.6.0.0
7f4bd7fff000-7f4bd8000000 rw-p 00003000 08:06 1320112                    /usr/lib/x86_64-linux-gnu/libXau.so.6.0.0
7f4bd8000000-7f4bd8021000 rw-p 00000000 00:00 0 
7f4bd8021000-7f4bdc000000 ---p 00000000 00:00 0 
7f4bdc000000-7f4bdc021000 rw-p 00000000 00:00 0 
7f4bdc021000-7f4be0000000 ---p 00000000 00:00 0 
7f4be0000000-7f4be04a7000 rw-p 00000000 00:00 0 
7f4be04a7000-7f4be4000000 ---p 00000000 00:00 0 
7f4be4000000-7f4be446b000 rw-p 00000000 00:00 0 
7f4be446b000-7f4be8000000 ---p 00000000 00:00 0 
7f4be8000000-7f4be8021000 rw-p 00000000 00:00 0 
7f4be8021000-7f4bec000000 ---p 00000000 00:00 0 
7f4bec000000-7f4bed0a3000 rw-p 00000000 00:00 0 
7f4bed0a3000-7f4bf0000000 ---p 00000000 00:00 0 
7f4bf0000000-7f4bf0021000 rw-p 00000000 00:00 0 
7f4bf0021000-7f4bf4000000 ---p 00000000 00:00 0 
7f4bf4000000-7f4bf4021000 rw-p 00000000 00:00 0 
7f4bf4021000-7f4bf8000000 ---p 00000000 00:00 0 
7f4bf8000000-7f4bf8021000 rw-p 00000000 00:00 0 
7f4bf8021000-7f4bfc000000 ---p 00000000 00:00 0 
7f4bfc000000-7f4bfc021000 rw-p 00000000 00:00 0 
7f4bfc021000-7f4c00000000 ---p 00000000 00:00 0 
7f4c00033000-7f4c00046000 r--s 00345000 08:06 1318554                    /usr/lib/jvm/java-8-oracle/jre/lib/resources.jar
7f4c00046000-7f4c00051000 r--s 00000000 08:06 525020                     /var/cache/fontconfig/945677eb7aeaf62f1d50efc3fb3ec7d8-le64.cache-6
7f4c00051000-7f4c00053000 r--s 00000000 08:06 524904                     /var/cache/fontconfig/99e8ed0e538f840c565b6ed5dad60d56-le64.cache-6
7f4c00053000-7f4c0005c000 r--s 00000000 08:06 524900                     /var/cache/fontconfig/a6d8cf8e4ec09cdbc8633c31745a07dd-le64.cache-6
7f4c0005c000-7f4c00062000 r--s 00000000 08:06 524899                     /var/cache/fontconfig/2cd17615ca594fa2959ae173292e504c-le64.cache-6
7f4c00062000-7f4c00063000 r--s 00000000 08:06 524897                     /var/cache/fontconfig/0d8c3b2ac0904cb8a57a757ad11a4a08-le64.cache-6
7f4c00063000-7f4c00078000 r--s 00000000 08:06 524896                     /var/cache/fontconfig/04aabc0a78ac019cf9454389977116d2-le64.cache-6
7f4c00078000-7f4c00079000 r--s 00000000 08:06 524894                     /var/cache/fontconfig/1ac9eb803944fde146138c791f5cc56a-le64.cache-6
7f4c00079000-7f4c0007d000 r--s 00000000 08:06 524893                     /var/cache/fontconfig/385c0604a188198f04d133e54aba7fe7-le64.cache-6
7f4c0007d000-7f4c00080000 r--s 00000000 08:06 524884                     /var/cache/fontconfig/767a8244fc0220cfb567a839d0392e0b-le64.cache-6
7f4c00080000-7f4c00085000 r--s 00000000 08:06 524876                     /var/cache/fontconfig/8801497958630a81b71ace7c5f9b32a8-le64.cache-6
7f4c00085000-7f4c0008c000 r--s 00000000 08:06 524865                     /var/cache/fontconfig/3047814df9a2f067bd2d96a2b9c36e5a-le64.cache-6
7f4c0008c000-7f4c00092000 r--s 00000000 08:06 524857                     /var/cache/fontconfig/b47c4e1ecd0709278f4910c18777a504-le64.cache-6
7f4c00092000-7f4c0009a000 r--s 00000000 08:06 524833                     /var/cache/fontconfig/52f7bdb7ce746bfd7eaa1985bd9cfa93-le64.cache-6
7f4c0009a000-7f4c000ad000 r--s 00000000 08:06 524789                     /var/cache/fontconfig/d52a8644073d54c13679302ca1180695-le64.cache-6
7f4c000ad000-7f4c000b1000 r--s 00000000 08:06 524787                     /var/cache/fontconfig/d589a48862398ed80a3d6066f4f56f4c-le64.cache-6
7f4c000b1000-7f4c000be000 r--s 00000000 08:06 524786                     /var/cache/fontconfig/089dead882dea3570ffc31a9898cfb69-le64.cache-6
7f4c000be000-7f4c000c9000 r--s 00000000 08:06 524775                     /var/cache/fontconfig/83bf95040141907cd45bb53cf7c1c148-le64.cache-6
7f4c000c9000-7f4c000db000 r--s 00000000 08:06 524402                     /var/cache/fontconfig/9b89f8e3dae116d678bbf48e5f21f69b-le64.cache-6
7f4c000db000-7f4c000fc000 r--p 00000000 08:06 2102430                    /usr/share/locale-langpack/zh_CN/LC_MESSAGES/libc.mo
7f4c000fc000-7f4c0011d000 r-xp 00000000 08:06 1321492                    /usr/lib/x86_64-linux-gnu/libxcb.so.1.1.0
7f4c0011d000-7f4c0031c000 ---p 00021000 08:06 1321492                    /usr/lib/x86_64-linux-gnu/libxcb.so.1.1.0
7f4c0031c000-7f4c0031d000 r--p 00020000 08:06 1321492                    /usr/lib/x86_64-linux-gnu/libxcb.so.1.1.0
7f4c0031d000-7f4c0031e000 rw-p 00021000 08:06 1321492                    /usr/lib/x86_64-linux-gnu/libxcb.so.1.1.0
7f4c0031e000-7f4c0032d000 r-xp 00000000 08:06 1320133                    /usr/lib/x86_64-linux-gnu/libXi.so.6.1.0
7f4c0032d000-7f4c0052c000 ---p 0000f000 08:06 1320133                    /usr/lib/x86_64-linux-gnu/libXi.so.6.1.0
7f4c0052c000-7f4c0052d000 r--p 0000e000 08:06 1320133                    /usr/lib/x86_64-linux-gnu/libXi.so.6.1.0
7f4c0052d000-7f4c0052e000 rw-p 0000f000 08:06 1320133                    /usr/lib/x86_64-linux-gnu/libXi.so.6.1.0
7f4c0052e000-7f4c00533000 r-xp 00000000 08:06 1320151                    /usr/lib/x86_64-linux-gnu/libXtst.so.6.1.0
7f4c00533000-7f4c00732000 ---p 00005000 08:06 1320151                    /usr/lib/x86_64-linux-gnu/libXtst.so.6.1.0
7f4c00732000-7f4c00733000 r--p 00004000 08:06 1320151                    /usr/lib/x86_64-linux-gnu/libXtst.so.6.1.0
7f4c00733000-7f4c00734000 rw-p 00005000 08:06 1320151                    /usr/lib/x86_64-linux-gnu/libXtst.so.6.1.0
7f4c00734000-7f4c0073d000 r-xp 00000000 08:06 1320145                    /usr/lib/x86_64-linux-gnu/libXrender.so.1.3.0
7f4c0073d000-7f4c0093c000 ---p 00009000 08:06 1320145                    /usr/lib/x86_64-linux-gnu/libXrender.so.1.3.0
7f4c0093c000-7f4c0093d000 r--p 00008000 08:06 1320145                    /usr/lib/x86_64-linux-gnu/libXrender.so.1.3.0
7f4c0093d000-7f4c0093e000 rw-p 00009000 08:06 1320145                    /usr/lib/x86_64-linux-gnu/libXrender.so.1.3.0
7f4c0093e000-7f4c00a73000 r-xp 00000000 08:06 1320108                    /usr/lib/x86_64-linux-gnu/libX11.so.6.3.0
7f4c00a73000-7f4c00c73000 ---p 00135000 08:06 1320108                    /usr/lib/x86_64-linux-gnu/libX11.so.6.3.0
7f4c00c73000-7f4c00c74000 r--p 00135000 08:06 1320108                    /usr/lib/x86_64-linux-gnu/libX11.so.6.3.0
7f4c00c74000-7f4c00c78000 rw-p 00136000 08:06 1320108                    /usr/lib/x86_64-linux-gnu/libX11.so.6.3.0
7f4c00c78000-7f4c00c89000 r-xp 00000000 08:06 1320125                    /usr/lib/x86_64-linux-gnu/libXext.so.6.4.0
7f4c00c89000-7f4c00e88000 ---p 00011000 08:06 1320125                    /usr/lib/x86_64-linux-gnu/libXext.so.6.4.0
7f4c00e88000-7f4c00e89000 r--p 00010000 08:06 1320125                    /usr/lib/x86_64-linux-gnu/libXext.so.6.4.0
7f4c00e89000-7f4c00e8a000 rw-p 00011000 08:06 1320125                    /usr/lib/x86_64-linux-gnu/libXext.so.6.4.0
7f4c00e8a000-7f4c00e8b000 r--s 00000000 08:06 524885                     /var/cache/fontconfig/dc05db6664285cc2f12bf69c139ae4c3-le64.cache-6
7f4c00e8b000-7f4c00e8c000 r--s 00000000 08:06 524882                     /var/cache/fontconfig/4794a0821666d79190d59a36cb4f44b5-le64.cache-6
7f4c00e8c000-7f4c00e8d000 r--s 00000000 08:06 524874                     /var/cache/fontconfig/bab58bb527bb656aaa9f116d68a48d89-le64.cache-6
7f4c00e8d000-7f4c00e90000 r--s 00000000 08:06 524778                     /var/cache/fontconfig/75114ca45c98e8a441da0ff356701271-le64.cache-6
7f4c00e9c000-7f4c00ea5000 rw-s 00000000 00:05 47710263                   /SYSV00000000 (deleted)
7f4c00ea8000-7f4c00efc000 r-xp 00000000 08:06 1318750                    /usr/lib/jvm/java-8-oracle/jre/lib/amd64/libawt_xawt.so
7f4c00efc000-7f4c010fc000 ---p 00054000 08:06 1318750                    /usr/lib/jvm/java-8-oracle/jre/lib/amd64/libawt_xawt.so
7f4c010fc000-7f4c01100000 rw-p 00054000 08:06 1318750                    /usr/lib/jvm/java-8-oracle/jre/lib/amd64/libawt_xawt.so
7f4c01100000-7f4c01101000 rw-p 00000000 00:00 0 
7f4c01101000-7f4c011a3000 r-xp 00000000 08:06 1318731                    /usr/lib/jvm/java-8-oracle/jre/lib/amd64/libawt.so
7f4c011a3000-7f4c013a3000 ---p 000a2000 08:06 1318731                    /usr/lib/jvm/java-8-oracle/jre/lib/amd64/libawt.so
7f4c013a3000-7f4c013af000 rw-p 000a2000 08:06 1318731                    /usr/lib/jvm/java-8-oracle/jre/lib/amd64/libawt.so
7f4c013af000-7f4c013d3000 rw-p 00000000 00:00 0 
7f4c013d3000-7f4c013f5000 r--s 0019e000 08:09 7209441                    /home/xiaobear/eclipse/xiaobear_java/jq/3rdLibs/substance.jar
7f4c013f5000-7f4c0148b000 r--s 0110a000 08:06 1318578                    /usr/lib/jvm/java-8-oracle/jre/lib/ext/jfxrt.jar
7f4c0148b000-7f4c0148c000 ---p 00000000 00:00 0 
7f4c0148c000-7f4c0158c000 rw-p 00000000 00:00 0 
7f4c0158c000-7f4c0158f000 ---p 00000000 00:00 0 
7f4c0158f000-7f4c0168d000 rw-p 00000000 00:00 0 
7f4c0168d000-7f4c01690000 ---p 00000000 00:00 0 
7f4c01690000-7f4c0178e000 rw-p 00000000 00:00 0 
7f4c0178e000-7f4c01791000 ---p 00000000 00:00 0 
7f4c01791000-7f4c0188f000 rw-p 00000000 00:00 0 
7f4c0188f000-7f4c01892000 ---p 00000000 00:00 0 
7f4c01892000-7f4c01990000 rw-p 00000000 00:00 0 
7f4c01990000-7f4c01993000 ---p 00000000 00:00 0 
7f4c01993000-7f4c01a91000 rw-p 00000000 00:00 0 
7f4c01a91000-7f4c020da000 r--p 00000000 08:06 1333138                    /usr/lib/locale/locale-archive
7f4c020da000-7f4c020dd000 ---p 00000000 00:00 0 
7f4c020dd000-7f4c021db000 rw-p 00000000 00:00 0 
7f4c021db000-7f4c021de000 ---p 00000000 00:00 0 
7f4c021de000-7f4c022dc000 rw-p 00000000 00:00 0 
7f4c022dc000-7f4c022dd000 ---p 00000000 00:00 0 
7f4c022dd000-7f4c0324e000 rw-p 00000000 00:00 0 
7f4c0324e000-7f4c03427000 r--s 03d64000 08:06 1318508                    /usr/lib/jvm/java-8-oracle/jre/lib/rt.jar
7f4c03427000-7f4c04000000 rw-p 00000000 00:00 0 
7f4c04000000-7f4c04021000 rw-p 00000000 00:00 0 
7f4c04021000-7f4c08000000 ---p 00000000 00:00 0 
7f4c08000000-7f4c08021000 rw-p 00000000 00:00 0 
7f4c08021000-7f4c0c000000 ---p 00000000 00:00 0 
7f4c0c000000-7f4c0c021000 rw-p 00000000 00:00 0 
7f4c0c021000-7f4c10000000 ---p 00000000 00:00 0 
7f4c10000000-7f4c10001000 r--s 00000000 08:06 524861                     /var/cache/fontconfig/56cf4f4769d0f4abc89a4895d7bd3ae1-le64.cache-6
7f4c10001000-7f4c10002000 r--s 00000000 08:06 524859                     /var/cache/fontconfig/b9d506c9ac06c20b433354fa67a72993-le64.cache-6
7f4c10002000-7f4c1000f000 r--s 00000000 08:06 524755                     /var/cache/fontconfig/e13b20fdb08344e0e664864cc2ede53d-le64.cache-6
7f4c1000f000-7f4c10013000 r--s 00000000 08:06 524400                     /var/cache/fontconfig/7ef2298fde41cc6eeb7af42e48b7d293-le64.cache-6
7f4c10013000-7f4c13ea4000 rw-p 00000000 00:00 0 
7f4c13ea4000-7f4c13ea5000 ---p 00000000 00:00 0 
7f4c13ea5000-7f4c13fa5000 rw-p 00000000 00:00 0 
7f4c13fa5000-7f4c13fa6000 ---p 00000000 00:00 0 
7f4c13fa6000-7f4c140a6000 rw-p 00000000 00:00 0 
7f4c140a6000-7f4c140a7000 ---p 00000000 00:00 0 
7f4c140a7000-7f4c141d1000 rw-p 00000000 00:00 0 
7f4c141d1000-7f4c14438000 ---p 00000000 00:00 0 
7f4c14438000-7f4c14462000 rw-p 00000000 00:00 0 
7f4c14462000-7f4c146c8000 ---p 00000000 00:00 0 
7f4c146c8000-7f4c1474c000 rw-p 00000000 00:00 0 
7f4c1474c000-7f4c14811000 ---p 00000000 00:00 0 
7f4c14811000-7f4c14839000 rw-p 00000000 00:00 0 
7f4c14839000-7f4c14bd2000 ---p 00000000 00:00 0 
7f4c14bd2000-7f4c15562000 rwxp 00000000 00:00 0 
7f4c15562000-7f4c23bd2000 ---p 00000000 00:00 0 
7f4c23bd2000-7f4c23bed000 r-xp 00000000 08:06 1318734                    /usr/lib/jvm/java-8-oracle/jre/lib/amd64/libzip.so
7f4c23bed000-7f4c23ded000 ---p 0001b000 08:06 1318734                    /usr/lib/jvm/java-8-oracle/jre/lib/amd64/libzip.so
7f4c23ded000-7f4c23dee000 rw-p 0001b000 08:06 1318734                    /usr/lib/jvm/java-8-oracle/jre/lib/amd64/libzip.so
7f4c23dee000-7f4c23df9000 r-xp 00000000 08:06 1848168                    /lib/x86_64-linux-gnu/libnss_files-2.23.so
7f4c23df9000-7f4c23ff8000 ---p 0000b000 08:06 1848168                    /lib/x86_64-linux-gnu/libnss_files-2.23.so
7f4c23ff8000-7f4c23ff9000 r--p 0000a000 08:06 1848168                    /lib/x86_64-linux-gnu/libnss_files-2.23.so
7f4c23ff9000-7f4c23ffa000 rw-p 0000b000 08:06 1848168                    /lib/x86_64-linux-gnu/libnss_files-2.23.so
7f4c23ffa000-7f4c24000000 rw-p 00000000 00:00 0 
7f4c24000000-7f4c2466c000 rw-p 00000000 00:00 0 
7f4c2466c000-7f4c28000000 ---p 00000000 00:00 0 
7f4c28000000-7f4c28001000 r--s 00000000 08:06 524788                     /var/cache/fontconfig/551ecf3b0e8b0bca0f25c0944f561853-le64.cache-6
7f4c28001000-7f4c28002000 r--s 00000000 08:06 524784                     /var/cache/fontconfig/30829fa25452a46451e813d634d7f916-le64.cache-6
7f4c28002000-7f4c280e8000 rw-p 00000000 00:00 0 
7f4c280e8000-7f4c280e9000 ---p 00000000 00:00 0 
7f4c280e9000-7f4c281e9000 rw-p 00000000 00:00 0 
7f4c281e9000-7f4c281f4000 r-xp 00000000 08:06 1848172                    /lib/x86_64-linux-gnu/libnss_nis-2.23.so
7f4c281f4000-7f4c283f3000 ---p 0000b000 08:06 1848172                    /lib/x86_64-linux-gnu/libnss_nis-2.23.so
7f4c283f3000-7f4c283f4000 r--p 0000a000 08:06 1848172                    /lib/x86_64-linux-gnu/libnss_nis-2.23.so
7f4c283f4000-7f4c283f5000 rw-p 0000b000 08:06 1848172                    /lib/x86_64-linux-gnu/libnss_nis-2.23.so
7f4c283f5000-7f4c2840b000 r-xp 00000000 08:06 1848152                    /lib/x86_64-linux-gnu/libnsl-2.23.so
7f4c2840b000-7f4c2860a000 ---p 00016000 08:06 1848152                    /lib/x86_64-linux-gnu/libnsl-2.23.so
7f4c2860a000-7f4c2860b000 r--p 00015000 08:06 1848152                    /lib/x86_64-linux-gnu/libnsl-2.23.so
7f4c2860b000-7f4c2860c000 rw-p 00016000 08:06 1848152                    /lib/x86_64-linux-gnu/libnsl-2.23.so
7f4c2860c000-7f4c2860e000 rw-p 00000000 00:00 0 
7f4c2860e000-7f4c28616000 r-xp 00000000 08:06 1848163                    /lib/x86_64-linux-gnu/libnss_compat-2.23.so
7f4c28616000-7f4c28815000 ---p 00008000 08:06 1848163                    /lib/x86_64-linux-gnu/libnss_compat-2.23.so
7f4c28815000-7f4c28816000 r--p 00007000 08:06 1848163                    /lib/x86_64-linux-gnu/libnss_compat-2.23.so
7f4c28816000-7f4c28817000 rw-p 00008000 08:06 1848163                    /lib/x86_64-linux-gnu/libnss_compat-2.23.so
7f4c28817000-7f4c28842000 r-xp 00000000 08:06 1318728                    /usr/lib/jvm/java-8-oracle/jre/lib/amd64/libjava.so
7f4c28842000-7f4c28a41000 ---p 0002b000 08:06 1318728                    /usr/lib/jvm/java-8-oracle/jre/lib/amd64/libjava.so
7f4c28a41000-7f4c28a43000 rw-p 0002a000 08:06 1318728                    /usr/lib/jvm/java-8-oracle/jre/lib/amd64/libjava.so
7f4c28a43000-7f4c28a50000 r-xp 00000000 08:06 1318733                    /usr/lib/jvm/java-8-oracle/jre/lib/amd64/libverify.so
7f4c28a50000-7f4c28c50000 ---p 0000d000 08:06 1318733                    /usr/lib/jvm/java-8-oracle/jre/lib/amd64/libverify.so
7f4c28c50000-7f4c28c52000 rw-p 0000d000 08:06 1318733                    /usr/lib/jvm/java-8-oracle/jre/lib/amd64/libverify.so
7f4c28c52000-7f4c28c59000 r-xp 00000000 08:06 1848173                    /lib/x86_64-linux-gnu/librt-2.23.so
7f4c28c59000-7f4c28e58000 ---p 00007000 08:06 1848173                    /lib/x86_64-linux-gnu/librt-2.23.so
7f4c28e58000-7f4c28e59000 r--p 00006000 08:06 1848173                    /lib/x86_64-linux-gnu/librt-2.23.so
7f4c28e59000-7f4c28e5a000 rw-p 00007000 08:06 1848173                    /lib/x86_64-linux-gnu/librt-2.23.so
7f4c28e5a000-7f4c28f62000 r-xp 00000000 08:06 1848151                    /lib/x86_64-linux-gnu/libm-2.23.so
7f4c28f62000-7f4c29161000 ---p 00108000 08:06 1848151                    /lib/x86_64-linux-gnu/libm-2.23.so
7f4c29161000-7f4c29162000 r--p 00107000 08:06 1848151                    /lib/x86_64-linux-gnu/libm-2.23.so
7f4c29162000-7f4c29163000 rw-p 00108000 08:06 1848151                    /lib/x86_64-linux-gnu/libm-2.23.so
7f4c29163000-7f4c29e3c000 r-xp 00000000 08:06 1318711                    /usr/lib/jvm/java-8-oracle/jre/lib/amd64/server/libjvm.so
7f4c29e3c000-7f4c2a03b000 ---p 00cd9000 08:06 1318711                    /usr/lib/jvm/java-8-oracle/jre/lib/amd64/server/libjvm.so
7f4c2a03b000-7f4c2a114000 rw-p 00cd8000 08:06 1318711                    /usr/lib/jvm/java-8-oracle/jre/lib/amd64/server/libjvm.so
7f4c2a114000-7f4c2a160000 rw-p 00000000 00:00 0 
7f4c2a160000-7f4c2a320000 r-xp 00000000 08:06 1848155                    /lib/x86_64-linux-gnu/libc-2.23.so
7f4c2a320000-7f4c2a520000 ---p 001c0000 08:06 1848155                    /lib/x86_64-linux-gnu/libc-2.23.so
7f4c2a520000-7f4c2a524000 r--p 001c0000 08:06 1848155                    /lib/x86_64-linux-gnu/libc-2.23.so
7f4c2a524000-7f4c2a526000 rw-p 001c4000 08:06 1848155                    /lib/x86_64-linux-gnu/libc-2.23.so
7f4c2a526000-7f4c2a52a000 rw-p 00000000 00:00 0 
7f4c2a52a000-7f4c2a52d000 r-xp 00000000 08:06 1848157                    /lib/x86_64-linux-gnu/libdl-2.23.so
7f4c2a52d000-7f4c2a72c000 ---p 00003000 08:06 1848157                    /lib/x86_64-linux-gnu/libdl-2.23.so
7f4c2a72c000-7f4c2a72d000 r--p 00002000 08:06 1848157                    /lib/x86_64-linux-gnu/libdl-2.23.so
7f4c2a72d000-7f4c2a72e000 rw-p 00003000 08:06 1848157                    /lib/x86_64-linux-gnu/libdl-2.23.so
7f4c2a72e000-7f4c2a744000 r-xp 00000000 08:06 1318328                    /usr/lib/jvm/java-8-oracle/lib/amd64/jli/libjli.so
7f4c2a744000-7f4c2a943000 ---p 00016000 08:06 1318328                    /usr/lib/jvm/java-8-oracle/lib/amd64/jli/libjli.so
7f4c2a943000-7f4c2a944000 rw-p 00015000 08:06 1318328                    /usr/lib/jvm/java-8-oracle/lib/amd64/jli/libjli.so
7f4c2a944000-7f4c2a95c000 r-xp 00000000 08:06 1848154                    /lib/x86_64-linux-gnu/libpthread-2.23.so
7f4c2a95c000-7f4c2ab5b000 ---p 00018000 08:06 1848154                    /lib/x86_64-linux-gnu/libpthread-2.23.so
7f4c2ab5b000-7f4c2ab5c000 r--p 00017000 08:06 1848154                    /lib/x86_64-linux-gnu/libpthread-2.23.so
7f4c2ab5c000-7f4c2ab5d000 rw-p 00018000 08:06 1848154                    /lib/x86_64-linux-gnu/libpthread-2.23.so
7f4c2ab5d000-7f4c2ab61000 rw-p 00000000 00:00 0 
7f4c2ab61000-7f4c2ab87000 r-xp 00000000 08:06 1848153                    /lib/x86_64-linux-gnu/ld-2.23.so
7f4c2ab87000-7f4c2ab88000 r--s 00000000 08:06 524783                     /var/cache/fontconfig/0c9eb80ebd1c36541ebe2852d3bb0c49-le64.cache-6
7f4c2ab88000-7f4c2ab8d000 r--s 0009d000 08:06 1318573                    /usr/lib/jvm/java-8-oracle/jre/lib/jsse.jar
7f4c2ab8d000-7f4c2ab97000 r--s 00116000 08:06 1318584                    /usr/lib/jvm/java-8-oracle/jre/lib/ext/localedata.jar
7f4c2ab97000-7f4c2ac62000 rw-p 00000000 00:00 0 
7f4c2ac62000-7f4c2ac65000 ---p 00000000 00:00 0 
7f4c2ac65000-7f4c2ad68000 rw-p 00000000 00:00 0 
7f4c2ad68000-7f4c2ad6f000 r--s 00000000 08:06 1585521                    /usr/lib/x86_64-linux-gnu/gconv/gconv-modules.cache
7f4c2ad6f000-7f4c2ad77000 r--s 0008a000 08:09 7210092                    /home/xiaobear/eclipse/xiaobear_java/jq/3rdLibs/protobuf-java-2.6.1.jar
7f4c2ad77000-7f4c2ad7c000 r--s 002f9000 08:06 1318506                    /usr/lib/jvm/java-8-oracle/jre/lib/charsets.jar
7f4c2ad7c000-7f4c2ad84000 rw-s 00000000 08:06 3284605                    /tmp/hsperfdata_xc/32131
7f4c2ad84000-7f4c2ad85000 rw-p 00000000 00:00 0 
7f4c2ad85000-7f4c2ad86000 r--p 00000000 00:00 0 
7f4c2ad86000-7f4c2ad87000 r--p 00025000 08:06 1848153                    /lib/x86_64-linux-gnu/ld-2.23.so
7f4c2ad87000-7f4c2ad88000 rw-p 00026000 08:06 1848153                    /lib/x86_64-linux-gnu/ld-2.23.so
7f4c2ad88000-7f4c2ad89000 rw-p 00000000 00:00 0 
7ffcd44c6000-7ffcd44e7000 rw-p 00000000 00:00 0                          [stack]
7ffcd452b000-7ffcd452e000 r--p 00000000 00:00 0                          [vvar]
7ffcd452e000-7ffcd4530000 r-xp 00000000 00:00 0                          [vdso]
ffffffffff600000-ffffffffff601000 r-xp 00000000 00:00 0                  [vsyscall]

VM Arguments:
jvm_args: -Dfile.encoding=gbk 
java_command: client.ClientMain
java_class_path (initial): /home/xiaobear/eclipse/xiaobear_java/jq/bin:/home/xiaobear/eclipse/xiaobear_java/jq/3rdLibs/substance.jar:/home/xiaobear/eclipse/xiaobear_java/jq/3rdLibs/protobuf-java-2.6.1.jar
Launcher Type: SUN_STANDARD

Environment Variables:
JAVA_HOME=/usr/lib/jvm/java-8-oracle
PATH=/usr/local/sbin:/usr/local/bin:/usr/sbin:/usr/bin:/sbin:/bin:/usr/games:/usr/local/games:/snap/bin:/usr/lib/jvm/java-8-oracle/bin:/usr/lib/jvm/java-8-oracle/db/bin:/usr/lib/jvm/java-8-oracle/jre/bin
SHELL=/bin/bash
DISPLAY=:0

Signal Handlers:
SIGSEGV: [libjvm.so+0xad01e0], sa_mask[0]=11111111011111111101111111111110, sa_flags=SA_RESTART|SA_SIGINFO
SIGBUS: [libjvm.so+0xad01e0], sa_mask[0]=11111111011111111101111111111110, sa_flags=SA_RESTART|SA_SIGINFO
SIGFPE: [libjvm.so+0x927fb0], sa_mask[0]=11111111011111111101111111111110, sa_flags=SA_RESTART|SA_SIGINFO
SIGPIPE: [libjvm.so+0x927fb0], sa_mask[0]=11111111011111111101111111111110, sa_flags=SA_RESTART|SA_SIGINFO
SIGXFSZ: [libjvm.so+0x927fb0], sa_mask[0]=11111111011111111101111111111110, sa_flags=SA_RESTART|SA_SIGINFO
SIGILL: [libjvm.so+0x927fb0], sa_mask[0]=11111111011111111101111111111110, sa_flags=SA_RESTART|SA_SIGINFO
SIGUSR1: SIG_DFL, sa_mask[0]=00000000000000000000000000000000, sa_flags=none
SIGUSR2: [libjvm.so+0x9297f0], sa_mask[0]=00100000000000000000000000000000, sa_flags=SA_RESTART|SA_SIGINFO
SIGHUP: [libjvm.so+0x92abf0], sa_mask[0]=11111111011111111101111111111110, sa_flags=SA_RESTART|SA_SIGINFO
SIGINT: [libjvm.so+0x92abf0], sa_mask[0]=11111111011111111101111111111110, sa_flags=SA_RESTART|SA_SIGINFO
SIGTERM: [libjvm.so+0x92abf0], sa_mask[0]=11111111011111111101111111111110, sa_flags=SA_RESTART|SA_SIGINFO
SIGQUIT: [libjvm.so+0x92abf0], sa_mask[0]=11111111011111111101111111111110, sa_flags=SA_RESTART|SA_SIGINFO


---------------  S Y S T E M  ---------------

OS:DISTRIB_ID=Ubuntu
DISTRIB_RELEASE=16.04
DISTRIB_CODENAME=xenial
DISTRIB_DESCRIPTION="Ubuntu 16.04 LTS"

uname:Linux 4.4.0-121-generic #145-Ubuntu SMP Fri Apr 13 13:47:23 UTC 2018 x86_64
libc:glibc 2.23 NPTL 2.23 
rlimit: STACK 8192k, CORE 0k, NPROC 31174, NOFILE 1048576, AS infinity
load average:58.77 17.66 7.34

/proc/meminfo:
MemTotal:        8061736 kB
MemFree:         2305468 kB
MemAvailable:    2623216 kB
Buffers:           31748 kB
Cached:           468932 kB
SwapCached:       204860 kB
Active:          4504824 kB
Inactive:         971132 kB
Active(anon):    4270460 kB
Inactive(anon):   709168 kB
Active(file):     234364 kB
Inactive(file):   261964 kB
Unevictable:          32 kB
Mlocked:              32 kB
SwapTotal:      15999484 kB
SwapFree:       11306952 kB
Dirty:               716 kB
Writeback:             0 kB
AnonPages:       4942000 kB
Mapped:            48236 kB
Shmem:              4252 kB
Slab:             160380 kB
SReclaimable:      83636 kB
SUnreclaim:        76744 kB
KernelStack:       20016 kB
PageTables:        38536 kB
NFS_Unstable:          0 kB
Bounce:                0 kB
WritebackTmp:          0 kB
CommitLimit:    20030352 kB
Committed_AS:   17660460 kB
VmallocTotal:   34359738367 kB
VmallocUsed:           0 kB
VmallocChunk:          0 kB
HardwareCorrupted:     0 kB
AnonHugePages:         0 kB
CmaTotal:              0 kB
CmaFree:               0 kB
HugePages_Total:       0
HugePages_Free:        0
HugePages_Rsvd:        0
HugePages_Surp:        0
Hugepagesize:       2048 kB
DirectMap4k:      183756 kB
DirectMap2M:     8091648 kB
DirectMap1G:           0 kB


CPU:total 4 (initial active 4) (2 cores per cpu, 2 threads per core) family 6 model 60 stepping 3, cmov, cx8, fxsr, mmx, sse, sse2, sse3, ssse3, sse4.1, sse4.2, popcnt, avx, avx2, aes, clmul, erms, lzcnt, ht, tsc, tscinvbit, bmi1, bmi2

/proc/cpuinfo:
processor	: 0
vendor_id	: GenuineIntel
cpu family	: 6
model		: 60
model name	: Intel(R) Core(TM) i5-4200H CPU @ 2.80GHz
stepping	: 3
microcode	: 0x1c
cpu MHz		: 2800.000
cache size	: 3072 KB
physical id	: 0
siblings	: 4
core id		: 0
cpu cores	: 2
apicid		: 0
initial apicid	: 0
fpu		: yes
fpu_exception	: yes
cpuid level	: 13
wp		: yes
flags		: fpu vme de pse tsc msr pae mce cx8 apic sep mtrr pge mca cmov pat pse36 clflush dts acpi mmx fxsr sse sse2 ss ht tm pbe syscall nx pdpe1gb rdtscp lm constant_tsc arch_perfmon pebs bts rep_good nopl xtopology nonstop_tsc aperfmperf eagerfpu pni pclmulqdq dtes64 monitor ds_cpl vmx est tm2 ssse3 sdbg fma cx16 xtpr pdcm pcid sse4_1 sse4_2 x2apic movbe popcnt tsc_deadline_timer aes xsave avx f16c rdrand lahf_lm abm epb invpcid_single retpoline kaiser tpr_shadow vnmi flexpriority ept vpid fsgsbase tsc_adjust bmi1 avx2 smep bmi2 erms invpcid xsaveopt dtherm ida arat pln pts
bugs		: cpu_meltdown spectre_v1 spectre_v2
bogomips	: 5587.63
clflush size	: 64
cache_alignment	: 64
address sizes	: 39 bits physical, 48 bits virtual
power management:

processor	: 1
vendor_id	: GenuineIntel
cpu family	: 6
model		: 60
model name	: Intel(R) Core(TM) i5-4200H CPU @ 2.80GHz
stepping	: 3
microcode	: 0x1c
cpu MHz		: 2794.968
cache size	: 3072 KB
physical id	: 0
siblings	: 4
core id		: 1
cpu cores	: 2
apicid		: 2
initial apicid	: 2
fpu		: yes
fpu_exception	: yes
cpuid level	: 13
wp		: yes
flags		: fpu vme de pse tsc msr pae mce cx8 apic sep mtrr pge mca cmov pat pse36 clflush dts acpi mmx fxsr sse sse2 ss ht tm pbe syscall nx pdpe1gb rdtscp lm constant_tsc arch_perfmon pebs bts rep_good nopl xtopology nonstop_tsc aperfmperf eagerfpu pni pclmulqdq dtes64 monitor ds_cpl vmx est tm2 ssse3 sdbg fma cx16 xtpr pdcm pcid sse4_1 sse4_2 x2apic movbe popcnt tsc_deadline_timer aes xsave avx f16c rdrand lahf_lm abm epb invpcid_single retpoline kaiser tpr_shadow vnmi flexpriority ept vpid fsgsbase tsc_adjust bmi1 avx2 smep bmi2 erms invpcid xsaveopt dtherm ida arat pln pts
bugs		: cpu_meltdown spectre_v1 spectre_v2
bogomips	: 5587.63
clflush size	: 64
cache_alignment	: 64
address sizes	: 39 bits physical, 48 bits virtual
power management:

processor	: 2
vendor_id	: GenuineIntel
cpu family	: 6
model		: 60
model name	: Intel(R) Core(TM) i5-4200H CPU @ 2.80GHz
stepping	: 3
microcode	: 0x1c
cpu MHz		: 2799.125
cache size	: 3072 KB
physical id	: 0
siblings	: 4
core id		: 0
cpu cores	: 2
apicid		: 1
initial apicid	: 1
fpu		: yes
fpu_exception	: yes
cpuid level	: 13
wp		: yes
flags		: fpu vme de pse tsc msr pae mce cx8 apic sep mtrr pge mca cmov pat pse36 clflush dts acpi mmx fxsr sse sse2 ss ht tm pbe syscall nx pdpe1gb rdtscp lm constant_tsc arch_perfmon pebs bts rep_good nopl xtopology nonstop_tsc aperfmperf eagerfpu pni pclmulqdq dtes64 monitor ds_cpl vmx est tm2 ssse3 sdbg fma cx16 xtpr pdcm pcid sse4_1 sse4_2 x2apic movbe popcnt tsc_deadline_timer aes xsave avx f16c rdrand lahf_lm abm epb invpcid_single retpoline kaiser tpr_shadow vnmi flexpriority ept vpid fsgsbase tsc_adjust bmi1 avx2 smep bmi2 erms invpcid xsaveopt dtherm ida arat pln pts
bugs		: cpu_meltdown spectre_v1 spectre_v2
bogomips	: 5587.63
clflush size	: 64
cache_alignment	: 64
address sizes	: 39 bits physical, 48 bits virtual
power management:

processor	: 3
vendor_id	: GenuineIntel
cpu family	: 6
model		: 60
model name	: Intel(R) Core(TM) i5-4200H CPU @ 2.80GHz
stepping	: 3
microcode	: 0x1c
cpu MHz		: 2800.000
cache size	: 3072 KB
physical id	: 0
siblings	: 4
core id		: 1
cpu cores	: 2
apicid		: 3
initial apicid	: 3
fpu		: yes
fpu_exception	: yes
cpuid level	: 13
wp		: yes
flags		: fpu vme de pse tsc msr pae mce cx8 apic sep mtrr pge mca cmov pat pse36 clflush dts acpi mmx fxsr sse sse2 ss ht tm pbe syscall nx pdpe1gb rdtscp lm constant_tsc arch_perfmon pebs bts rep_good nopl xtopology nonstop_tsc aperfmperf eagerfpu pni pclmulqdq dtes64 monitor ds_cpl vmx est tm2 ssse3 sdbg fma cx16 xtpr pdcm pcid sse4_1 sse4_2 x2apic movbe popcnt tsc_deadline_timer aes xsave avx f16c rdrand lahf_lm abm epb invpcid_single retpoline kaiser tpr_shadow vnmi flexpriority ept vpid fsgsbase tsc_adjust bmi1 avx2 smep bmi2 erms invpcid xsaveopt dtherm ida arat pln pts
bugs		: cpu_meltdown spectre_v1 spectre_v2
bogomips	: 5587.63
clflush size	: 64
cache_alignment	: 64
address sizes	: 39 bits physical, 48 bits virtual
power management:



Memory: 4k page, physical 8061736k(2305468k free), swap 15999484k(11306952k free)

vm_info: Java HotSpot(TM) 64-Bit Server VM (25.161-b12) for linux-amd64 JRE (1.8.0_161-b12), built on Dec 19 2017 16:12:43 by "java_re" with gcc 4.3.0 20080428 (Red Hat 4.3.0-8)

time: Sun May  6 12:55:59 2018
elapsed time: 65868 seconds (0d 18h 17m 48s)

