#
# A fatal error has been detected by the Java Runtime Environment:
#
#  SIGSEGV (0xb) at pc=0x00007f7bb106a6fa, pid=358, tid=0x00007f7b8d54f700
#
# JRE version: Java(TM) SE Runtime Environment (8.0_161-b12) (build 1.8.0_161-b12)
# Java VM: Java HotSpot(TM) 64-Bit Server VM (25.161-b12 mixed mode linux-amd64 compressed oops)
# Problematic frame:
# v  ~BufferBlob::jni_fast_GetLongField
#
# Failed to write core dump. Core dumps have been disabled. To enable core dumping, try "ulimit -c unlimited" before starting Java again
#
# If you would like to submit a bug report, please visit:
#   http://bugreport.java.com/bugreport/crash.jsp
# The crash happened outside the Java Virtual Machine in native code.
# See problematic frame for where to report the bug.
#

---------------  T H R E A D  ---------------

Current thread (0x00007f7bc0250000):  JavaThread "AWT-XAWT" daemon [_thread_in_native, id=379, stack(0x00007f7b8d44f000,0x00007f7b8d550000)]

siginfo: si_signo: 11 (SIGSEGV), si_code: 1 (SEGV_MAPERR), si_addr: 0x0000000000000000

Registers:
RAX=0x00007f7bc8366b80, RBX=0x00007f7bc02501f8, RCX=0x00007f7bc8dcf2c0, RDX=0x0000000000000042
RSP=0x00007f7b8d54e878, RBP=0x00007f7b8d54e8a0, RSI=0x0000000000000000, RDI=0x00007f7bc02501f8
R8 =0x0000000085dd8340, R9 =0x0000000000000000, R10=0x0000000000000064, R11=0x00000000000001f4
R12=0x00007f7b5c02dd80, R13=0x0000000000000000, R14=0x00007f7b8f2e0820, R15=0x00007f7bc0250000
RIP=0x00007f7bb106a6fa, EFLAGS=0x0000000000010246, CSGSFS=0x0000000000000033, ERR=0x0000000000000004
  TRAPNO=0x000000000000000e

Top of Stack: (sp=0x00007f7b8d54e878)
0x00007f7b8d54e878:   00007f7b8f0bf001 00000000200022ae
0x00007f7b8d54e888:   00007f7b5c02dd80 0000000000000000
0x00007f7b8d54e898:   00007f7b8d54e920 0000000000000000
0x00007f7b8d54e8a8:   00007f7b8eba03c0 00000000200022ae
0x00007f7b8d54e8b8:   00007f7b8d54e8e0 0000000000000000
0x00007f7b8d54e8c8:   00007f7b8eb97f93 0000000000000000
0x00007f7b8d54e8d8:   00007f7b8f0b823f 00007f7b8d54e930
0x00007f7b8d54e8e8:   00007f7bb1793436 0000000000000007
0x00007f7b8d54e8f8:   00007f7b68002e20 00007f7bc4ad8938
0x00007f7b8d54e908:   00000000e7062518 0000000000000031
0x00007f7b8d54e918:   0000000000000031 0000000085dd8038
0x00007f7b8d54e928:   0000000000000206 0000000000000320
0x00007f7b8d54e938:   00007f7bb18fbf8c 0000000100029680
0x00007f7b8d54e948:   e7062f5000000000 00000000e7062518
0x00007f7b8d54e958:   00000000e6f50328 0000000100011570
0x00007f7b8d54e968:   000000010008e908 00007f7be7062f50
0x00007f7b8d54e978:   0000000000400002 00000000e7062f50
0x00007f7b8d54e988:   0000000000000000 0000000000000031
0x00007f7b8d54e998:   0000000000000000 00007f7b8d54ea00
0x00007f7b8d54e9a8:   00007f7bb10082bd deaddeaf00000000
0x00007f7b8d54e9b8:   00000000e6f50328 00007f7b8d54e9c0
0x00007f7b8d54e9c8:   00007f7bc4ad8b05 00007f7b8d54ea10
0x00007f7b8d54e9d8:   00007f7bc4ae1c70 0000000000000000
0x00007f7b8d54e9e8:   00007f7bc4ad8b10 00007f7b8d54e9b0
0x00007f7b8d54e9f8:   00007f7b8d54ea10 00007f7b8d54ea58
0x00007f7b8d54ea08:   00007f7bb1008302 00000000e6f50328
0x00007f7b8d54ea18:   00007f7b8d54ea18 00007f7bc465399b
0x00007f7b8d54ea28:   00007f7b8d54ea68 00007f7bc46db268
0x00007f7b8d54ea38:   0000000000000000 00007f7bc46539a8
0x00007f7b8d54ea48:   00007f7b8d54ea10 00007f7b8d54ea68
0x00007f7b8d54ea58:   00007f7b8d54ead0 00007f7bb10007a7
0x00007f7b8d54ea68:   00000000e7062230 00007f7b00001fa0 

Instructions: (pc=0x00007f7bb106a6fa)
0x00007f7bb106a6da:   00 00 00 00 00 00 44 8b 15 a1 bf 33 17 4c 8b ce
0x00007f7bb106a6ea:   41 f6 c2 01 0f 85 2e 00 00 00 4d 33 ca 4d 33 ca
0x00007f7bb106a6fa:   4d 8b 09 4c 8b da 49 c1 eb 02 4b 8b 04 19 49 bb
0x00007f7bb106a70a:   88 66 3a c8 7b 7f 00 00 4c 33 d8 4c 33 d8 45 3b 

Register to memory mapping:

RAX=0x00007f7bc8366b80: <offset 0xf90b80> in /usr/lib/jvm/java-8-oracle/jre/lib/amd64/server/libjvm.so at 0x00007f7bc73d6000
RBX=0x00007f7bc02501f8 is an unknown value
RCX=0x00007f7bc8dcf2c0: <offset 0x2182c0> in /lib/x86_64-linux-gnu/libpthread.so.0 at 0x00007f7bc8bb7000
RDX=0x0000000000000042 is an unknown value
RSP=0x00007f7b8d54e878 is pointing into the stack for thread: 0x00007f7bc0250000
RBP=0x00007f7b8d54e8a0 is pointing into the stack for thread: 0x00007f7bc0250000
RSI=0x0000000000000000 is an unknown value
RDI=0x00007f7bc02501f8 is an unknown value
R8 =0x0000000085dd8340 is an oop
[I 
 - klass: {type array int}
 - length: 9
R9 =0x0000000000000000 is an unknown value
R10=0x0000000000000064 is an unknown value
R11=0x00000000000001f4 is an unknown value
R12=0x00007f7b5c02dd80 is an unknown value
R13=0x0000000000000000 is an unknown value
R14=0x00007f7b8f2e0820: <offset 0x258820> in /usr/lib/jvm/java-8-oracle/jre/lib/amd64/libawt_xawt.so at 0x00007f7b8f088000
R15=0x00007f7bc0250000 is a thread


Stack: [0x00007f7b8d44f000,0x00007f7b8d550000],  sp=0x00007f7b8d54e878,  free space=1022k
Native frames: (J=compiled Java code, j=interpreted, Vv=VM code, C=native code)
v  ~BufferBlob::jni_fast_GetLongField
C  [libX11.so.6+0x643c0]  _XimServerDestroy+0x70

Java frames: (J=compiled Java code, j=interpreted, Vv=VM code)
J 2424  sun.awt.X11.XlibWrapper.XFilterEvent(JJ)Z (0 bytes) @ 0x00007f7bb17933c4 [0x00007f7bb1793380+0x44]
J 2800% C2 sun.awt.X11.XToolkit.run(Z)V (410 bytes) @ 0x00007f7bb18fbf8c [0x00007f7bb18fae80+0x110c]
j  sun.awt.X11.XToolkit.run()V+5
j  java.lang.Thread.run()V+11
v  ~StubRoutines::call_stub

---------------  P R O C E S S  ---------------

Java Threads: ( => current thread )
  0x00007f7b5c032000 JavaThread "TimerQueue" daemon [_thread_blocked, id=387, stack(0x00007f7b6ca24000,0x00007f7b6cb25000)]
  0x00007f7bc000a800 JavaThread "DestroyJavaVM" [_thread_blocked, id=364, stack(0x00007f7bc8ed5000,0x00007f7bc8fd6000)]
  0x00007f7bc0530000 JavaThread "Laf-Widget fade tracker" [_thread_blocked, id=385, stack(0x00007f7b8c176000,0x00007f7b8c277000)]
  0x00007f7bc02f4800 JavaThread "AWT-EventQueue-0" [_thread_blocked, id=382, stack(0x00007f7b8cc09000,0x00007f7b8cd0a000)]
  0x00007f7bc02eb000 JavaThread "AWT-Shutdown" [_thread_blocked, id=381, stack(0x00007f7b8d137000,0x00007f7b8d238000)]
=>0x00007f7bc0250000 JavaThread "AWT-XAWT" daemon [_thread_in_native, id=379, stack(0x00007f7b8d44f000,0x00007f7b8d550000)]
  0x00007f7bc0238800 JavaThread "Java2D Disposer" daemon [_thread_blocked, id=378, stack(0x00007f7b8d960000,0x00007f7b8da61000)]
  0x00007f7bc00e7000 JavaThread "Service Thread" daemon [_thread_blocked, id=376, stack(0x00007f7b8f6b4000,0x00007f7b8f7b5000)]
  0x00007f7bc00e4000 JavaThread "C1 CompilerThread2" daemon [_thread_blocked, id=375, stack(0x00007f7b8f7b5000,0x00007f7b8f8b6000)]
  0x00007f7bc00d2000 JavaThread "C2 CompilerThread1" daemon [_thread_blocked, id=374, stack(0x00007f7b8f8b6000,0x00007f7b8f9b7000)]
  0x00007f7bc00cf800 JavaThread "C2 CompilerThread0" daemon [_thread_blocked, id=373, stack(0x00007f7ba006e000,0x00007f7ba016f000)]
  0x00007f7bc00c5000 JavaThread "Signal Dispatcher" daemon [_thread_in_vm, id=372, stack(0x00007f7ba016f000,0x00007f7ba0270000)]
  0x00007f7bc0084800 JavaThread "Finalizer" daemon [_thread_blocked, id=371, stack(0x00007f7bb00f1000,0x00007f7bb01f2000)]
  0x00007f7bc0080000 JavaThread "Reference Handler" daemon [_thread_blocked, id=370, stack(0x00007f7bb01f2000,0x00007f7bb02f3000)]

Other Threads:
  0x00007f7bc0078800 VMThread [stack: 0x00007f7bb02f3000,0x00007f7bb03f4000] [id=369]
  0x00007f7bc00ec000 WatcherThread [stack: 0x00007f7b8f5b3000,0x00007f7b8f6b4000] [id=377]

VM state:not at safepoint (normal execution)

VM Mutex/Monitor currently owned by a thread: None

Heap:
 PSYoungGen      total 260608K, used 186925K [0x00000000d6f80000, 0x00000000e7480000, 0x0000000100000000)
  eden space 253952K, 71% used [0x00000000d6f80000,0x00000000e21bfa00,0x00000000e6780000)
  from space 6656K, 66% used [0x00000000e6e00000,0x00000000e724ba18,0x00000000e7480000)
  to   space 6656K, 0% used [0x00000000e6780000,0x00000000e6780000,0x00000000e6e00000)
 ParOldGen       total 84992K, used 17725K [0x0000000084e00000, 0x000000008a100000, 0x00000000d6f80000)
  object space 84992K, 20% used [0x0000000084e00000,0x0000000085f4f4d8,0x000000008a100000)
 Metaspace       used 19986K, capacity 20296K, committed 20480K, reserved 1067008K
  class space    used 2457K, capacity 2554K, committed 2560K, reserved 1048576K

Card table byte_map: [0x00007f7bc5894000,0x00007f7bc5c6e000] byte_map_base: 0x00007f7bc546d000

Marking Bits: (ParMarkBitMap*) 0x00007f7bc83a5920
 Begin Bits: [0x00007f7ba0270000, 0x00007f7ba2138000)
 End Bits:   [0x00007f7ba2138000, 0x00007f7ba4000000)

Polling page: 0x00007f7bc8ff8000

CodeCache: size=245760Kb used=9149Kb max_used=9192Kb free=236610Kb
 bounds [0x00007f7bb1000000, 0x00007f7bb1910000, 0x00007f7bc0000000]
 total_blobs=3440 nmethods=2792 adapters=561
 compilation: enabled

Compilation events (10 events):
Event: 18638.473 Thread 0x00007f7bc00d2000 2796   !   4       sun.awt.X11.XDragSourceContextPeer::processEvent (34 bytes)
Event: 18638.634 Thread 0x00007f7bc00d2000 nmethod 2796 0x00007f7bb18bdd10 code [0x00007f7bb18bdee0, 0x00007f7bb18be610]
Event: 18643.683 Thread 0x00007f7bc00cf800 2797   !   4       sun.awt.X11.XDragSourceContextPeer::doProcessEvent (690 bytes)
Event: 18643.685 Thread 0x00007f7bc00cf800 nmethod 2797 0x00007f7bb18b7010 code [0x00007f7bb18b7160, 0x00007f7bb18b7218]
Event: 23089.558 Thread 0x00007f7bc00e4000 2798 % !   3       sun.awt.X11.XToolkit::run @ 59 (410 bytes)
Event: 23090.368 Thread 0x00007f7bc00e4000 nmethod 2798% 0x00007f7bb18e1f90 code [0x00007f7bb18e2960, 0x00007f7bb18ea2d8]
Event: 23578.299 Thread 0x00007f7bc00e4000 2799   !   3       sun.awt.X11.XToolkit::run (410 bytes)
Event: 23578.356 Thread 0x00007f7bc00e4000 nmethod 2799 0x00007f7bb18eefd0 code [0x00007f7bb18ef980, 0x00007f7bb18f5d38]
Event: 42960.712 Thread 0x00007f7bc00d2000 2800 % !   4       sun.awt.X11.XToolkit::run @ 59 (410 bytes)
Event: 42961.380 Thread 0x00007f7bc00d2000 nmethod 2800% 0x00007f7bb18fa750 code [0x00007f7bb18fae80, 0x00007f7bb18ff1a0]

GC Heap History (10 events):
Event: 0.749 GC heap before
{Heap before GC invocations=2 (full 0):
 PSYoungGen      total 36864K, used 34632K [0x00000000d6f80000, 0x00000000db780000, 0x0000000100000000)
  eden space 31744K, 96% used [0x00000000d6f80000,0x00000000d8d60da0,0x00000000d8e80000)
  from space 5120K, 78% used [0x00000000d8e80000,0x00000000d9271448,0x00000000d9380000)
  to   space 5120K, 0% used [0x00000000db280000,0x00000000db280000,0x00000000db780000)
 ParOldGen       total 84992K, used 8116K [0x0000000084e00000, 0x000000008a100000, 0x00000000d6f80000)
  object space 84992K, 9% used [0x0000000084e00000,0x00000000855ed010,0x000000008a100000)
 Metaspace       used 13090K, capacity 13334K, committed 13568K, reserved 1060864K
  class space    used 1626K, capacity 1700K, committed 1792K, reserved 1048576K
Event: 0.760 GC heap after
Heap after GC invocations=2 (full 0):
 PSYoungGen      total 68608K, used 2914K [0x00000000d6f80000, 0x00000000db780000, 0x0000000100000000)
  eden space 63488K, 0% used [0x00000000d6f80000,0x00000000d6f80000,0x00000000dad80000)
  from space 5120K, 56% used [0x00000000db280000,0x00000000db558b50,0x00000000db780000)
  to   space 5120K, 0% used [0x00000000dad80000,0x00000000dad80000,0x00000000db280000)
 ParOldGen       total 84992K, used 16224K [0x0000000084e00000, 0x000000008a100000, 0x00000000d6f80000)
  object space 84992K, 19% used [0x0000000084e00000,0x0000000085dd8020,0x000000008a100000)
 Metaspace       used 13090K, capacity 13334K, committed 13568K, reserved 1060864K
  class space    used 1626K, capacity 1700K, committed 1792K, reserved 1048576K
}
Event: 1945.492 GC heap before
{Heap before GC invocations=3 (full 0):
 PSYoungGen      total 68608K, used 66402K [0x00000000d6f80000, 0x00000000db780000, 0x0000000100000000)
  eden space 63488K, 100% used [0x00000000d6f80000,0x00000000dad80000,0x00000000dad80000)
  from space 5120K, 56% used [0x00000000db280000,0x00000000db558b50,0x00000000db780000)
  to   space 5120K, 0% used [0x00000000dad80000,0x00000000dad80000,0x00000000db280000)
 ParOldGen       total 84992K, used 16224K [0x0000000084e00000, 0x000000008a100000, 0x00000000d6f80000)
  object space 84992K, 19% used [0x0000000084e00000,0x0000000085dd8020,0x000000008a100000)
 Metaspace       used 19976K, capacity 20296K, committed 20480K, reserved 1067008K
  class space    used 2457K, capacity 2554K, committed 2560K, reserved 1048576K
Event: 1945.505 GC heap after
Heap after GC invocations=3 (full 0):
 PSYoungGen      total 68608K, used 5100K [0x00000000d6f80000, 0x00000000df580000, 0x0000000100000000)
  eden space 63488K, 0% used [0x00000000d6f80000,0x00000000d6f80000,0x00000000dad80000)
  from space 5120K, 99% used [0x00000000dad80000,0x00000000db27b1e8,0x00000000db280000)
  to   space 5120K, 0% used [0x00000000df080000,0x00000000df080000,0x00000000df580000)
 ParOldGen       total 84992K, used 17717K [0x0000000084e00000, 0x000000008a100000, 0x00000000d6f80000)
  object space 84992K, 20% used [0x0000000084e00000,0x0000000085f4d4d8,0x000000008a100000)
 Metaspace       used 19976K, capacity 20296K, committed 20480K, reserved 1067008K
  class space    used 2457K, capacity 2554K, committed 2560K, reserved 1048576K
}
Event: 9825.174 GC heap before
{Heap before GC invocations=4 (full 0):
 PSYoungGen      total 68608K, used 68588K [0x00000000d6f80000, 0x00000000df580000, 0x0000000100000000)
  eden space 63488K, 100% used [0x00000000d6f80000,0x00000000dad80000,0x00000000dad80000)
  from space 5120K, 99% used [0x00000000dad80000,0x00000000db27b1e8,0x00000000db280000)
  to   space 5120K, 0% used [0x00000000df080000,0x00000000df080000,0x00000000df580000)
 ParOldGen       total 84992K, used 17717K [0x0000000084e00000, 0x000000008a100000, 0x00000000d6f80000)
  object space 84992K, 20% used [0x0000000084e00000,0x0000000085f4d4d8,0x000000008a100000)
 Metaspace       used 19980K, capacity 20296K, committed 20480K, reserved 1067008K
  class space    used 2457K, capacity 2554K, committed 2560K, reserved 1048576K
Event: 9825.185 GC heap after
Heap after GC invocations=4 (full 0):
 PSYoungGen      total 132096K, used 5018K [0x00000000d6f80000, 0x00000000df580000, 0x0000000100000000)
  eden space 126976K, 0% used [0x00000000d6f80000,0x00000000d6f80000,0x00000000deb80000)
  from space 5120K, 98% used [0x00000000df080000,0x00000000df5669e8,0x00000000df580000)
  to   space 5120K, 0% used [0x00000000deb80000,0x00000000deb80000,0x00000000df080000)
 ParOldGen       total 84992K, used 17717K [0x0000000084e00000, 0x000000008a100000, 0x00000000d6f80000)
  object space 84992K, 20% used [0x0000000084e00000,0x0000000085f4d4d8,0x000000008a100000)
 Metaspace       used 19980K, capacity 20296K, committed 20480K, reserved 1067008K
  class space    used 2457K, capacity 2554K, committed 2560K, reserved 1048576K
}
Event: 25912.927 GC heap before
{Heap before GC invocations=5 (full 0):
 PSYoungGen      total 132096K, used 131994K [0x00000000d6f80000, 0x00000000df580000, 0x0000000100000000)
  eden space 126976K, 100% used [0x00000000d6f80000,0x00000000deb80000,0x00000000deb80000)
  from space 5120K, 98% used [0x00000000df080000,0x00000000df5669e8,0x00000000df580000)
  to   space 5120K, 0% used [0x00000000deb80000,0x00000000deb80000,0x00000000df080000)
 ParOldGen       total 84992K, used 17717K [0x0000000084e00000, 0x000000008a100000, 0x00000000d6f80000)
  object space 84992K, 20% used [0x0000000084e00000,0x0000000085f4d4d8,0x000000008a100000)
 Metaspace       used 19985K, capacity 20296K, committed 20480K, reserved 1067008K
  class space    used 2457K, capacity 2554K, committed 2560K, reserved 1048576K
Event: 25916.333 GC heap after
Heap after GC invocations=5 (full 0):
 PSYoungGen      total 132096K, used 4498K [0x00000000d6f80000, 0x00000000e7480000, 0x0000000100000000)
  eden space 126976K, 0% used [0x00000000d6f80000,0x00000000d6f80000,0x00000000deb80000)
  from space 5120K, 87% used [0x00000000deb80000,0x00000000defe49d8,0x00000000df080000)
  to   space 6656K, 0% used [0x00000000e6e00000,0x00000000e6e00000,0x00000000e7480000)
 ParOldGen       total 84992K, used 17725K [0x0000000084e00000, 0x000000008a100000, 0x00000000d6f80000)
  object space 84992K, 20% used [0x0000000084e00000,0x0000000085f4f4d8,0x000000008a100000)
 Metaspace       used 19985K, capacity 20296K, committed 20480K, reserved 1067008K
  class space    used 2457K, capacity 2554K, committed 2560K, reserved 1048576K
}
Event: 42032.389 GC heap before
{Heap before GC invocations=6 (full 0):
 PSYoungGen      total 132096K, used 131474K [0x00000000d6f80000, 0x00000000e7480000, 0x0000000100000000)
  eden space 126976K, 100% used [0x00000000d6f80000,0x00000000deb80000,0x00000000deb80000)
  from space 5120K, 87% used [0x00000000deb80000,0x00000000defe49d8,0x00000000df080000)
  to   space 6656K, 0% used [0x00000000e6e00000,0x00000000e6e00000,0x00000000e7480000)
 ParOldGen       total 84992K, used 17725K [0x0000000084e00000, 0x000000008a100000, 0x00000000d6f80000)
  object space 84992K, 20% used [0x0000000084e00000,0x0000000085f4f4d8,0x000000008a100000)
 Metaspace       used 19985K, capacity 20296K, committed 20480K, reserved 1067008K
  class space    used 2457K, capacity 2554K, committed 2560K, reserved 1048576K
Event: 42032.435 GC heap after
Heap after GC invocations=6 (full 0):
 PSYoungGen      total 260608K, used 4398K [0x00000000d6f80000, 0x00000000e7480000, 0x0000000100000000)
  eden space 253952K, 0% used [0x00000000d6f80000,0x00000000d6f80000,0x00000000e6780000)
  from space 6656K, 66% used [0x00000000e6e00000,0x00000000e724ba18,0x00000000e7480000)
  to   space 6656K, 0% used [0x00000000e6780000,0x00000000e6780000,0x00000000e6e00000)
 ParOldGen       total 84992K, used 17725K [0x0000000084e00000, 0x000000008a100000, 0x00000000d6f80000)
  object space 84992K, 20% used [0x0000000084e00000,0x0000000085f4f4d8,0x000000008a100000)
 Metaspace       used 19985K, capacity 20296K, committed 20480K, reserved 1067008K
  class space    used 2457K, capacity 2554K, committed 2560K, reserved 1048576K
}

Deoptimization events (10 events):
Event: 1.978 Thread 0x00007f7bc02f4800 Uncommon trap: reason=bimorphic action=maybe_recompile pc=0x00007f7bb147d310 method=java.util.Hashtable.get(Ljava/lang/Object;)Ljava/lang/Object; @ 45
Event: 2.856 Thread 0x00007f7bc0250000 Uncommon trap: reason=bimorphic action=maybe_recompile pc=0x00007f7bb15fa1b8 method=java.util.Hashtable.put(Ljava/lang/Object;Ljava/lang/Object;)Ljava/lang/Object; @ 60
Event: 2.856 Thread 0x00007f7bc0250000 Uncommon trap: reason=bimorphic action=maybe_recompile pc=0x00007f7bb15fa1b8 method=java.util.Hashtable.put(Ljava/lang/Object;Ljava/lang/Object;)Ljava/lang/Object; @ 60
Event: 2.856 Thread 0x00007f7bc0250000 Uncommon trap: reason=bimorphic action=maybe_recompile pc=0x00007f7bb15fa1b8 method=java.util.Hashtable.put(Ljava/lang/Object;Ljava/lang/Object;)Ljava/lang/Object; @ 60
Event: 2.856 Thread 0x00007f7bc0250000 Uncommon trap: reason=bimorphic action=maybe_recompile pc=0x00007f7bb15fa1b8 method=java.util.Hashtable.put(Ljava/lang/Object;Ljava/lang/Object;)Ljava/lang/Object; @ 60
Event: 2.857 Thread 0x00007f7bc0250000 Uncommon trap: reason=bimorphic action=maybe_recompile pc=0x00007f7bb147d310 method=java.util.Hashtable.get(Ljava/lang/Object;)Ljava/lang/Object; @ 45
Event: 2.857 Thread 0x00007f7bc0250000 Uncommon trap: reason=bimorphic action=maybe_recompile pc=0x00007f7bb147d310 method=java.util.Hashtable.get(Ljava/lang/Object;)Ljava/lang/Object; @ 45
Event: 8.222 Thread 0x00007f7bc02f4800 Uncommon trap: reason=unstable_if action=reinterpret pc=0x00007f7bb17fea08 method=sun.awt.geom.Curve.pointCrossingsForQuad(DDDDDDDDI)I @ 34
Event: 8.222 Thread 0x00007f7bc02f4800 Uncommon trap: reason=unstable_if action=reinterpret pc=0x00007f7bb17e66d4 method=sun.awt.geom.Curve.pointCrossingsForQuad(DDDDDDDDI)I @ 18
Event: 8.558 Thread 0x00007f7bc02f4800 Uncommon trap: reason=unstable_if action=reinterpret pc=0x00007f7bb1263ea0 method=sun.nio.cs.UTF_8$Encoder.encode([CII[B)I @ 33

Classes redefined (0 events):
No events

Internal exceptions (10 events):
Event: 0.139 Thread 0x00007f7bc000a800 Exception <a 'java/lang/NoSuchFieldError': method resolution failed> (0x00000000d7214e70) thrown at [/HUDSON/workspace/8-2-build-linux-amd64/jdk8u161/10277/hotspot/src/share/vm/prims/methodHandles.cpp, line 1167]
Event: 0.142 Thread 0x00007f7bc000a800 Exception <a 'java/lang/NoSuchFieldError': method resolution failed> (0x00000000d72225c0) thrown at [/HUDSON/workspace/8-2-build-linux-amd64/jdk8u161/10277/hotspot/src/share/vm/prims/methodHandles.cpp, line 1167]
Event: 0.160 Thread 0x00007f7bc000a800 Exception <a 'java/io/FileNotFoundException'> (0x00000000d72a1628) thrown at [/HUDSON/workspace/8-2-build-linux-amd64/jdk8u161/10277/hotspot/src/share/vm/prims/jni.cpp, line 709]
Event: 0.160 Thread 0x00007f7bc000a800 Exception <a 'java/io/FileNotFoundException'> (0x00000000d72a1f50) thrown at [/HUDSON/workspace/8-2-build-linux-amd64/jdk8u161/10277/hotspot/src/share/vm/prims/jni.cpp, line 709]
Event: 0.496 Thread 0x00007f7bc000a800 Exception <a 'java/io/FileNotFoundException'> (0x00000000d852c9c0) thrown at [/HUDSON/workspace/8-2-build-linux-amd64/jdk8u161/10277/hotspot/src/share/vm/prims/jni.cpp, line 709]
Event: 0.802 Thread 0x00007f7bc000a800 Implicit null exception at 0x00007f7bb12a8d35 to 0x00007f7bb12a90e5
Event: 0.803 Thread 0x00007f7bc000a800 Implicit null exception at 0x00007f7bb1285836 to 0x00007f7bb1285be9
Event: 0.996 Thread 0x00007f7bc000a800 Implicit null exception at 0x00007f7bb1390ecc to 0x00007f7bb1394b89
Event: 1.272 Thread 0x00007f7bc02f4800 Exception <a 'java/lang/UnsupportedOperationException': > (0x00000000d8dfb6d8) thrown at [/HUDSON/workspace/8-2-build-linux-amd64/jdk8u161/10277/hotspot/src/share/vm/prims/jni.cpp, line 735]
Event: 2.072 Thread 0x00007f7bc02f4800 Exception <a 'java/lang/UnsupportedOperationException': > (0x00000000d9514b58) thrown at [/HUDSON/workspace/8-2-build-linux-amd64/jdk8u161/10277/hotspot/src/share/vm/prims/jni.cpp, line 735]

Events (10 events):
Event: 42961.405 Thread 0x00007f7bc00d2000 flushing nmethod 0x00007f7bb1100110
Event: 42961.405 Thread 0x00007f7bc00d2000 flushing nmethod 0x00007f7bb1101fd0
Event: 42961.407 Thread 0x00007f7bc00d2000 flushing nmethod 0x00007f7bb11026d0
Event: 42961.424 Thread 0x00007f7bc00d2000 flushing nmethod 0x00007f7bb1103b10
Event: 42961.522 Thread 0x00007f7bc00d2000 flushing nmethod 0x00007f7bb1119a50
Event: 42961.552 Thread 0x00007f7bc00d2000 flushing nmethod 0x00007f7bb1124750
Event: 42961.552 Thread 0x00007f7bc00d2000 flushing nmethod 0x00007f7bb1124a50
Event: 42961.565 Thread 0x00007f7bc00d2000 flushing nmethod 0x00007f7bb112b010
Event: 47061.215 Thread 0x00007f7bc0250000 DEOPT PACKING pc=0x00007f7bb18e8293 sp=0x00007f7b8d54e7d0
Event: 47061.220 Thread 0x00007f7bc0250000 DEOPT UNPACKING pc=0x00007f7bb1047784 sp=0x00007f7b8d54e690 mode 0


Dynamic libraries:
00400000-00401000 r-xp 00000000 08:06 1316786                            /usr/lib/jvm/java-8-oracle/bin/java
00600000-00601000 rw-p 00000000 08:06 1316786                            /usr/lib/jvm/java-8-oracle/bin/java
0101e000-0103f000 rw-p 00000000 00:00 0                                  [heap]
84e00000-8a100000 rw-p 00000000 00:00 0 
8a100000-d6f80000 ---p 00000000 00:00 0 
d6f80000-e7480000 rw-p 00000000 00:00 0 
e7480000-100000000 ---p 00000000 00:00 0 
100000000-100280000 rw-p 00000000 00:00 0 
100280000-140000000 ---p 00000000 00:00 0 
7f7b54000000-7f7b5428f000 rw-p 00000000 00:00 0 
7f7b5428f000-7f7b58000000 ---p 00000000 00:00 0 
7f7b58000000-7f7b58021000 rw-p 00000000 00:00 0 
7f7b58021000-7f7b5c000000 ---p 00000000 00:00 0 
7f7b5c000000-7f7b5c089000 rw-p 00000000 00:00 0 
7f7b5c089000-7f7b60000000 ---p 00000000 00:00 0 
7f7b60000000-7f7b60084000 rw-p 00000000 00:00 0 
7f7b60084000-7f7b64000000 ---p 00000000 00:00 0 
7f7b64000000-7f7b64032000 rw-p 00000000 00:00 0 
7f7b64032000-7f7b68000000 ---p 00000000 00:00 0 
7f7b68000000-7f7b68032000 rw-p 00000000 00:00 0 
7f7b68032000-7f7b6c000000 ---p 00000000 00:00 0 
7f7b6c824000-7f7b6c9a4000 rw-p 00000000 00:00 0 
7f7b6c9a4000-7f7b6ca24000 ---p 00000000 00:00 0 
7f7b6ca24000-7f7b6ca27000 ---p 00000000 00:00 0 
7f7b6ca27000-7f7b6cd25000 rw-p 00000000 00:00 0 
7f7b6cd25000-7f7b6cdfe000 r-xp 00000000 08:06 1318707                    /usr/lib/jvm/java-8-oracle/jre/lib/amd64/libmlib_image.so
7f7b6cdfe000-7f7b6cffe000 ---p 000d9000 08:06 1318707                    /usr/lib/jvm/java-8-oracle/jre/lib/amd64/libmlib_image.so
7f7b6cffe000-7f7b6cfff000 rw-p 000d9000 08:06 1318707                    /usr/lib/jvm/java-8-oracle/jre/lib/amd64/libmlib_image.so
7f7b6cfff000-7f7b70000000 rw-p 00000000 00:00 0 
7f7b70000000-7f7b70021000 rw-p 00000000 00:00 0 
7f7b70021000-7f7b74000000 ---p 00000000 00:00 0 
7f7b74000000-7f7b74021000 rw-p 00000000 00:00 0 
7f7b74021000-7f7b78000000 ---p 00000000 00:00 0 
7f7b78000000-7f7b78592000 rw-p 00000000 00:00 0 
7f7b78592000-7f7b7c000000 ---p 00000000 00:00 0 
7f7b7c000000-7f7b7c021000 rw-p 00000000 00:00 0 
7f7b7c021000-7f7b80000000 ---p 00000000 00:00 0 
7f7b80000000-7f7b80647000 rw-p 00000000 00:00 0 
7f7b80647000-7f7b84000000 ---p 00000000 00:00 0 
7f7b84000000-7f7b84ed9000 rw-p 00000000 00:00 0 
7f7b84ed9000-7f7b88000000 ---p 00000000 00:00 0 
7f7b88000000-7f7b88021000 rw-p 00000000 00:00 0 
7f7b88021000-7f7b8c000000 ---p 00000000 00:00 0 
7f7b8c0a1000-7f7b8c0ac000 r--s 00000000 08:06 525020                     /var/cache/fontconfig/945677eb7aeaf62f1d50efc3fb3ec7d8-le64.cache-6
7f7b8c0ac000-7f7b8c0ae000 r--s 00000000 08:06 524904                     /var/cache/fontconfig/99e8ed0e538f840c565b6ed5dad60d56-le64.cache-6
7f7b8c0ae000-7f7b8c0b7000 r--s 00000000 08:06 524900                     /var/cache/fontconfig/a6d8cf8e4ec09cdbc8633c31745a07dd-le64.cache-6
7f7b8c0b7000-7f7b8c0bd000 r--s 00000000 08:06 524899                     /var/cache/fontconfig/2cd17615ca594fa2959ae173292e504c-le64.cache-6
7f7b8c0bd000-7f7b8c0be000 r--s 00000000 08:06 524897                     /var/cache/fontconfig/0d8c3b2ac0904cb8a57a757ad11a4a08-le64.cache-6
7f7b8c0be000-7f7b8c0d3000 r--s 00000000 08:06 524896                     /var/cache/fontconfig/04aabc0a78ac019cf9454389977116d2-le64.cache-6
7f7b8c0d3000-7f7b8c0d4000 r--s 00000000 08:06 524894                     /var/cache/fontconfig/1ac9eb803944fde146138c791f5cc56a-le64.cache-6
7f7b8c0d4000-7f7b8c0d8000 r--s 00000000 08:06 524893                     /var/cache/fontconfig/385c0604a188198f04d133e54aba7fe7-le64.cache-6
7f7b8c0d8000-7f7b8c0d9000 r--s 00000000 08:06 524885                     /var/cache/fontconfig/dc05db6664285cc2f12bf69c139ae4c3-le64.cache-6
7f7b8c0d9000-7f7b8c0dc000 r--s 00000000 08:06 524884                     /var/cache/fontconfig/767a8244fc0220cfb567a839d0392e0b-le64.cache-6
7f7b8c0dc000-7f7b8c0dd000 r--s 00000000 08:06 524882                     /var/cache/fontconfig/4794a0821666d79190d59a36cb4f44b5-le64.cache-6
7f7b8c0dd000-7f7b8c0e2000 r--s 00000000 08:06 524876                     /var/cache/fontconfig/8801497958630a81b71ace7c5f9b32a8-le64.cache-6
7f7b8c163000-7f7b8c176000 r--s 00345000 08:06 1318554                    /usr/lib/jvm/java-8-oracle/jre/lib/resources.jar
7f7b8c176000-7f7b8c179000 ---p 00000000 00:00 0 
7f7b8c179000-7f7b8c277000 rw-p 00000000 00:00 0 
7f7b8c277000-7f7b8c2e1000 r-xp 00000000 08:06 1318701                    /usr/lib/jvm/java-8-oracle/jre/lib/amd64/libt2k.so
7f7b8c2e1000-7f7b8c4e0000 ---p 0006a000 08:06 1318701                    /usr/lib/jvm/java-8-oracle/jre/lib/amd64/libt2k.so
7f7b8c4e0000-7f7b8c4e7000 rw-p 00069000 08:06 1318701                    /usr/lib/jvm/java-8-oracle/jre/lib/amd64/libt2k.so
7f7b8c4e7000-7f7b8c6f7000 rw-p 00000000 00:00 0 
7f7b8c6f7000-7f7b8c6fa000 ---p 00000000 00:00 0 
7f7b8c6fa000-7f7b8c9f8000 rw-p 00000000 00:00 0 
7f7b8c9f8000-7f7b8ca09000 r-xp 00000000 08:06 1318741                    /usr/lib/jvm/java-8-oracle/jre/lib/amd64/libnio.so
7f7b8ca09000-7f7b8cc08000 ---p 00011000 08:06 1318741                    /usr/lib/jvm/java-8-oracle/jre/lib/amd64/libnio.so
7f7b8cc08000-7f7b8cc09000 rw-p 00010000 08:06 1318741                    /usr/lib/jvm/java-8-oracle/jre/lib/amd64/libnio.so
7f7b8cc09000-7f7b8cc0c000 ---p 00000000 00:00 0 
7f7b8cc0c000-7f7b8cd0a000 rw-p 00000000 00:00 0 
7f7b8cd0a000-7f7b8cd34000 r-xp 00000000 08:06 1318687                    /usr/lib/jvm/java-8-oracle/jre/lib/amd64/libdcpr.so
7f7b8cd34000-7f7b8cf34000 ---p 0002a000 08:06 1318687                    /usr/lib/jvm/java-8-oracle/jre/lib/amd64/libdcpr.so
7f7b8cf34000-7f7b8cf37000 rw-p 0002a000 08:06 1318687                    /usr/lib/jvm/java-8-oracle/jre/lib/amd64/libdcpr.so
7f7b8cf37000-7f7b8d137000 rw-p 00000000 00:00 0 
7f7b8d137000-7f7b8d13a000 ---p 00000000 00:00 0 
7f7b8d13a000-7f7b8d238000 rw-p 00000000 00:00 0 
7f7b8d238000-7f7b8d24e000 r-xp 00000000 08:06 1318738                    /usr/lib/jvm/java-8-oracle/jre/lib/amd64/libnet.so
7f7b8d24e000-7f7b8d44e000 ---p 00016000 08:06 1318738                    /usr/lib/jvm/java-8-oracle/jre/lib/amd64/libnet.so
7f7b8d44e000-7f7b8d44f000 rw-p 00016000 08:06 1318738                    /usr/lib/jvm/java-8-oracle/jre/lib/amd64/libnet.so
7f7b8d44f000-7f7b8d452000 ---p 00000000 00:00 0 
7f7b8d452000-7f7b8d550000 rw-p 00000000 00:00 0 
7f7b8d550000-7f7b8d555000 r-xp 00000000 08:06 1320127                    /usr/lib/x86_64-linux-gnu/libXfixes.so.3.1.0
7f7b8d555000-7f7b8d754000 ---p 00005000 08:06 1320127                    /usr/lib/x86_64-linux-gnu/libXfixes.so.3.1.0
7f7b8d754000-7f7b8d755000 r--p 00004000 08:06 1320127                    /usr/lib/x86_64-linux-gnu/libXfixes.so.3.1.0
7f7b8d755000-7f7b8d756000 rw-p 00005000 08:06 1320127                    /usr/lib/x86_64-linux-gnu/libXfixes.so.3.1.0
7f7b8d756000-7f7b8d75f000 r-xp 00000000 08:06 1330978                    /usr/lib/x86_64-linux-gnu/libXcursor.so.1.0.2
7f7b8d75f000-7f7b8d95e000 ---p 00009000 08:06 1330978                    /usr/lib/x86_64-linux-gnu/libXcursor.so.1.0.2
7f7b8d95e000-7f7b8d95f000 r--p 00008000 08:06 1330978                    /usr/lib/x86_64-linux-gnu/libXcursor.so.1.0.2
7f7b8d95f000-7f7b8d960000 rw-p 00009000 08:06 1330978                    /usr/lib/x86_64-linux-gnu/libXcursor.so.1.0.2
7f7b8d960000-7f7b8d963000 ---p 00000000 00:00 0 
7f7b8d963000-7f7b8da61000 rw-p 00000000 00:00 0 
7f7b8da61000-7f7b8da77000 r-xp 00000000 08:06 1840150                    /lib/x86_64-linux-gnu/libgcc_s.so.1
7f7b8da77000-7f7b8dc76000 ---p 00016000 08:06 1840150                    /lib/x86_64-linux-gnu/libgcc_s.so.1
7f7b8dc76000-7f7b8dc77000 rw-p 00015000 08:06 1840150                    /lib/x86_64-linux-gnu/libgcc_s.so.1
7f7b8dc77000-7f7b8dcdc000 r-xp 00000000 08:06 1318719                    /usr/lib/jvm/java-8-oracle/jre/lib/amd64/libfontmanager.so
7f7b8dcdc000-7f7b8dedb000 ---p 00065000 08:06 1318719                    /usr/lib/jvm/java-8-oracle/jre/lib/amd64/libfontmanager.so
7f7b8dedb000-7f7b8dee0000 rw-p 00064000 08:06 1318719                    /usr/lib/jvm/java-8-oracle/jre/lib/amd64/libfontmanager.so
7f7b8dee0000-7f7b8def0000 rw-p 00000000 00:00 0 
7f7b8def0000-7f7b8def5000 r-xp 00000000 08:06 1320123                    /usr/lib/x86_64-linux-gnu/libXdmcp.so.6.0.0
7f7b8def5000-7f7b8e0f4000 ---p 00005000 08:06 1320123                    /usr/lib/x86_64-linux-gnu/libXdmcp.so.6.0.0
7f7b8e0f4000-7f7b8e0f5000 r--p 00004000 08:06 1320123                    /usr/lib/x86_64-linux-gnu/libXdmcp.so.6.0.0
7f7b8e0f5000-7f7b8e0f6000 rw-p 00005000 08:06 1320123                    /usr/lib/x86_64-linux-gnu/libXdmcp.so.6.0.0
7f7b8e0f6000-7f7b8e0f8000 r-xp 00000000 08:06 1320112                    /usr/lib/x86_64-linux-gnu/libXau.so.6.0.0
7f7b8e0f8000-7f7b8e2f8000 ---p 00002000 08:06 1320112                    /usr/lib/x86_64-linux-gnu/libXau.so.6.0.0
7f7b8e2f8000-7f7b8e2f9000 r--p 00002000 08:06 1320112                    /usr/lib/x86_64-linux-gnu/libXau.so.6.0.0
7f7b8e2f9000-7f7b8e2fa000 rw-p 00003000 08:06 1320112                    /usr/lib/x86_64-linux-gnu/libXau.so.6.0.0
7f7b8e2fa000-7f7b8e31b000 r-xp 00000000 08:06 1321492                    /usr/lib/x86_64-linux-gnu/libxcb.so.1.1.0
7f7b8e31b000-7f7b8e51a000 ---p 00021000 08:06 1321492                    /usr/lib/x86_64-linux-gnu/libxcb.so.1.1.0
7f7b8e51a000-7f7b8e51b000 r--p 00020000 08:06 1321492                    /usr/lib/x86_64-linux-gnu/libxcb.so.1.1.0
7f7b8e51b000-7f7b8e51c000 rw-p 00021000 08:06 1321492                    /usr/lib/x86_64-linux-gnu/libxcb.so.1.1.0
7f7b8e51c000-7f7b8e52b000 r-xp 00000000 08:06 1320133                    /usr/lib/x86_64-linux-gnu/libXi.so.6.1.0
7f7b8e52b000-7f7b8e72a000 ---p 0000f000 08:06 1320133                    /usr/lib/x86_64-linux-gnu/libXi.so.6.1.0
7f7b8e72a000-7f7b8e72b000 r--p 0000e000 08:06 1320133                    /usr/lib/x86_64-linux-gnu/libXi.so.6.1.0
7f7b8e72b000-7f7b8e72c000 rw-p 0000f000 08:06 1320133                    /usr/lib/x86_64-linux-gnu/libXi.so.6.1.0
7f7b8e72c000-7f7b8e731000 r-xp 00000000 08:06 1320151                    /usr/lib/x86_64-linux-gnu/libXtst.so.6.1.0
7f7b8e731000-7f7b8e930000 ---p 00005000 08:06 1320151                    /usr/lib/x86_64-linux-gnu/libXtst.so.6.1.0
7f7b8e930000-7f7b8e931000 r--p 00004000 08:06 1320151                    /usr/lib/x86_64-linux-gnu/libXtst.so.6.1.0
7f7b8e931000-7f7b8e932000 rw-p 00005000 08:06 1320151                    /usr/lib/x86_64-linux-gnu/libXtst.so.6.1.0
7f7b8e932000-7f7b8e93b000 r-xp 00000000 08:06 1320145                    /usr/lib/x86_64-linux-gnu/libXrender.so.1.3.0
7f7b8e93b000-7f7b8eb3a000 ---p 00009000 08:06 1320145                    /usr/lib/x86_64-linux-gnu/libXrender.so.1.3.0
7f7b8eb3a000-7f7b8eb3b000 r--p 00008000 08:06 1320145                    /usr/lib/x86_64-linux-gnu/libXrender.so.1.3.0
7f7b8eb3b000-7f7b8eb3c000 rw-p 00009000 08:06 1320145                    /usr/lib/x86_64-linux-gnu/libXrender.so.1.3.0
7f7b8eb3c000-7f7b8ec71000 r-xp 00000000 08:06 1320108                    /usr/lib/x86_64-linux-gnu/libX11.so.6.3.0
7f7b8ec71000-7f7b8ee71000 ---p 00135000 08:06 1320108                    /usr/lib/x86_64-linux-gnu/libX11.so.6.3.0
7f7b8ee71000-7f7b8ee72000 r--p 00135000 08:06 1320108                    /usr/lib/x86_64-linux-gnu/libX11.so.6.3.0
7f7b8ee72000-7f7b8ee76000 rw-p 00136000 08:06 1320108                    /usr/lib/x86_64-linux-gnu/libX11.so.6.3.0
7f7b8ee76000-7f7b8ee87000 r-xp 00000000 08:06 1320125                    /usr/lib/x86_64-linux-gnu/libXext.so.6.4.0
7f7b8ee87000-7f7b8f086000 ---p 00011000 08:06 1320125                    /usr/lib/x86_64-linux-gnu/libXext.so.6.4.0
7f7b8f086000-7f7b8f087000 r--p 00010000 08:06 1320125                    /usr/lib/x86_64-linux-gnu/libXext.so.6.4.0
7f7b8f087000-7f7b8f088000 rw-p 00011000 08:06 1320125                    /usr/lib/x86_64-linux-gnu/libXext.so.6.4.0
7f7b8f088000-7f7b8f0dc000 r-xp 00000000 08:06 1318750                    /usr/lib/jvm/java-8-oracle/jre/lib/amd64/libawt_xawt.so
7f7b8f0dc000-7f7b8f2dc000 ---p 00054000 08:06 1318750                    /usr/lib/jvm/java-8-oracle/jre/lib/amd64/libawt_xawt.so
7f7b8f2dc000-7f7b8f2e0000 rw-p 00054000 08:06 1318750                    /usr/lib/jvm/java-8-oracle/jre/lib/amd64/libawt_xawt.so
7f7b8f2e0000-7f7b8f2e1000 rw-p 00000000 00:00 0 
7f7b8f2e1000-7f7b8f383000 r-xp 00000000 08:06 1318731                    /usr/lib/jvm/java-8-oracle/jre/lib/amd64/libawt.so
7f7b8f383000-7f7b8f583000 ---p 000a2000 08:06 1318731                    /usr/lib/jvm/java-8-oracle/jre/lib/amd64/libawt.so
7f7b8f583000-7f7b8f58f000 rw-p 000a2000 08:06 1318731                    /usr/lib/jvm/java-8-oracle/jre/lib/amd64/libawt.so
7f7b8f58f000-7f7b8f5b3000 rw-p 00000000 00:00 0 
7f7b8f5b3000-7f7b8f5b4000 ---p 00000000 00:00 0 
7f7b8f5b4000-7f7b8f6b4000 rw-p 00000000 00:00 0 
7f7b8f6b4000-7f7b8f6b7000 ---p 00000000 00:00 0 
7f7b8f6b7000-7f7b8f7b5000 rw-p 00000000 00:00 0 
7f7b8f7b5000-7f7b8f7b8000 ---p 00000000 00:00 0 
7f7b8f7b8000-7f7b8f8b6000 rw-p 00000000 00:00 0 
7f7b8f8b6000-7f7b8f8b9000 ---p 00000000 00:00 0 
7f7b8f8b9000-7f7b8f9b7000 rw-p 00000000 00:00 0 
7f7b8f9b7000-7f7b90000000 r--p 00000000 08:06 1333138                    /usr/lib/locale/locale-archive
7f7b90000000-7f7b90021000 rw-p 00000000 00:00 0 
7f7b90021000-7f7b94000000 ---p 00000000 00:00 0 
7f7b94000000-7f7b94021000 rw-p 00000000 00:00 0 
7f7b94021000-7f7b98000000 ---p 00000000 00:00 0 
7f7b98000000-7f7b98021000 rw-p 00000000 00:00 0 
7f7b98021000-7f7b9c000000 ---p 00000000 00:00 0 
7f7b9c000000-7f7b9c021000 rw-p 00000000 00:00 0 
7f7b9c021000-7f7ba0000000 ---p 00000000 00:00 0 
7f7ba0000000-7f7ba0001000 r--s 00000000 08:06 524874                     /var/cache/fontconfig/bab58bb527bb656aaa9f116d68a48d89-le64.cache-6
7f7ba0001000-7f7ba0008000 r--s 00000000 08:06 524865                     /var/cache/fontconfig/3047814df9a2f067bd2d96a2b9c36e5a-le64.cache-6
7f7ba0008000-7f7ba0009000 r--s 00000000 08:06 524861                     /var/cache/fontconfig/56cf4f4769d0f4abc89a4895d7bd3ae1-le64.cache-6
7f7ba0009000-7f7ba000a000 r--s 00000000 08:06 524859                     /var/cache/fontconfig/b9d506c9ac06c20b433354fa67a72993-le64.cache-6
7f7ba000a000-7f7ba0010000 r--s 00000000 08:06 524857                     /var/cache/fontconfig/b47c4e1ecd0709278f4910c18777a504-le64.cache-6
7f7ba0010000-7f7ba0018000 r--s 00000000 08:06 524833                     /var/cache/fontconfig/52f7bdb7ce746bfd7eaa1985bd9cfa93-le64.cache-6
7f7ba0018000-7f7ba002b000 r--s 00000000 08:06 524789                     /var/cache/fontconfig/d52a8644073d54c13679302ca1180695-le64.cache-6
7f7ba002b000-7f7ba002c000 r--s 00000000 08:06 524788                     /var/cache/fontconfig/551ecf3b0e8b0bca0f25c0944f561853-le64.cache-6
7f7ba002c000-7f7ba0030000 r--s 00000000 08:06 524787                     /var/cache/fontconfig/d589a48862398ed80a3d6066f4f56f4c-le64.cache-6
7f7ba0030000-7f7ba003d000 r--s 00000000 08:06 524786                     /var/cache/fontconfig/089dead882dea3570ffc31a9898cfb69-le64.cache-6
7f7ba003d000-7f7ba0040000 r--s 00000000 08:06 524778                     /var/cache/fontconfig/75114ca45c98e8a441da0ff356701271-le64.cache-6
7f7ba0040000-7f7ba004b000 r--s 00000000 08:06 524775                     /var/cache/fontconfig/83bf95040141907cd45bb53cf7c1c148-le64.cache-6
7f7ba004b000-7f7ba005d000 r--s 00000000 08:06 524402                     /var/cache/fontconfig/9b89f8e3dae116d678bbf48e5f21f69b-le64.cache-6
7f7ba005d000-7f7ba006a000 r--s 00000000 08:06 524755                     /var/cache/fontconfig/e13b20fdb08344e0e664864cc2ede53d-le64.cache-6
7f7ba006a000-7f7ba006e000 r--s 00000000 08:06 524400                     /var/cache/fontconfig/7ef2298fde41cc6eeb7af42e48b7d293-le64.cache-6
7f7ba006e000-7f7ba0071000 ---p 00000000 00:00 0 
7f7ba0071000-7f7ba016f000 rw-p 00000000 00:00 0 
7f7ba016f000-7f7ba0172000 ---p 00000000 00:00 0 
7f7ba0172000-7f7ba4000000 rw-p 00000000 00:00 0 
7f7ba4000000-7f7ba4021000 rw-p 00000000 00:00 0 
7f7ba4021000-7f7ba8000000 ---p 00000000 00:00 0 
7f7ba8000000-7f7ba8021000 rw-p 00000000 00:00 0 
7f7ba8021000-7f7bac000000 ---p 00000000 00:00 0 
7f7bac000000-7f7bac021000 rw-p 00000000 00:00 0 
7f7bac021000-7f7bb0000000 ---p 00000000 00:00 0 
7f7bb000c000-7f7bb0015000 rw-s 00000000 00:05 53018685                   /SYSV00000000 (deleted)
7f7bb0018000-7f7bb0039000 r--p 00000000 08:06 2102430                    /usr/share/locale-langpack/zh_CN/LC_MESSAGES/libc.mo
7f7bb0039000-7f7bb005b000 r--s 0019e000 08:09 7209441                    /home/xiaobear/eclipse/xiaobear_java/jq/3rdLibs/substance.jar
7f7bb005b000-7f7bb00f1000 r--s 0110a000 08:06 1318578                    /usr/lib/jvm/java-8-oracle/jre/lib/ext/jfxrt.jar
7f7bb00f1000-7f7bb00f4000 ---p 00000000 00:00 0 
7f7bb00f4000-7f7bb01f2000 rw-p 00000000 00:00 0 
7f7bb01f2000-7f7bb01f5000 ---p 00000000 00:00 0 
7f7bb01f5000-7f7bb02f3000 rw-p 00000000 00:00 0 
7f7bb02f3000-7f7bb02f4000 ---p 00000000 00:00 0 
7f7bb02f4000-7f7bb1000000 rw-p 00000000 00:00 0 
7f7bb1000000-7f7bb1910000 rwxp 00000000 00:00 0 
7f7bb1910000-7f7bc0000000 ---p 00000000 00:00 0 
7f7bc0000000-7f7bc06d6000 rw-p 00000000 00:00 0 
7f7bc06d6000-7f7bc4000000 ---p 00000000 00:00 0 
7f7bc4000000-7f7bc4001000 r--s 00000000 08:06 524784                     /var/cache/fontconfig/30829fa25452a46451e813d634d7f916-le64.cache-6
7f7bc4001000-7f7bc43d7000 rw-p 00000000 00:00 0 
7f7bc43d7000-7f7bc45b0000 r--s 03d64000 08:06 1318508                    /usr/lib/jvm/java-8-oracle/jre/lib/rt.jar
7f7bc45b0000-7f7bc51ff000 rw-p 00000000 00:00 0 
7f7bc51ff000-7f7bc5200000 ---p 00000000 00:00 0 
7f7bc5200000-7f7bc5300000 rw-p 00000000 00:00 0 
7f7bc5300000-7f7bc5301000 ---p 00000000 00:00 0 
7f7bc5301000-7f7bc5401000 rw-p 00000000 00:00 0 
7f7bc5401000-7f7bc5402000 ---p 00000000 00:00 0 
7f7bc5402000-7f7bc5502000 rw-p 00000000 00:00 0 
7f7bc5502000-7f7bc5503000 ---p 00000000 00:00 0 
7f7bc5503000-7f7bc562d000 rw-p 00000000 00:00 0 
7f7bc562d000-7f7bc5894000 ---p 00000000 00:00 0 
7f7bc5894000-7f7bc58be000 rw-p 00000000 00:00 0 
7f7bc58be000-7f7bc5b24000 ---p 00000000 00:00 0 
7f7bc5b24000-7f7bc5ba8000 rw-p 00000000 00:00 0 
7f7bc5ba8000-7f7bc5c6d000 ---p 00000000 00:00 0 
7f7bc5c6d000-7f7bc5c93000 rw-p 00000000 00:00 0 
7f7bc5c93000-7f7bc602e000 ---p 00000000 00:00 0 
7f7bc602e000-7f7bc6049000 r-xp 00000000 08:06 1318734                    /usr/lib/jvm/java-8-oracle/jre/lib/amd64/libzip.so
7f7bc6049000-7f7bc6249000 ---p 0001b000 08:06 1318734                    /usr/lib/jvm/java-8-oracle/jre/lib/amd64/libzip.so
7f7bc6249000-7f7bc624a000 rw-p 0001b000 08:06 1318734                    /usr/lib/jvm/java-8-oracle/jre/lib/amd64/libzip.so
7f7bc624a000-7f7bc6255000 r-xp 00000000 08:06 1848168                    /lib/x86_64-linux-gnu/libnss_files-2.23.so
7f7bc6255000-7f7bc6454000 ---p 0000b000 08:06 1848168                    /lib/x86_64-linux-gnu/libnss_files-2.23.so
7f7bc6454000-7f7bc6455000 r--p 0000a000 08:06 1848168                    /lib/x86_64-linux-gnu/libnss_files-2.23.so
7f7bc6455000-7f7bc6456000 rw-p 0000b000 08:06 1848168                    /lib/x86_64-linux-gnu/libnss_files-2.23.so
7f7bc6456000-7f7bc645c000 rw-p 00000000 00:00 0 
7f7bc645c000-7f7bc6467000 r-xp 00000000 08:06 1848172                    /lib/x86_64-linux-gnu/libnss_nis-2.23.so
7f7bc6467000-7f7bc6666000 ---p 0000b000 08:06 1848172                    /lib/x86_64-linux-gnu/libnss_nis-2.23.so
7f7bc6666000-7f7bc6667000 r--p 0000a000 08:06 1848172                    /lib/x86_64-linux-gnu/libnss_nis-2.23.so
7f7bc6667000-7f7bc6668000 rw-p 0000b000 08:06 1848172                    /lib/x86_64-linux-gnu/libnss_nis-2.23.so
7f7bc6668000-7f7bc667e000 r-xp 00000000 08:06 1848152                    /lib/x86_64-linux-gnu/libnsl-2.23.so
7f7bc667e000-7f7bc687d000 ---p 00016000 08:06 1848152                    /lib/x86_64-linux-gnu/libnsl-2.23.so
7f7bc687d000-7f7bc687e000 r--p 00015000 08:06 1848152                    /lib/x86_64-linux-gnu/libnsl-2.23.so
7f7bc687e000-7f7bc687f000 rw-p 00016000 08:06 1848152                    /lib/x86_64-linux-gnu/libnsl-2.23.so
7f7bc687f000-7f7bc6881000 rw-p 00000000 00:00 0 
7f7bc6881000-7f7bc6889000 r-xp 00000000 08:06 1848163                    /lib/x86_64-linux-gnu/libnss_compat-2.23.so
7f7bc6889000-7f7bc6a88000 ---p 00008000 08:06 1848163                    /lib/x86_64-linux-gnu/libnss_compat-2.23.so
7f7bc6a88000-7f7bc6a89000 r--p 00007000 08:06 1848163                    /lib/x86_64-linux-gnu/libnss_compat-2.23.so
7f7bc6a89000-7f7bc6a8a000 rw-p 00008000 08:06 1848163                    /lib/x86_64-linux-gnu/libnss_compat-2.23.so
7f7bc6a8a000-7f7bc6ab5000 r-xp 00000000 08:06 1318728                    /usr/lib/jvm/java-8-oracle/jre/lib/amd64/libjava.so
7f7bc6ab5000-7f7bc6cb4000 ---p 0002b000 08:06 1318728                    /usr/lib/jvm/java-8-oracle/jre/lib/amd64/libjava.so
7f7bc6cb4000-7f7bc6cb6000 rw-p 0002a000 08:06 1318728                    /usr/lib/jvm/java-8-oracle/jre/lib/amd64/libjava.so
7f7bc6cb6000-7f7bc6cc3000 r-xp 00000000 08:06 1318733                    /usr/lib/jvm/java-8-oracle/jre/lib/amd64/libverify.so
7f7bc6cc3000-7f7bc6ec3000 ---p 0000d000 08:06 1318733                    /usr/lib/jvm/java-8-oracle/jre/lib/amd64/libverify.so
7f7bc6ec3000-7f7bc6ec5000 rw-p 0000d000 08:06 1318733                    /usr/lib/jvm/java-8-oracle/jre/lib/amd64/libverify.so
7f7bc6ec5000-7f7bc6ecc000 r-xp 00000000 08:06 1848173                    /lib/x86_64-linux-gnu/librt-2.23.so
7f7bc6ecc000-7f7bc70cb000 ---p 00007000 08:06 1848173                    /lib/x86_64-linux-gnu/librt-2.23.so
7f7bc70cb000-7f7bc70cc000 r--p 00006000 08:06 1848173                    /lib/x86_64-linux-gnu/librt-2.23.so
7f7bc70cc000-7f7bc70cd000 rw-p 00007000 08:06 1848173                    /lib/x86_64-linux-gnu/librt-2.23.so
7f7bc70cd000-7f7bc71d5000 r-xp 00000000 08:06 1848151                    /lib/x86_64-linux-gnu/libm-2.23.so
7f7bc71d5000-7f7bc73d4000 ---p 00108000 08:06 1848151                    /lib/x86_64-linux-gnu/libm-2.23.so
7f7bc73d4000-7f7bc73d5000 r--p 00107000 08:06 1848151                    /lib/x86_64-linux-gnu/libm-2.23.so
7f7bc73d5000-7f7bc73d6000 rw-p 00108000 08:06 1848151                    /lib/x86_64-linux-gnu/libm-2.23.so
7f7bc73d6000-7f7bc80af000 r-xp 00000000 08:06 1318711                    /usr/lib/jvm/java-8-oracle/jre/lib/amd64/server/libjvm.so
7f7bc80af000-7f7bc82ae000 ---p 00cd9000 08:06 1318711                    /usr/lib/jvm/java-8-oracle/jre/lib/amd64/server/libjvm.so
7f7bc82ae000-7f7bc8387000 rw-p 00cd8000 08:06 1318711                    /usr/lib/jvm/java-8-oracle/jre/lib/amd64/server/libjvm.so
7f7bc8387000-7f7bc83d3000 rw-p 00000000 00:00 0 
7f7bc83d3000-7f7bc8593000 r-xp 00000000 08:06 1848155                    /lib/x86_64-linux-gnu/libc-2.23.so
7f7bc8593000-7f7bc8793000 ---p 001c0000 08:06 1848155                    /lib/x86_64-linux-gnu/libc-2.23.so
7f7bc8793000-7f7bc8797000 r--p 001c0000 08:06 1848155                    /lib/x86_64-linux-gnu/libc-2.23.so
7f7bc8797000-7f7bc8799000 rw-p 001c4000 08:06 1848155                    /lib/x86_64-linux-gnu/libc-2.23.so
7f7bc8799000-7f7bc879d000 rw-p 00000000 00:00 0 
7f7bc879d000-7f7bc87a0000 r-xp 00000000 08:06 1848157                    /lib/x86_64-linux-gnu/libdl-2.23.so
7f7bc87a0000-7f7bc899f000 ---p 00003000 08:06 1848157                    /lib/x86_64-linux-gnu/libdl-2.23.so
7f7bc899f000-7f7bc89a0000 r--p 00002000 08:06 1848157                    /lib/x86_64-linux-gnu/libdl-2.23.so
7f7bc89a0000-7f7bc89a1000 rw-p 00003000 08:06 1848157                    /lib/x86_64-linux-gnu/libdl-2.23.so
7f7bc89a1000-7f7bc89b7000 r-xp 00000000 08:06 1318328                    /usr/lib/jvm/java-8-oracle/lib/amd64/jli/libjli.so
7f7bc89b7000-7f7bc8bb6000 ---p 00016000 08:06 1318328                    /usr/lib/jvm/java-8-oracle/lib/amd64/jli/libjli.so
7f7bc8bb6000-7f7bc8bb7000 rw-p 00015000 08:06 1318328                    /usr/lib/jvm/java-8-oracle/lib/amd64/jli/libjli.so
7f7bc8bb7000-7f7bc8bcf000 r-xp 00000000 08:06 1848154                    /lib/x86_64-linux-gnu/libpthread-2.23.so
7f7bc8bcf000-7f7bc8dce000 ---p 00018000 08:06 1848154                    /lib/x86_64-linux-gnu/libpthread-2.23.so
7f7bc8dce000-7f7bc8dcf000 r--p 00017000 08:06 1848154                    /lib/x86_64-linux-gnu/libpthread-2.23.so
7f7bc8dcf000-7f7bc8dd0000 rw-p 00018000 08:06 1848154                    /lib/x86_64-linux-gnu/libpthread-2.23.so
7f7bc8dd0000-7f7bc8dd4000 rw-p 00000000 00:00 0 
7f7bc8dd4000-7f7bc8dfa000 r-xp 00000000 08:06 1848153                    /lib/x86_64-linux-gnu/ld-2.23.so
7f7bc8dfa000-7f7bc8dfb000 r--s 00000000 08:06 524783                     /var/cache/fontconfig/0c9eb80ebd1c36541ebe2852d3bb0c49-le64.cache-6
7f7bc8dfb000-7f7bc8e00000 r--s 0009d000 08:06 1318573                    /usr/lib/jvm/java-8-oracle/jre/lib/jsse.jar
7f7bc8e00000-7f7bc8e0a000 r--s 00116000 08:06 1318584                    /usr/lib/jvm/java-8-oracle/jre/lib/ext/localedata.jar
7f7bc8e0a000-7f7bc8ed5000 rw-p 00000000 00:00 0 
7f7bc8ed5000-7f7bc8ed8000 ---p 00000000 00:00 0 
7f7bc8ed8000-7f7bc8fdb000 rw-p 00000000 00:00 0 
7f7bc8fdb000-7f7bc8fe2000 r--s 00000000 08:06 1585521                    /usr/lib/x86_64-linux-gnu/gconv/gconv-modules.cache
7f7bc8fe2000-7f7bc8fea000 r--s 0008a000 08:09 7210092                    /home/xiaobear/eclipse/xiaobear_java/jq/3rdLibs/protobuf-java-2.6.1.jar
7f7bc8fea000-7f7bc8fef000 r--s 002f9000 08:06 1318506                    /usr/lib/jvm/java-8-oracle/jre/lib/charsets.jar
7f7bc8fef000-7f7bc8ff7000 rw-s 00000000 08:06 3284611                    /tmp/hsperfdata_xc/358
7f7bc8ff7000-7f7bc8ff8000 rw-p 00000000 00:00 0 
7f7bc8ff8000-7f7bc8ff9000 r--p 00000000 00:00 0 
7f7bc8ff9000-7f7bc8ffa000 r--p 00025000 08:06 1848153                    /lib/x86_64-linux-gnu/ld-2.23.so
7f7bc8ffa000-7f7bc8ffb000 rw-p 00026000 08:06 1848153                    /lib/x86_64-linux-gnu/ld-2.23.so
7f7bc8ffb000-7f7bc8ffc000 rw-p 00000000 00:00 0 
7ffe11fd8000-7ffe11ff9000 rw-p 00000000 00:00 0                          [stack]
7ffe11ffa000-7ffe11ffd000 r--p 00000000 00:00 0                          [vvar]
7ffe11ffd000-7ffe11fff000 r-xp 00000000 00:00 0                          [vdso]
ffffffffff600000-ffffffffff601000 r-xp 00000000 00:00 0                  [vsyscall]

VM Arguments:
jvm_args: -Dfile.encoding=gbk 
java_command: client.ClientMain
java_class_path (initial): /home/xiaobear/eclipse/xiaobear_java/jq/bin:/home/xiaobear/eclipse/xiaobear_java/jq/3rdLibs/substance.jar:/home/xiaobear/eclipse/xiaobear_java/jq/3rdLibs/protobuf-java-2.6.1.jar
Launcher Type: SUN_STANDARD

Environment Variables:
JAVA_HOME=/usr/lib/jvm/java-8-oracle
PATH=/usr/local/sbin:/usr/local/bin:/usr/sbin:/usr/bin:/sbin:/bin:/usr/games:/usr/local/games:/snap/bin:/usr/lib/jvm/java-8-oracle/bin:/usr/lib/jvm/java-8-oracle/db/bin:/usr/lib/jvm/java-8-oracle/jre/bin
SHELL=/bin/bash
DISPLAY=:0

Signal Handlers:
SIGSEGV: [libjvm.so+0xad01e0], sa_mask[0]=11111111011111111101111111111110, sa_flags=SA_RESTART|SA_SIGINFO
SIGBUS: [libjvm.so+0xad01e0], sa_mask[0]=11111111011111111101111111111110, sa_flags=SA_RESTART|SA_SIGINFO
SIGFPE: [libjvm.so+0x927fb0], sa_mask[0]=11111111011111111101111111111110, sa_flags=SA_RESTART|SA_SIGINFO
SIGPIPE: [libjvm.so+0x927fb0], sa_mask[0]=11111111011111111101111111111110, sa_flags=SA_RESTART|SA_SIGINFO
SIGXFSZ: [libjvm.so+0x927fb0], sa_mask[0]=11111111011111111101111111111110, sa_flags=SA_RESTART|SA_SIGINFO
SIGILL: [libjvm.so+0x927fb0], sa_mask[0]=11111111011111111101111111111110, sa_flags=SA_RESTART|SA_SIGINFO
SIGUSR1: SIG_DFL, sa_mask[0]=00000000000000000000000000000000, sa_flags=none
SIGUSR2: [libjvm.so+0x9297f0], sa_mask[0]=00100000000000000000000000000000, sa_flags=SA_RESTART|SA_SIGINFO
SIGHUP: [libjvm.so+0x92abf0], sa_mask[0]=11111111011111111101111111111110, sa_flags=SA_RESTART|SA_SIGINFO
SIGINT: [libjvm.so+0x92abf0], sa_mask[0]=11111111011111111101111111111110, sa_flags=SA_RESTART|SA_SIGINFO
SIGTERM: [libjvm.so+0x92abf0], sa_mask[0]=11111111011111111101111111111110, sa_flags=SA_RESTART|SA_SIGINFO
SIGQUIT: [libjvm.so+0x92abf0], sa_mask[0]=11111111011111111101111111111110, sa_flags=SA_RESTART|SA_SIGINFO


---------------  S Y S T E M  ---------------

OS:DISTRIB_ID=Ubuntu
DISTRIB_RELEASE=16.04
DISTRIB_CODENAME=xenial
DISTRIB_DESCRIPTION="Ubuntu 16.04 LTS"

uname:Linux 4.4.0-121-generic #145-Ubuntu SMP Fri Apr 13 13:47:23 UTC 2018 x86_64
libc:glibc 2.23 NPTL 2.23 
rlimit: STACK 8192k, CORE 0k, NPROC 31174, NOFILE 1048576, AS infinity
load average:68.88 20.43 8.29

/proc/meminfo:
MemTotal:        8061736 kB
MemFree:         3972108 kB
MemAvailable:    4293712 kB
Buffers:           31936 kB
Cached:           473028 kB
SwapCached:       148652 kB
Active:          3061460 kB
Inactive:         763140 kB
Active(anon):    2825936 kB
Inactive(anon):   498464 kB
Active(file):     235524 kB
Inactive(file):   264676 kB
Unevictable:          32 kB
Mlocked:              32 kB
SwapTotal:      15999484 kB
SwapFree:       12615676 kB
Dirty:              1028 kB
Writeback:             0 kB
AnonPages:       3294992 kB
Mapped:            51888 kB
Shmem:              4300 kB
Slab:             158608 kB
SReclaimable:      83604 kB
SUnreclaim:        75004 kB
KernelStack:       15664 kB
PageTables:        28664 kB
NFS_Unstable:          0 kB
Bounce:                0 kB
WritebackTmp:          0 kB
CommitLimit:    20030352 kB
Committed_AS:   12270920 kB
VmallocTotal:   34359738367 kB
VmallocUsed:           0 kB
VmallocChunk:          0 kB
HardwareCorrupted:     0 kB
AnonHugePages:         0 kB
CmaTotal:              0 kB
CmaFree:               0 kB
HugePages_Total:       0
HugePages_Free:        0
HugePages_Rsvd:        0
HugePages_Surp:        0
Hugepagesize:       2048 kB
DirectMap4k:      183756 kB
DirectMap2M:     8091648 kB
DirectMap1G:           0 kB


CPU:total 4 (initial active 4) (2 cores per cpu, 2 threads per core) family 6 model 60 stepping 3, cmov, cx8, fxsr, mmx, sse, sse2, sse3, ssse3, sse4.1, sse4.2, popcnt, avx, avx2, aes, clmul, erms, lzcnt, ht, tsc, tscinvbit, bmi1, bmi2

/proc/cpuinfo:
processor	: 0
vendor_id	: GenuineIntel
cpu family	: 6
model		: 60
model name	: Intel(R) Core(TM) i5-4200H CPU @ 2.80GHz
stepping	: 3
microcode	: 0x1c
cpu MHz		: 2738.093
cache size	: 3072 KB
physical id	: 0
siblings	: 4
core id		: 0
cpu cores	: 2
apicid		: 0
initial apicid	: 0
fpu		: yes
fpu_exception	: yes
cpuid level	: 13
wp		: yes
flags		: fpu vme de pse tsc msr pae mce cx8 apic sep mtrr pge mca cmov pat pse36 clflush dts acpi mmx fxsr sse sse2 ss ht tm pbe syscall nx pdpe1gb rdtscp lm constant_tsc arch_perfmon pebs bts rep_good nopl xtopology nonstop_tsc aperfmperf eagerfpu pni pclmulqdq dtes64 monitor ds_cpl vmx est tm2 ssse3 sdbg fma cx16 xtpr pdcm pcid sse4_1 sse4_2 x2apic movbe popcnt tsc_deadline_timer aes xsave avx f16c rdrand lahf_lm abm epb invpcid_single retpoline kaiser tpr_shadow vnmi flexpriority ept vpid fsgsbase tsc_adjust bmi1 avx2 smep bmi2 erms invpcid xsaveopt dtherm ida arat pln pts
bugs		: cpu_meltdown spectre_v1 spectre_v2
bogomips	: 5587.63
clflush size	: 64
cache_alignment	: 64
address sizes	: 39 bits physical, 48 bits virtual
power management:

processor	: 1
vendor_id	: GenuineIntel
cpu family	: 6
model		: 60
model name	: Intel(R) Core(TM) i5-4200H CPU @ 2.80GHz
stepping	: 3
microcode	: 0x1c
cpu MHz		: 2663.062
cache size	: 3072 KB
physical id	: 0
siblings	: 4
core id		: 1
cpu cores	: 2
apicid		: 2
initial apicid	: 2
fpu		: yes
fpu_exception	: yes
cpuid level	: 13
wp		: yes
flags		: fpu vme de pse tsc msr pae mce cx8 apic sep mtrr pge mca cmov pat pse36 clflush dts acpi mmx fxsr sse sse2 ss ht tm pbe syscall nx pdpe1gb rdtscp lm constant_tsc arch_perfmon pebs bts rep_good nopl xtopology nonstop_tsc aperfmperf eagerfpu pni pclmulqdq dtes64 monitor ds_cpl vmx est tm2 ssse3 sdbg fma cx16 xtpr pdcm pcid sse4_1 sse4_2 x2apic movbe popcnt tsc_deadline_timer aes xsave avx f16c rdrand lahf_lm abm epb invpcid_single retpoline kaiser tpr_shadow vnmi flexpriority ept vpid fsgsbase tsc_adjust bmi1 avx2 smep bmi2 erms invpcid xsaveopt dtherm ida arat pln pts
bugs		: cpu_meltdown spectre_v1 spectre_v2
bogomips	: 5587.63
clflush size	: 64
cache_alignment	: 64
address sizes	: 39 bits physical, 48 bits virtual
power management:

processor	: 2
vendor_id	: GenuineIntel
cpu family	: 6
model		: 60
model name	: Intel(R) Core(TM) i5-4200H CPU @ 2.80GHz
stepping	: 3
microcode	: 0x1c
cpu MHz		: 2622.812
cache size	: 3072 KB
physical id	: 0
siblings	: 4
core id		: 0
cpu cores	: 2
apicid		: 1
initial apicid	: 1
fpu		: yes
fpu_exception	: yes
cpuid level	: 13
wp		: yes
flags		: fpu vme de pse tsc msr pae mce cx8 apic sep mtrr pge mca cmov pat pse36 clflush dts acpi mmx fxsr sse sse2 ss ht tm pbe syscall nx pdpe1gb rdtscp lm constant_tsc arch_perfmon pebs bts rep_good nopl xtopology nonstop_tsc aperfmperf eagerfpu pni pclmulqdq dtes64 monitor ds_cpl vmx est tm2 ssse3 sdbg fma cx16 xtpr pdcm pcid sse4_1 sse4_2 x2apic movbe popcnt tsc_deadline_timer aes xsave avx f16c rdrand lahf_lm abm epb invpcid_single retpoline kaiser tpr_shadow vnmi flexpriority ept vpid fsgsbase tsc_adjust bmi1 avx2 smep bmi2 erms invpcid xsaveopt dtherm ida arat pln pts
bugs		: cpu_meltdown spectre_v1 spectre_v2
bogomips	: 5587.63
clflush size	: 64
cache_alignment	: 64
address sizes	: 39 bits physical, 48 bits virtual
power management:

processor	: 3
vendor_id	: GenuineIntel
cpu family	: 6
model		: 60
model name	: Intel(R) Core(TM) i5-4200H CPU @ 2.80GHz
stepping	: 3
microcode	: 0x1c
cpu MHz		: 2800.328
cache size	: 3072 KB
physical id	: 0
siblings	: 4
core id		: 1
cpu cores	: 2
apicid		: 3
initial apicid	: 3
fpu		: yes
fpu_exception	: yes
cpuid level	: 13
wp		: yes
flags		: fpu vme de pse tsc msr pae mce cx8 apic sep mtrr pge mca cmov pat pse36 clflush dts acpi mmx fxsr sse sse2 ss ht tm pbe syscall nx pdpe1gb rdtscp lm constant_tsc arch_perfmon pebs bts rep_good nopl xtopology nonstop_tsc aperfmperf eagerfpu pni pclmulqdq dtes64 monitor ds_cpl vmx est tm2 ssse3 sdbg fma cx16 xtpr pdcm pcid sse4_1 sse4_2 x2apic movbe popcnt tsc_deadline_timer aes xsave avx f16c rdrand lahf_lm abm epb invpcid_single retpoline kaiser tpr_shadow vnmi flexpriority ept vpid fsgsbase tsc_adjust bmi1 avx2 smep bmi2 erms invpcid xsaveopt dtherm ida arat pln pts
bugs		: cpu_meltdown spectre_v1 spectre_v2
bogomips	: 5587.63
clflush size	: 64
cache_alignment	: 64
address sizes	: 39 bits physical, 48 bits virtual
power management:



Memory: 4k page, physical 8061736k(3972280k free), swap 15999484k(12615676k free)

vm_info: Java HotSpot(TM) 64-Bit Server VM (25.161-b12) for linux-amd64 JRE (1.8.0_161-b12), built on Dec 19 2017 16:12:43 by "java_re" with gcc 4.3.0 20080428 (Red Hat 4.3.0-8)

time: Sun May  6 12:56:05 2018
elapsed time: 64675 seconds (0d 17h 57m 55s)

