#
# A fatal error has been detected by the Java Runtime Environment:
#
#  SIGSEGV (0xb) at pc=0x00007f4c303e26fa, pid=31403, tid=0x00007f4c1e8e3700
#
# JRE version: Java(TM) SE Runtime Environment (8.0_161-b12) (build 1.8.0_161-b12)
# Java VM: Java HotSpot(TM) 64-Bit Server VM (25.161-b12 mixed mode linux-amd64 compressed oops)
# Problematic frame:
# v  ~BufferBlob::jni_fast_GetLongField
#
# Failed to write core dump. Core dumps have been disabled. To enable core dumping, try "ulimit -c unlimited" before starting Java again
#
# If you would like to submit a bug report, please visit:
#   http://bugreport.java.com/bugreport/crash.jsp
# The crash happened outside the Java Virtual Machine in native code.
# See problematic frame for where to report the bug.
#

---------------  T H R E A D  ---------------

Current thread (0x00007f4c40288000):  JavaThread "AWT-XAWT" daemon [_thread_in_native, id=31427, stack(0x00007f4c1e7e3000,0x00007f4c1e8e4000)]

siginfo: si_signo: 11 (SIGSEGV), si_code: 1 (SEGV_MAPERR), si_addr: 0x0000000000000000

Registers:
RAX=0x00007f4c4571ab80, RBX=0x00007f4c402881f8, RCX=0x00007f4c461832c0, RDX=0x0000000000000042
RSP=0x00007f4c1e8e25e8, RBP=0x00007f4c1e8e2610, RSI=0x0000000000000000, RDI=0x00007f4c402881f8
R8 =0x00000000000001f4, R9 =0x0000000000000000, R10=0x000000000000008c, R11=0x0000000087d7ce90
R12=0x00007f4bd8036360, R13=0x0000000000000000, R14=0x00007f4c2c4b1820, R15=0x00007f4c40288000
RIP=0x00007f4c303e26fa, EFLAGS=0x0000000000010246, CSGSFS=0x0000000000000033, ERR=0x0000000000000004
  TRAPNO=0x000000000000000e

Top of Stack: (sp=0x00007f4c1e8e25e8)
0x00007f4c1e8e25e8:   00007f4c2c290001 00000000e6fe5f50
0x00007f4c1e8e25f8:   00007f4bd8036360 00000000e3ac84b8
0x00007f4c1e8e2608:   00007f4c1e8e2690 0000000000000000
0x00007f4c1e8e2618:   00007f4c1fd2a3c0 00000000e6fe5f50
0x00007f4c1e8e2628:   00007f4c1e8e2650 0000000000000000
0x00007f4c1e8e2638:   00007f4c1fd21f93 00000000e3ac84b8
0x00007f4c1e8e2648:   00007f4c2c28923f 00007f4c1e8e26a0
0x00007f4c1e8e2658:   00007f4c30ab4736 0000000000000007
0x00007f4c1e8e2668:   0000000000000000 0000000000000001
0x00007f4c1e8e2678:   00007f4bec002e20 0000000000000031
0x00007f4c1e8e2688:   0000000000000031 0000000087d7c078
0x00007f4c1e8e2698:   0000000000000206 0000000000000320
0x00007f4c1e8e26a8:   00007f4c30d2e5a0 0000000100011570
0x00007f4c1e8e26b8:   e6fe5f2000000000 00000000e6ff0e58
0x00007f4c1e8e26c8:   00000000e6f2a388 000000010008e908
0x00007f4c1e8e26d8:   0000000100029680 00000000e6fe5f20
0x00007f4c1e8e26e8:   0000000000400002 00000000e6fe5f20
0x00007f4c1e8e26f8:   00007f4c303802bd 0000000000000000
0x00007f4c1e8e2708:   0000000000000000 0000000000000031
0x00007f4c1e8e2718:   0000000000000000 00007f4c1e8e2780
0x00007f4c1e8e2728:   00007f4c303802bd deaddeaf00000000
0x00007f4c1e8e2738:   00000000e6f2a388 00007f4c1e8e2740
0x00007f4c1e8e2748:   00007f4c2ee23b05 00007f4c1e8e2790
0x00007f4c1e8e2758:   00007f4c2ee2cc70 0000000000000000
0x00007f4c1e8e2768:   00007f4c2ee23b10 00007f4c1e8e2730
0x00007f4c1e8e2778:   00007f4c1e8e2790 00007f4c1e8e27d8
0x00007f4c1e8e2788:   00007f4c30380302 00000000e6f2a388
0x00007f4c1e8e2798:   00007f4c1e8e2798 00007f4c2e99d99b
0x00007f4c1e8e27a8:   00007f4c1e8e27e8 00007f4c2ea25268
0x00007f4c1e8e27b8:   0000000000000000 00007f4c2e99d9a8
0x00007f4c1e8e27c8:   00007f4c1e8e2790 00007f4c1e8e27e8
0x00007f4c1e8e27d8:   00007f4c1e8e2850 00007f4c303787a7 

Instructions: (pc=0x00007f4c303e26fa)
0x00007f4c303e26da:   00 00 00 00 00 00 44 8b 15 a1 7f 37 15 4c 8b ce
0x00007f4c303e26ea:   41 f6 c2 01 0f 85 2e 00 00 00 4d 33 ca 4d 33 ca
0x00007f4c303e26fa:   4d 8b 09 4c 8b da 49 c1 eb 02 4b 8b 04 19 49 bb
0x00007f4c303e270a:   88 a6 75 45 4c 7f 00 00 4c 33 d8 4c 33 d8 45 3b 

Register to memory mapping:

RAX=0x00007f4c4571ab80: <offset 0xf90b80> in /usr/lib/jvm/java-8-oracle/jre/lib/amd64/server/libjvm.so at 0x00007f4c4478a000
RBX=0x00007f4c402881f8 is an unknown value
RCX=0x00007f4c461832c0: <offset 0x2182c0> in /lib/x86_64-linux-gnu/libpthread.so.0 at 0x00007f4c45f6b000
RDX=0x0000000000000042 is an unknown value
RSP=0x00007f4c1e8e25e8 is pointing into the stack for thread: 0x00007f4c40288000
RBP=0x00007f4c1e8e2610 is pointing into the stack for thread: 0x00007f4c40288000
RSI=0x0000000000000000 is an unknown value
RDI=0x00007f4c402881f8 is an unknown value
R8 =0x00000000000001f4 is an unknown value
R9 =0x0000000000000000 is an unknown value
R10=0x000000000000008c is an unknown value
R11=0x0000000087d7ce90 is an oop
[I 
 - klass: {type array int}
 - length: 9
R12=0x00007f4bd8036360 is an unknown value
R13=0x0000000000000000 is an unknown value
R14=0x00007f4c2c4b1820: <offset 0x258820> in /usr/lib/jvm/java-8-oracle/jre/lib/amd64/libawt_xawt.so at 0x00007f4c2c259000
R15=0x00007f4c40288000 is a thread


Stack: [0x00007f4c1e7e3000,0x00007f4c1e8e4000],  sp=0x00007f4c1e8e25e8,  free space=1021k
Native frames: (J=compiled Java code, j=interpreted, Vv=VM code, C=native code)
v  ~BufferBlob::jni_fast_GetLongField
C  [libX11.so.6+0x643c0]  _XimServerDestroy+0x70

Java frames: (J=compiled Java code, j=interpreted, Vv=VM code)
J 2314  sun.awt.X11.XlibWrapper.XFilterEvent(JJ)Z (0 bytes) @ 0x00007f4c30ab46c4 [0x00007f4c30ab4680+0x44]
J 3058% C2 sun.awt.X11.XToolkit.run(Z)V (410 bytes) @ 0x00007f4c30d2e5a0 [0x00007f4c30d2d6c0+0xee0]
j  sun.awt.X11.XToolkit.run()V+5
j  java.lang.Thread.run()V+11
v  ~StubRoutines::call_stub

---------------  P R O C E S S  ---------------

Java Threads: ( => current thread )
  0x00007f4bd803c000 JavaThread "TimerQueue" daemon [_thread_blocked, id=31434, stack(0x00007f4c1ce13000,0x00007f4c1cf14000)]
  0x00007f4c4000a800 JavaThread "DestroyJavaVM" [_thread_blocked, id=31412, stack(0x00007f4c46289000,0x00007f4c4638a000)]
  0x00007f4c40516800 JavaThread "Laf-Widget fade tracker" [_thread_blocked, id=31433, stack(0x00007f4c1cf14000,0x00007f4c1d015000)]
  0x00007f4c40307000 JavaThread "AWT-EventQueue-0" [_thread_blocked, id=31430, stack(0x00007f4c1df9d000,0x00007f4c1e09e000)]
  0x00007f4c40306000 JavaThread "AWT-Shutdown" [_thread_blocked, id=31429, stack(0x00007f4c1e4cb000,0x00007f4c1e5cc000)]
=>0x00007f4c40288000 JavaThread "AWT-XAWT" daemon [_thread_in_native, id=31427, stack(0x00007f4c1e7e3000,0x00007f4c1e8e4000)]
  0x00007f4c40270800 JavaThread "Java2D Disposer" daemon [_thread_blocked, id=31426, stack(0x00007f4c1ecf4000,0x00007f4c1edf5000)]
  0x00007f4c400e7000 JavaThread "Service Thread" daemon [_thread_blocked, id=31424, stack(0x00007f4c2c93d000,0x00007f4c2ca3e000)]
  0x00007f4c400e4000 JavaThread "C1 CompilerThread2" daemon [_thread_blocked, id=31423, stack(0x00007f4c2ca3e000,0x00007f4c2cb3f000)]
  0x00007f4c400d2000 JavaThread "C2 CompilerThread1" daemon [_thread_blocked, id=31422, stack(0x00007f4c2cb3f000,0x00007f4c2cc40000)]
  0x00007f4c400cf800 JavaThread "C2 CompilerThread0" daemon [_thread_blocked, id=31421, stack(0x00007f4c2cc40000,0x00007f4c2cd41000)]
  0x00007f4c400c5000 JavaThread "Signal Dispatcher" daemon [_thread_in_vm, id=31420, stack(0x00007f4c2cd41000,0x00007f4c2ce42000)]
  0x00007f4c40084800 JavaThread "Finalizer" daemon [_thread_blocked, id=31419, stack(0x00007f4c2d48b000,0x00007f4c2d58c000)]
  0x00007f4c40080000 JavaThread "Reference Handler" daemon [_thread_blocked, id=31418, stack(0x00007f4c2d58c000,0x00007f4c2d68d000)]

Other Threads:
  0x00007f4c40078800 VMThread [stack: 0x00007f4c2d68d000,0x00007f4c2d78e000] [id=31417]
  0x00007f4c400ec000 WatcherThread [stack: 0x00007f4c2c83c000,0x00007f4c2c93d000] [id=31425]

VM state:not at safepoint (normal execution)

VM Mutex/Monitor currently owned by a thread: None

Heap:
 PSYoungGen      total 260096K, used 216723K [0x00000000d6f80000, 0x00000000e7480000, 0x0000000100000000)
  eden space 253952K, 83% used [0x00000000d6f80000,0x00000000e3efe898,0x00000000e6780000)
  from space 6144K, 69% used [0x00000000e6e80000,0x00000000e72a65d0,0x00000000e7480000)
  to   space 6656K, 0% used [0x00000000e6780000,0x00000000e6780000,0x00000000e6e00000)
 ParOldGen       total 84992K, used 50707K [0x0000000084e00000, 0x000000008a100000, 0x00000000d6f80000)
  object space 84992K, 59% used [0x0000000084e00000,0x0000000087f84de0,0x000000008a100000)
 Metaspace       used 20426K, capacity 20788K, committed 21120K, reserved 1067008K
  class space    used 2494K, capacity 2589K, committed 2688K, reserved 1048576K

Card table byte_map: [0x00007f4c2fbde000,0x00007f4c2ffb8000] byte_map_base: 0x00007f4c2f7b7000

Marking Bits: (ParMarkBitMap*) 0x00007f4c45759920
 Begin Bits: [0x00007f4c24270000, 0x00007f4c26138000)
 End Bits:   [0x00007f4c26138000, 0x00007f4c28000000)

Polling page: 0x00007f4c463ac000

CodeCache: size=245760Kb used=9364Kb max_used=9688Kb free=236395Kb
 bounds [0x00007f4c30378000, 0x00007f4c30d48000, 0x00007f4c3f378000]
 total_blobs=3473 nmethods=2822 adapters=563
 compilation: enabled

Compilation events (10 events):
Event: 21244.990 Thread 0x00007f4c400e4000 3054 % !   3       sun.awt.X11.XToolkit::run @ 59 (410 bytes)
Event: 21246.546 Thread 0x00007f4c400e4000 nmethod 3054% 0x00007f4c30596650 code [0x00007f4c30597020, 0x00007f4c3059e998]
Event: 21667.710 Thread 0x00007f4c400e4000 3055 % !   3       sun.awt.X11.XToolkit::run @ 8 (410 bytes)
Event: 21667.870 Thread 0x00007f4c400e4000 nmethod 3055% 0x00007f4c30d15bd0 code [0x00007f4c30d16580, 0x00007f4c30d1ccf8]
Event: 22071.254 Thread 0x00007f4c400e4000 3056   !   3       sun.awt.X11.XToolkit::run (410 bytes)
Event: 22071.302 Thread 0x00007f4c400e4000 nmethod 3056 0x00007f4c30d21810 code [0x00007f4c30d221c0, 0x00007f4c30d28578]
Event: 25155.814 Thread 0x00007f4c400d2000 3057       4       sun.awt.X11.XDropTargetEventProcessor::doProcessEvent (221 bytes)
Event: 25156.343 Thread 0x00007f4c400d2000 nmethod 3057 0x00007f4c3058e850 code [0x00007f4c3058ec60, 0x00007f4c30590510]
Event: 40013.182 Thread 0x00007f4c400cf800 3058 % !   4       sun.awt.X11.XToolkit::run @ 59 (410 bytes)
Event: 40014.964 Thread 0x00007f4c400cf800 nmethod 3058% 0x00007f4c30d2cf90 code [0x00007f4c30d2d6c0, 0x00007f4c30d31940]

GC Heap History (10 events):
Event: 0.988 GC heap before
{Heap before GC invocations=2 (full 0):
 PSYoungGen      total 36864K, used 34692K [0x00000000d6f80000, 0x00000000db780000, 0x0000000100000000)
  eden space 31744K, 96% used [0x00000000d6f80000,0x00000000d8d60dd0,0x00000000d8e80000)
  from space 5120K, 80% used [0x00000000d8e80000,0x00000000d9280320,0x00000000d9380000)
  to   space 5120K, 0% used [0x00000000db280000,0x00000000db280000,0x00000000db780000)
 ParOldGen       total 84992K, used 24316K [0x0000000084e00000, 0x000000008a100000, 0x00000000d6f80000)
  object space 84992K, 28% used [0x0000000084e00000,0x00000000865bf030,0x000000008a100000)
 Metaspace       used 13112K, capacity 13338K, committed 13568K, reserved 1060864K
  class space    used 1626K, capacity 1700K, committed 1792K, reserved 1048576K
Event: 0.999 GC heap after
Heap after GC invocations=2 (full 0):
 PSYoungGen      total 68608K, used 2962K [0x00000000d6f80000, 0x00000000db780000, 0x0000000100000000)
  eden space 63488K, 0% used [0x00000000d6f80000,0x00000000d6f80000,0x00000000dad80000)
  from space 5120K, 57% used [0x00000000db280000,0x00000000db564b60,0x00000000db780000)
  to   space 5120K, 0% used [0x00000000dad80000,0x00000000dad80000,0x00000000db280000)
 ParOldGen       total 84992K, used 48624K [0x0000000084e00000, 0x000000008a100000, 0x00000000d6f80000)
  object space 84992K, 57% used [0x0000000084e00000,0x0000000087d7c060,0x000000008a100000)
 Metaspace       used 13112K, capacity 13338K, committed 13568K, reserved 1060864K
  class space    used 1626K, capacity 1700K, committed 1792K, reserved 1048576K
}
Event: 462.561 GC heap before
{Heap before GC invocations=3 (full 0):
 PSYoungGen      total 68608K, used 66450K [0x00000000d6f80000, 0x00000000db780000, 0x0000000100000000)
  eden space 63488K, 100% used [0x00000000d6f80000,0x00000000dad80000,0x00000000dad80000)
  from space 5120K, 57% used [0x00000000db280000,0x00000000db564b60,0x00000000db780000)
  to   space 5120K, 0% used [0x00000000dad80000,0x00000000dad80000,0x00000000db280000)
 ParOldGen       total 84992K, used 48624K [0x0000000084e00000, 0x000000008a100000, 0x00000000d6f80000)
  object space 84992K, 57% used [0x0000000084e00000,0x0000000087d7c060,0x000000008a100000)
 Metaspace       used 20334K, capacity 20596K, committed 20864K, reserved 1067008K
  class space    used 2490K, capacity 2589K, committed 2688K, reserved 1048576K
Event: 462.569 GC heap after
Heap after GC invocations=3 (full 0):
 PSYoungGen      total 68608K, used 5100K [0x00000000d6f80000, 0x00000000df580000, 0x0000000100000000)
  eden space 63488K, 0% used [0x00000000d6f80000,0x00000000d6f80000,0x00000000dad80000)
  from space 5120K, 99% used [0x00000000dad80000,0x00000000db27b1e8,0x00000000db280000)
  to   space 5120K, 0% used [0x00000000df080000,0x00000000df080000,0x00000000df580000)
 ParOldGen       total 84992K, used 50683K [0x0000000084e00000, 0x000000008a100000, 0x00000000d6f80000)
  object space 84992K, 59% used [0x0000000084e00000,0x0000000087f7ede0,0x000000008a100000)
 Metaspace       used 20334K, capacity 20596K, committed 20864K, reserved 1067008K
  class space    used 2490K, capacity 2589K, committed 2688K, reserved 1048576K
}
Event: 8186.863 GC heap before
{Heap before GC invocations=4 (full 0):
 PSYoungGen      total 68608K, used 68588K [0x00000000d6f80000, 0x00000000df580000, 0x0000000100000000)
  eden space 63488K, 100% used [0x00000000d6f80000,0x00000000dad80000,0x00000000dad80000)
  from space 5120K, 99% used [0x00000000dad80000,0x00000000db27b1e8,0x00000000db280000)
  to   space 5120K, 0% used [0x00000000df080000,0x00000000df080000,0x00000000df580000)
 ParOldGen       total 84992K, used 50683K [0x0000000084e00000, 0x000000008a100000, 0x00000000d6f80000)
  object space 84992K, 59% used [0x0000000084e00000,0x0000000087f7ede0,0x000000008a100000)
 Metaspace       used 20420K, capacity 20788K, committed 21120K, reserved 1067008K
  class space    used 2494K, capacity 2589K, committed 2688K, reserved 1048576K
Event: 8186.868 GC heap after
Heap after GC invocations=4 (full 0):
 PSYoungGen      total 132096K, used 4889K [0x00000000d6f80000, 0x00000000df580000, 0x0000000100000000)
  eden space 126976K, 0% used [0x00000000d6f80000,0x00000000d6f80000,0x00000000deb80000)
  from space 5120K, 95% used [0x00000000df080000,0x00000000df5465d0,0x00000000df580000)
  to   space 5120K, 0% used [0x00000000deb80000,0x00000000deb80000,0x00000000df080000)
 ParOldGen       total 84992K, used 50691K [0x0000000084e00000, 0x000000008a100000, 0x00000000d6f80000)
  object space 84992K, 59% used [0x0000000084e00000,0x0000000087f80de0,0x000000008a100000)
 Metaspace       used 20420K, capacity 20788K, committed 21120K, reserved 1067008K
  class space    used 2494K, capacity 2589K, committed 2688K, reserved 1048576K
}
Event: 24196.807 GC heap before
{Heap before GC invocations=5 (full 0):
 PSYoungGen      total 132096K, used 131865K [0x00000000d6f80000, 0x00000000df580000, 0x0000000100000000)
  eden space 126976K, 100% used [0x00000000d6f80000,0x00000000deb80000,0x00000000deb80000)
  from space 5120K, 95% used [0x00000000df080000,0x00000000df5465d0,0x00000000df580000)
  to   space 5120K, 0% used [0x00000000deb80000,0x00000000deb80000,0x00000000df080000)
 ParOldGen       total 84992K, used 50691K [0x0000000084e00000, 0x000000008a100000, 0x00000000d6f80000)
  object space 84992K, 59% used [0x0000000084e00000,0x0000000087f80de0,0x000000008a100000)
 Metaspace       used 20424K, capacity 20788K, committed 21120K, reserved 1067008K
  class space    used 2494K, capacity 2589K, committed 2688K, reserved 1048576K
Event: 24198.853 GC heap after
Heap after GC invocations=5 (full 0):
 PSYoungGen      total 132096K, used 4279K [0x00000000d6f80000, 0x00000000e7580000, 0x0000000100000000)
  eden space 126976K, 0% used [0x00000000d6f80000,0x00000000d6f80000,0x00000000deb80000)
  from space 5120K, 83% used [0x00000000deb80000,0x00000000defaddc0,0x00000000df080000)
  to   space 7168K, 0% used [0x00000000e6e80000,0x00000000e6e80000,0x00000000e7580000)
 ParOldGen       total 84992K, used 50699K [0x0000000084e00000, 0x000000008a100000, 0x00000000d6f80000)
  object space 84992K, 59% used [0x0000000084e00000,0x0000000087f82de0,0x000000008a100000)
 Metaspace       used 20424K, capacity 20788K, committed 21120K, reserved 1067008K
  class space    used 2494K, capacity 2589K, committed 2688K, reserved 1048576K
}
Event: 40126.808 GC heap before
{Heap before GC invocations=6 (full 0):
 PSYoungGen      total 132096K, used 131255K [0x00000000d6f80000, 0x00000000e7580000, 0x0000000100000000)
  eden space 126976K, 100% used [0x00000000d6f80000,0x00000000deb80000,0x00000000deb80000)
  from space 5120K, 83% used [0x00000000deb80000,0x00000000defaddc0,0x00000000df080000)
  to   space 7168K, 0% used [0x00000000e6e80000,0x00000000e6e80000,0x00000000e7580000)
 ParOldGen       total 84992K, used 50699K [0x0000000084e00000, 0x000000008a100000, 0x00000000d6f80000)
  object space 84992K, 59% used [0x0000000084e00000,0x0000000087f82de0,0x000000008a100000)
 Metaspace       used 20425K, capacity 20788K, committed 21120K, reserved 1067008K
  class space    used 2494K, capacity 2589K, committed 2688K, reserved 1048576K
Event: 40127.322 GC heap after
Heap after GC invocations=6 (full 0):
 PSYoungGen      total 260096K, used 4249K [0x00000000d6f80000, 0x00000000e7480000, 0x0000000100000000)
  eden space 253952K, 0% used [0x00000000d6f80000,0x00000000d6f80000,0x00000000e6780000)
  from space 6144K, 69% used [0x00000000e6e80000,0x00000000e72a65d0,0x00000000e7480000)
  to   space 6656K, 0% used [0x00000000e6780000,0x00000000e6780000,0x00000000e6e00000)
 ParOldGen       total 84992K, used 50707K [0x0000000084e00000, 0x000000008a100000, 0x00000000d6f80000)
  object space 84992K, 59% used [0x0000000084e00000,0x0000000087f84de0,0x000000008a100000)
 Metaspace       used 20425K, capacity 20788K, committed 21120K, reserved 1067008K
  class space    used 2494K, capacity 2589K, committed 2688K, reserved 1048576K
}

Deoptimization events (10 events):
Event: 4.208 Thread 0x00007f4c40288000 Uncommon trap: reason=bimorphic action=maybe_recompile pc=0x00007f4c30a1a7c0 method=java.util.Hashtable.put(Ljava/lang/Object;Ljava/lang/Object;)Ljava/lang/Object; @ 60
Event: 4.208 Thread 0x00007f4c40288000 Uncommon trap: reason=bimorphic action=maybe_recompile pc=0x00007f4c30a1a7c0 method=java.util.Hashtable.put(Ljava/lang/Object;Ljava/lang/Object;)Ljava/lang/Object; @ 60
Event: 4.208 Thread 0x00007f4c40288000 Uncommon trap: reason=bimorphic action=maybe_recompile pc=0x00007f4c30a1a7c0 method=java.util.Hashtable.put(Ljava/lang/Object;Ljava/lang/Object;)Ljava/lang/Object; @ 60
Event: 4.208 Thread 0x00007f4c40288000 Uncommon trap: reason=bimorphic action=maybe_recompile pc=0x00007f4c30a1a7c0 method=java.util.Hashtable.put(Ljava/lang/Object;Ljava/lang/Object;)Ljava/lang/Object; @ 60
Event: 4.209 Thread 0x00007f4c40288000 Uncommon trap: reason=bimorphic action=maybe_recompile pc=0x00007f4c307f1290 method=java.util.Hashtable.get(Ljava/lang/Object;)Ljava/lang/Object; @ 45
Event: 4.209 Thread 0x00007f4c40288000 Uncommon trap: reason=bimorphic action=maybe_recompile pc=0x00007f4c307f1290 method=java.util.Hashtable.get(Ljava/lang/Object;)Ljava/lang/Object; @ 45
Event: 11.085 Thread 0x00007f4c40307000 Uncommon trap: reason=unstable_if action=reinterpret pc=0x00007f4c30b7f208 method=sun.awt.geom.Curve.pointCrossingsForQuad(DDDDDDDDI)I @ 41
Event: 11.584 Thread 0x00007f4c40307000 Uncommon trap: reason=unstable_if action=reinterpret pc=0x00007f4c305ef6a0 method=sun.nio.cs.UTF_8$Encoder.encode([CII[B)I @ 33
Event: 78.757 Thread 0x00007f4c40307000 Uncommon trap: reason=unstable_if action=reinterpret pc=0x00007f4c30bb4354 method=sun.awt.geom.Curve.pointCrossingsForQuad(DDDDDDDDI)I @ 87
Event: 110.940 Thread 0x00007f4c40307000 Uncommon trap: reason=range_check action=make_not_entrant pc=0x00007f4c30cc1544 method=java.awt.image.PackedColorModel.DecomposeMask(IILjava/lang/String;)V @ 8

Classes redefined (0 events):
No events

Internal exceptions (10 events):
Event: 0.188 Thread 0x00007f4c4000a800 Exception <a 'java/lang/NoSuchFieldError': method resolution failed> (0x00000000d7214e70) thrown at [/HUDSON/workspace/8-2-build-linux-amd64/jdk8u161/10277/hotspot/src/share/vm/prims/methodHandles.cpp, line 1167]
Event: 0.190 Thread 0x00007f4c4000a800 Exception <a 'java/lang/NoSuchFieldError': method resolution failed> (0x00000000d72225c0) thrown at [/HUDSON/workspace/8-2-build-linux-amd64/jdk8u161/10277/hotspot/src/share/vm/prims/methodHandles.cpp, line 1167]
Event: 0.260 Thread 0x00007f4c4000a800 Exception <a 'java/io/FileNotFoundException'> (0x00000000d72a1628) thrown at [/HUDSON/workspace/8-2-build-linux-amd64/jdk8u161/10277/hotspot/src/share/vm/prims/jni.cpp, line 709]
Event: 0.260 Thread 0x00007f4c4000a800 Exception <a 'java/io/FileNotFoundException'> (0x00000000d72a1f50) thrown at [/HUDSON/workspace/8-2-build-linux-amd64/jdk8u161/10277/hotspot/src/share/vm/prims/jni.cpp, line 709]
Event: 0.712 Thread 0x00007f4c4000a800 Exception <a 'java/io/FileNotFoundException'> (0x00000000d852c858) thrown at [/HUDSON/workspace/8-2-build-linux-amd64/jdk8u161/10277/hotspot/src/share/vm/prims/jni.cpp, line 709]
Event: 1.045 Thread 0x00007f4c4000a800 Implicit null exception at 0x00007f4c3061da35 to 0x00007f4c3061dde5
Event: 1.046 Thread 0x00007f4c4000a800 Implicit null exception at 0x00007f4c305fe736 to 0x00007f4c305feae9
Event: 1.260 Thread 0x00007f4c4000a800 Implicit null exception at 0x00007f4c306fa7ab to 0x00007f4c306fcab1
Event: 1.544 Thread 0x00007f4c40307000 Exception <a 'java/lang/UnsupportedOperationException': > (0x00000000d8e00bc0) thrown at [/HUDSON/workspace/8-2-build-linux-amd64/jdk8u161/10277/hotspot/src/share/vm/prims/jni.cpp, line 735]
Event: 2.925 Thread 0x00007f4c40307000 Exception <a 'java/lang/UnsupportedOperationException': > (0x00000000d95985a8) thrown at [/HUDSON/workspace/8-2-build-linux-amd64/jdk8u161/10277/hotspot/src/share/vm/prims/jni.cpp, line 735]

Events (10 events):
Event: 4395.243 Thread 0x00007f4c40516800 DEOPT PACKING pc=0x00007f4c304f8c2e sp=0x00007f4c1d013650
Event: 4395.243 Thread 0x00007f4c40516800 DEOPT UNPACKING pc=0x00007f4c303bf784 sp=0x00007f4c1d0133e8 mode 0
Event: 8186.863 Executing VM operation: ParallelGCFailedAllocation
Event: 8186.868 Executing VM operation: ParallelGCFailedAllocation done
Event: 24196.627 Executing VM operation: ParallelGCFailedAllocation
Event: 24198.857 Executing VM operation: ParallelGCFailedAllocation done
Event: 40126.779 Executing VM operation: ParallelGCFailedAllocation
Event: 40127.322 Executing VM operation: ParallelGCFailedAllocation done
Event: 44114.321 Thread 0x00007f4c40288000 DEOPT PACKING pc=0x00007f4c3059c953 sp=0x00007f4c1e8e2550
Event: 44114.321 Thread 0x00007f4c40288000 DEOPT UNPACKING pc=0x00007f4c303bf784 sp=0x00007f4c1e8e2410 mode 0


Dynamic libraries:
00400000-00401000 r-xp 00000000 08:06 1316786                            /usr/lib/jvm/java-8-oracle/bin/java
00600000-00601000 rw-p 00000000 08:06 1316786                            /usr/lib/jvm/java-8-oracle/bin/java
00e95000-00eb6000 rw-p 00000000 00:00 0                                  [heap]
84e00000-8a100000 rw-p 00000000 00:00 0 
8a100000-d6f80000 ---p 00000000 00:00 0 
d6f80000-e7480000 rw-p 00000000 00:00 0 
e7480000-100000000 ---p 00000000 00:00 0 
100000000-1002a0000 rw-p 00000000 00:00 0 
1002a0000-140000000 ---p 00000000 00:00 0 
7f4bd0000000-7f4bd028f000 rw-p 00000000 00:00 0 
7f4bd028f000-7f4bd4000000 ---p 00000000 00:00 0 
7f4bd4000000-7f4bd4021000 rw-p 00000000 00:00 0 
7f4bd4021000-7f4bd8000000 ---p 00000000 00:00 0 
7f4bd8000000-7f4bd80aa000 rw-p 00000000 00:00 0 
7f4bd80aa000-7f4bdc000000 ---p 00000000 00:00 0 
7f4bdc000000-7f4bdc095000 rw-p 00000000 00:00 0 
7f4bdc095000-7f4be0000000 ---p 00000000 00:00 0 
7f4be0000000-7f4be002c000 rw-p 00000000 00:00 0 
7f4be002c000-7f4be4000000 ---p 00000000 00:00 0 
7f4be4fff000-7f4be8000000 rw-p 00000000 00:00 0 
7f4be8000000-7f4be8021000 rw-p 00000000 00:00 0 
7f4be8021000-7f4bec000000 ---p 00000000 00:00 0 
7f4bec000000-7f4bec29b000 rw-p 00000000 00:00 0 
7f4bec29b000-7f4bf0000000 ---p 00000000 00:00 0 
7f4bf0000000-7f4bf0021000 rw-p 00000000 00:00 0 
7f4bf0021000-7f4bf4000000 ---p 00000000 00:00 0 
7f4bf4000000-7f4bf4021000 rw-p 00000000 00:00 0 
7f4bf4021000-7f4bf8000000 ---p 00000000 00:00 0 
7f4bf8000000-7f4bf8fe7000 rw-p 00000000 00:00 0 
7f4bf8fe7000-7f4bfc000000 ---p 00000000 00:00 0 
7f4bfc000000-7f4bfc56b000 rw-p 00000000 00:00 0 
7f4bfc56b000-7f4c00000000 ---p 00000000 00:00 0 
7f4c00000000-7f4c00021000 rw-p 00000000 00:00 0 
7f4c00021000-7f4c04000000 ---p 00000000 00:00 0 
7f4c04000000-7f4c04b10000 rw-p 00000000 00:00 0 
7f4c04b10000-7f4c08000000 ---p 00000000 00:00 0 
7f4c08000000-7f4c08021000 rw-p 00000000 00:00 0 
7f4c08021000-7f4c0c000000 ---p 00000000 00:00 0 
7f4c0c000000-7f4c0c021000 rw-p 00000000 00:00 0 
7f4c0c021000-7f4c10000000 ---p 00000000 00:00 0 
7f4c10000000-7f4c10021000 rw-p 00000000 00:00 0 
7f4c10021000-7f4c14000000 ---p 00000000 00:00 0 
7f4c14000000-7f4c14021000 rw-p 00000000 00:00 0 
7f4c14021000-7f4c18000000 ---p 00000000 00:00 0 
7f4c18000000-7f4c18021000 rw-p 00000000 00:00 0 
7f4c18021000-7f4c1c000000 ---p 00000000 00:00 0 
7f4c1cc13000-7f4c1ce13000 rw-p 00000000 00:00 0 
7f4c1ce13000-7f4c1ce16000 ---p 00000000 00:00 0 
7f4c1ce16000-7f4c1cf14000 rw-p 00000000 00:00 0 
7f4c1cf14000-7f4c1cf17000 ---p 00000000 00:00 0 
7f4c1cf17000-7f4c1d015000 rw-p 00000000 00:00 0 
7f4c1d015000-7f4c1d020000 r--s 00000000 08:06 525020                     /var/cache/fontconfig/945677eb7aeaf62f1d50efc3fb3ec7d8-le64.cache-6
7f4c1d020000-7f4c1d022000 r--s 00000000 08:06 524904                     /var/cache/fontconfig/99e8ed0e538f840c565b6ed5dad60d56-le64.cache-6
7f4c1d022000-7f4c1d037000 r--s 00000000 08:06 524896                     /var/cache/fontconfig/04aabc0a78ac019cf9454389977116d2-le64.cache-6
7f4c1d11e000-7f4c1d131000 r--s 00345000 08:06 1318554                    /usr/lib/jvm/java-8-oracle/jre/lib/resources.jar
7f4c1d131000-7f4c1d331000 rw-p 00000000 00:00 0 
7f4c1d331000-7f4c1d40a000 r-xp 00000000 08:06 1318707                    /usr/lib/jvm/java-8-oracle/jre/lib/amd64/libmlib_image.so
7f4c1d40a000-7f4c1d60a000 ---p 000d9000 08:06 1318707                    /usr/lib/jvm/java-8-oracle/jre/lib/amd64/libmlib_image.so
7f4c1d60a000-7f4c1d60b000 rw-p 000d9000 08:06 1318707                    /usr/lib/jvm/java-8-oracle/jre/lib/amd64/libmlib_image.so
7f4c1d60b000-7f4c1d675000 r-xp 00000000 08:06 1318701                    /usr/lib/jvm/java-8-oracle/jre/lib/amd64/libt2k.so
7f4c1d675000-7f4c1d874000 ---p 0006a000 08:06 1318701                    /usr/lib/jvm/java-8-oracle/jre/lib/amd64/libt2k.so
7f4c1d874000-7f4c1d87b000 rw-p 00069000 08:06 1318701                    /usr/lib/jvm/java-8-oracle/jre/lib/amd64/libt2k.so
7f4c1d87b000-7f4c1da8b000 rw-p 00000000 00:00 0 
7f4c1da8b000-7f4c1da8e000 ---p 00000000 00:00 0 
7f4c1da8e000-7f4c1dd8c000 rw-p 00000000 00:00 0 
7f4c1dd8c000-7f4c1dd9d000 r-xp 00000000 08:06 1318741                    /usr/lib/jvm/java-8-oracle/jre/lib/amd64/libnio.so
7f4c1dd9d000-7f4c1df9c000 ---p 00011000 08:06 1318741                    /usr/lib/jvm/java-8-oracle/jre/lib/amd64/libnio.so
7f4c1df9c000-7f4c1df9d000 rw-p 00010000 08:06 1318741                    /usr/lib/jvm/java-8-oracle/jre/lib/amd64/libnio.so
7f4c1df9d000-7f4c1dfa0000 ---p 00000000 00:00 0 
7f4c1dfa0000-7f4c1e09e000 rw-p 00000000 00:00 0 
7f4c1e09e000-7f4c1e0c8000 r-xp 00000000 08:06 1318687                    /usr/lib/jvm/java-8-oracle/jre/lib/amd64/libdcpr.so
7f4c1e0c8000-7f4c1e2c8000 ---p 0002a000 08:06 1318687                    /usr/lib/jvm/java-8-oracle/jre/lib/amd64/libdcpr.so
7f4c1e2c8000-7f4c1e2cb000 rw-p 0002a000 08:06 1318687                    /usr/lib/jvm/java-8-oracle/jre/lib/amd64/libdcpr.so
7f4c1e2cb000-7f4c1e4cb000 rw-p 00000000 00:00 0 
7f4c1e4cb000-7f4c1e4ce000 ---p 00000000 00:00 0 
7f4c1e4ce000-7f4c1e5cc000 rw-p 00000000 00:00 0 
7f4c1e5cc000-7f4c1e5e2000 r-xp 00000000 08:06 1318738                    /usr/lib/jvm/java-8-oracle/jre/lib/amd64/libnet.so
7f4c1e5e2000-7f4c1e7e2000 ---p 00016000 08:06 1318738                    /usr/lib/jvm/java-8-oracle/jre/lib/amd64/libnet.so
7f4c1e7e2000-7f4c1e7e3000 rw-p 00016000 08:06 1318738                    /usr/lib/jvm/java-8-oracle/jre/lib/amd64/libnet.so
7f4c1e7e3000-7f4c1e7e6000 ---p 00000000 00:00 0 
7f4c1e7e6000-7f4c1e8e4000 rw-p 00000000 00:00 0 
7f4c1e8e4000-7f4c1e8e9000 r-xp 00000000 08:06 1320127                    /usr/lib/x86_64-linux-gnu/libXfixes.so.3.1.0
7f4c1e8e9000-7f4c1eae8000 ---p 00005000 08:06 1320127                    /usr/lib/x86_64-linux-gnu/libXfixes.so.3.1.0
7f4c1eae8000-7f4c1eae9000 r--p 00004000 08:06 1320127                    /usr/lib/x86_64-linux-gnu/libXfixes.so.3.1.0
7f4c1eae9000-7f4c1eaea000 rw-p 00005000 08:06 1320127                    /usr/lib/x86_64-linux-gnu/libXfixes.so.3.1.0
7f4c1eaea000-7f4c1eaf3000 r-xp 00000000 08:06 1330978                    /usr/lib/x86_64-linux-gnu/libXcursor.so.1.0.2
7f4c1eaf3000-7f4c1ecf2000 ---p 00009000 08:06 1330978                    /usr/lib/x86_64-linux-gnu/libXcursor.so.1.0.2
7f4c1ecf2000-7f4c1ecf3000 r--p 00008000 08:06 1330978                    /usr/lib/x86_64-linux-gnu/libXcursor.so.1.0.2
7f4c1ecf3000-7f4c1ecf4000 rw-p 00009000 08:06 1330978                    /usr/lib/x86_64-linux-gnu/libXcursor.so.1.0.2
7f4c1ecf4000-7f4c1ecf7000 ---p 00000000 00:00 0 
7f4c1ecf7000-7f4c1edf5000 rw-p 00000000 00:00 0 
7f4c1edf5000-7f4c1ee0b000 r-xp 00000000 08:06 1840150                    /lib/x86_64-linux-gnu/libgcc_s.so.1
7f4c1ee0b000-7f4c1f00a000 ---p 00016000 08:06 1840150                    /lib/x86_64-linux-gnu/libgcc_s.so.1
7f4c1f00a000-7f4c1f00b000 rw-p 00015000 08:06 1840150                    /lib/x86_64-linux-gnu/libgcc_s.so.1
7f4c1f00b000-7f4c1f070000 r-xp 00000000 08:06 1318719                    /usr/lib/jvm/java-8-oracle/jre/lib/amd64/libfontmanager.so
7f4c1f070000-7f4c1f26f000 ---p 00065000 08:06 1318719                    /usr/lib/jvm/java-8-oracle/jre/lib/amd64/libfontmanager.so
7f4c1f26f000-7f4c1f274000 rw-p 00064000 08:06 1318719                    /usr/lib/jvm/java-8-oracle/jre/lib/amd64/libfontmanager.so
7f4c1f274000-7f4c1f284000 rw-p 00000000 00:00 0 
7f4c1f284000-7f4c1f289000 r-xp 00000000 08:06 1320123                    /usr/lib/x86_64-linux-gnu/libXdmcp.so.6.0.0
7f4c1f289000-7f4c1f488000 ---p 00005000 08:06 1320123                    /usr/lib/x86_64-linux-gnu/libXdmcp.so.6.0.0
7f4c1f488000-7f4c1f489000 r--p 00004000 08:06 1320123                    /usr/lib/x86_64-linux-gnu/libXdmcp.so.6.0.0
7f4c1f489000-7f4c1f48a000 rw-p 00005000 08:06 1320123                    /usr/lib/x86_64-linux-gnu/libXdmcp.so.6.0.0
7f4c1f48a000-7f4c1f48c000 r-xp 00000000 08:06 1320112                    /usr/lib/x86_64-linux-gnu/libXau.so.6.0.0
7f4c1f48c000-7f4c1f68c000 ---p 00002000 08:06 1320112                    /usr/lib/x86_64-linux-gnu/libXau.so.6.0.0
7f4c1f68c000-7f4c1f68d000 r--p 00002000 08:06 1320112                    /usr/lib/x86_64-linux-gnu/libXau.so.6.0.0
7f4c1f68d000-7f4c1f68e000 rw-p 00003000 08:06 1320112                    /usr/lib/x86_64-linux-gnu/libXau.so.6.0.0
7f4c1f68e000-7f4c1f6af000 r-xp 00000000 08:06 1321492                    /usr/lib/x86_64-linux-gnu/libxcb.so.1.1.0
7f4c1f6af000-7f4c1f8ae000 ---p 00021000 08:06 1321492                    /usr/lib/x86_64-linux-gnu/libxcb.so.1.1.0
7f4c1f8ae000-7f4c1f8af000 r--p 00020000 08:06 1321492                    /usr/lib/x86_64-linux-gnu/libxcb.so.1.1.0
7f4c1f8af000-7f4c1f8b0000 rw-p 00021000 08:06 1321492                    /usr/lib/x86_64-linux-gnu/libxcb.so.1.1.0
7f4c1f8b0000-7f4c1f8bf000 r-xp 00000000 08:06 1320133                    /usr/lib/x86_64-linux-gnu/libXi.so.6.1.0
7f4c1f8bf000-7f4c1fabe000 ---p 0000f000 08:06 1320133                    /usr/lib/x86_64-linux-gnu/libXi.so.6.1.0
7f4c1fabe000-7f4c1fabf000 r--p 0000e000 08:06 1320133                    /usr/lib/x86_64-linux-gnu/libXi.so.6.1.0
7f4c1fabf000-7f4c1fac0000 rw-p 0000f000 08:06 1320133                    /usr/lib/x86_64-linux-gnu/libXi.so.6.1.0
7f4c1fac0000-7f4c1fac5000 r-xp 00000000 08:06 1320151                    /usr/lib/x86_64-linux-gnu/libXtst.so.6.1.0
7f4c1fac5000-7f4c1fcc4000 ---p 00005000 08:06 1320151                    /usr/lib/x86_64-linux-gnu/libXtst.so.6.1.0
7f4c1fcc4000-7f4c1fcc5000 r--p 00004000 08:06 1320151                    /usr/lib/x86_64-linux-gnu/libXtst.so.6.1.0
7f4c1fcc5000-7f4c1fcc6000 rw-p 00005000 08:06 1320151                    /usr/lib/x86_64-linux-gnu/libXtst.so.6.1.0
7f4c1fcc6000-7f4c1fdfb000 r-xp 00000000 08:06 1320108                    /usr/lib/x86_64-linux-gnu/libX11.so.6.3.0
7f4c1fdfb000-7f4c1fffb000 ---p 00135000 08:06 1320108                    /usr/lib/x86_64-linux-gnu/libX11.so.6.3.0
7f4c1fffb000-7f4c1fffc000 r--p 00135000 08:06 1320108                    /usr/lib/x86_64-linux-gnu/libX11.so.6.3.0
7f4c1fffc000-7f4c20000000 rw-p 00136000 08:06 1320108                    /usr/lib/x86_64-linux-gnu/libX11.so.6.3.0
7f4c20000000-7f4c20021000 rw-p 00000000 00:00 0 
7f4c20021000-7f4c24000000 ---p 00000000 00:00 0 
7f4c24001000-7f4c2400a000 r--s 00000000 08:06 524900                     /var/cache/fontconfig/a6d8cf8e4ec09cdbc8633c31745a07dd-le64.cache-6
7f4c2400a000-7f4c24010000 r--s 00000000 08:06 524899                     /var/cache/fontconfig/2cd17615ca594fa2959ae173292e504c-le64.cache-6
7f4c24010000-7f4c24011000 r--s 00000000 08:06 524897                     /var/cache/fontconfig/0d8c3b2ac0904cb8a57a757ad11a4a08-le64.cache-6
7f4c24011000-7f4c24012000 r--s 00000000 08:06 524894                     /var/cache/fontconfig/1ac9eb803944fde146138c791f5cc56a-le64.cache-6
7f4c24012000-7f4c24016000 r--s 00000000 08:06 524893                     /var/cache/fontconfig/385c0604a188198f04d133e54aba7fe7-le64.cache-6
7f4c24016000-7f4c24017000 r--s 00000000 08:06 524885                     /var/cache/fontconfig/dc05db6664285cc2f12bf69c139ae4c3-le64.cache-6
7f4c24017000-7f4c2401a000 r--s 00000000 08:06 524884                     /var/cache/fontconfig/767a8244fc0220cfb567a839d0392e0b-le64.cache-6
7f4c2401a000-7f4c2401f000 r--s 00000000 08:06 524876                     /var/cache/fontconfig/8801497958630a81b71ace7c5f9b32a8-le64.cache-6
7f4c2401f000-7f4c24026000 r--s 00000000 08:06 524865                     /var/cache/fontconfig/3047814df9a2f067bd2d96a2b9c36e5a-le64.cache-6
7f4c24026000-7f4c2402c000 r--s 00000000 08:06 524857                     /var/cache/fontconfig/b47c4e1ecd0709278f4910c18777a504-le64.cache-6
7f4c2402c000-7f4c24034000 r--s 00000000 08:06 524833                     /var/cache/fontconfig/52f7bdb7ce746bfd7eaa1985bd9cfa93-le64.cache-6
7f4c24034000-7f4c24047000 r--s 00000000 08:06 524789                     /var/cache/fontconfig/d52a8644073d54c13679302ca1180695-le64.cache-6
7f4c24047000-7f4c24054000 r--s 00000000 08:06 524786                     /var/cache/fontconfig/089dead882dea3570ffc31a9898cfb69-le64.cache-6
7f4c24054000-7f4c24066000 r--s 00000000 08:06 524402                     /var/cache/fontconfig/9b89f8e3dae116d678bbf48e5f21f69b-le64.cache-6
7f4c24066000-7f4c2406f000 r-xp 00000000 08:06 1320145                    /usr/lib/x86_64-linux-gnu/libXrender.so.1.3.0
7f4c2406f000-7f4c2426e000 ---p 00009000 08:06 1320145                    /usr/lib/x86_64-linux-gnu/libXrender.so.1.3.0
7f4c2426e000-7f4c2426f000 r--p 00008000 08:06 1320145                    /usr/lib/x86_64-linux-gnu/libXrender.so.1.3.0
7f4c2426f000-7f4c24270000 rw-p 00009000 08:06 1320145                    /usr/lib/x86_64-linux-gnu/libXrender.so.1.3.0
7f4c24270000-7f4c28000000 rw-p 00000000 00:00 0 
7f4c28000000-7f4c28021000 rw-p 00000000 00:00 0 
7f4c28021000-7f4c2c000000 ---p 00000000 00:00 0 
7f4c2c000000-7f4c2c001000 r--s 00000000 08:06 524882                     /var/cache/fontconfig/4794a0821666d79190d59a36cb4f44b5-le64.cache-6
7f4c2c001000-7f4c2c002000 r--s 00000000 08:06 524874                     /var/cache/fontconfig/bab58bb527bb656aaa9f116d68a48d89-le64.cache-6
7f4c2c002000-7f4c2c003000 r--s 00000000 08:06 524861                     /var/cache/fontconfig/56cf4f4769d0f4abc89a4895d7bd3ae1-le64.cache-6
7f4c2c003000-7f4c2c004000 r--s 00000000 08:06 524859                     /var/cache/fontconfig/b9d506c9ac06c20b433354fa67a72993-le64.cache-6
7f4c2c004000-7f4c2c008000 r--s 00000000 08:06 524787                     /var/cache/fontconfig/d589a48862398ed80a3d6066f4f56f4c-le64.cache-6
7f4c2c008000-7f4c2c029000 r--p 00000000 08:06 2102430                    /usr/share/locale-langpack/zh_CN/LC_MESSAGES/libc.mo
7f4c2c029000-7f4c2c03a000 r-xp 00000000 08:06 1320125                    /usr/lib/x86_64-linux-gnu/libXext.so.6.4.0
7f4c2c03a000-7f4c2c239000 ---p 00011000 08:06 1320125                    /usr/lib/x86_64-linux-gnu/libXext.so.6.4.0
7f4c2c239000-7f4c2c23a000 r--p 00010000 08:06 1320125                    /usr/lib/x86_64-linux-gnu/libXext.so.6.4.0
7f4c2c23a000-7f4c2c23b000 rw-p 00011000 08:06 1320125                    /usr/lib/x86_64-linux-gnu/libXext.so.6.4.0
7f4c2c23b000-7f4c2c23c000 r--s 00000000 08:06 524788                     /var/cache/fontconfig/551ecf3b0e8b0bca0f25c0944f561853-le64.cache-6
7f4c2c23c000-7f4c2c23d000 r--s 00000000 08:06 524784                     /var/cache/fontconfig/30829fa25452a46451e813d634d7f916-le64.cache-6
7f4c2c23d000-7f4c2c248000 r--s 00000000 08:06 524775                     /var/cache/fontconfig/83bf95040141907cd45bb53cf7c1c148-le64.cache-6
7f4c2c248000-7f4c2c255000 r--s 00000000 08:06 524755                     /var/cache/fontconfig/e13b20fdb08344e0e664864cc2ede53d-le64.cache-6
7f4c2c255000-7f4c2c259000 r--s 00000000 08:06 524400                     /var/cache/fontconfig/7ef2298fde41cc6eeb7af42e48b7d293-le64.cache-6
7f4c2c259000-7f4c2c2ad000 r-xp 00000000 08:06 1318750                    /usr/lib/jvm/java-8-oracle/jre/lib/amd64/libawt_xawt.so
7f4c2c2ad000-7f4c2c4ad000 ---p 00054000 08:06 1318750                    /usr/lib/jvm/java-8-oracle/jre/lib/amd64/libawt_xawt.so
7f4c2c4ad000-7f4c2c4b1000 rw-p 00054000 08:06 1318750                    /usr/lib/jvm/java-8-oracle/jre/lib/amd64/libawt_xawt.so
7f4c2c4b1000-7f4c2c4b2000 rw-p 00000000 00:00 0 
7f4c2c4b2000-7f4c2c554000 r-xp 00000000 08:06 1318731                    /usr/lib/jvm/java-8-oracle/jre/lib/amd64/libawt.so
7f4c2c554000-7f4c2c754000 ---p 000a2000 08:06 1318731                    /usr/lib/jvm/java-8-oracle/jre/lib/amd64/libawt.so
7f4c2c754000-7f4c2c760000 rw-p 000a2000 08:06 1318731                    /usr/lib/jvm/java-8-oracle/jre/lib/amd64/libawt.so
7f4c2c760000-7f4c2c784000 rw-p 00000000 00:00 0 
7f4c2c784000-7f4c2c7a6000 r--s 0019e000 08:09 7209441                    /home/xiaobear/eclipse/xiaobear_java/jq/3rdLibs/substance.jar
7f4c2c7a6000-7f4c2c83c000 r--s 0110a000 08:06 1318578                    /usr/lib/jvm/java-8-oracle/jre/lib/ext/jfxrt.jar
7f4c2c83c000-7f4c2c83d000 ---p 00000000 00:00 0 
7f4c2c83d000-7f4c2c93d000 rw-p 00000000 00:00 0 
7f4c2c93d000-7f4c2c940000 ---p 00000000 00:00 0 
7f4c2c940000-7f4c2ca3e000 rw-p 00000000 00:00 0 
7f4c2ca3e000-7f4c2ca41000 ---p 00000000 00:00 0 
7f4c2ca41000-7f4c2cb3f000 rw-p 00000000 00:00 0 
7f4c2cb3f000-7f4c2cb42000 ---p 00000000 00:00 0 
7f4c2cb42000-7f4c2cc40000 rw-p 00000000 00:00 0 
7f4c2cc40000-7f4c2cc43000 ---p 00000000 00:00 0 
7f4c2cc43000-7f4c2cd41000 rw-p 00000000 00:00 0 
7f4c2cd41000-7f4c2cd44000 ---p 00000000 00:00 0 
7f4c2cd44000-7f4c2ce42000 rw-p 00000000 00:00 0 
7f4c2ce42000-7f4c2d48b000 r--p 00000000 08:06 1333138                    /usr/lib/locale/locale-archive
7f4c2d48b000-7f4c2d48e000 ---p 00000000 00:00 0 
7f4c2d48e000-7f4c2d58c000 rw-p 00000000 00:00 0 
7f4c2d58c000-7f4c2d58f000 ---p 00000000 00:00 0 
7f4c2d58f000-7f4c2d68d000 rw-p 00000000 00:00 0 
7f4c2d68d000-7f4c2d68e000 ---p 00000000 00:00 0 
7f4c2d68e000-7f4c2e721000 rw-p 00000000 00:00 0 
7f4c2e721000-7f4c2e8fa000 r--s 03d64000 08:06 1318508                    /usr/lib/jvm/java-8-oracle/jre/lib/rt.jar
7f4c2e8fa000-7f4c2f549000 rw-p 00000000 00:00 0 
7f4c2f549000-7f4c2f54a000 ---p 00000000 00:00 0 
7f4c2f54a000-7f4c2f64a000 rw-p 00000000 00:00 0 
7f4c2f64a000-7f4c2f64b000 ---p 00000000 00:00 0 
7f4c2f64b000-7f4c2f74b000 rw-p 00000000 00:00 0 
7f4c2f74b000-7f4c2f74c000 ---p 00000000 00:00 0 
7f4c2f74c000-7f4c2f84c000 rw-p 00000000 00:00 0 
7f4c2f84c000-7f4c2f84d000 ---p 00000000 00:00 0 
7f4c2f84d000-7f4c2f977000 rw-p 00000000 00:00 0 
7f4c2f977000-7f4c2fbde000 ---p 00000000 00:00 0 
7f4c2fbde000-7f4c2fc08000 rw-p 00000000 00:00 0 
7f4c2fc08000-7f4c2fe6e000 ---p 00000000 00:00 0 
7f4c2fe6e000-7f4c2fef2000 rw-p 00000000 00:00 0 
7f4c2fef2000-7f4c2ffb7000 ---p 00000000 00:00 0 
7f4c2ffb7000-7f4c2ffe0000 rw-p 00000000 00:00 0 
7f4c2ffe0000-7f4c30378000 ---p 00000000 00:00 0 
7f4c30378000-7f4c30d48000 rwxp 00000000 00:00 0 
7f4c30d48000-7f4c3f378000 ---p 00000000 00:00 0 
7f4c3f378000-7f4c3f393000 r-xp 00000000 08:06 1318734                    /usr/lib/jvm/java-8-oracle/jre/lib/amd64/libzip.so
7f4c3f393000-7f4c3f593000 ---p 0001b000 08:06 1318734                    /usr/lib/jvm/java-8-oracle/jre/lib/amd64/libzip.so
7f4c3f593000-7f4c3f594000 rw-p 0001b000 08:06 1318734                    /usr/lib/jvm/java-8-oracle/jre/lib/amd64/libzip.so
7f4c3f594000-7f4c3f59f000 r-xp 00000000 08:06 1848168                    /lib/x86_64-linux-gnu/libnss_files-2.23.so
7f4c3f59f000-7f4c3f79e000 ---p 0000b000 08:06 1848168                    /lib/x86_64-linux-gnu/libnss_files-2.23.so
7f4c3f79e000-7f4c3f79f000 r--p 0000a000 08:06 1848168                    /lib/x86_64-linux-gnu/libnss_files-2.23.so
7f4c3f79f000-7f4c3f7a0000 rw-p 0000b000 08:06 1848168                    /lib/x86_64-linux-gnu/libnss_files-2.23.so
7f4c3f7a0000-7f4c3f7a6000 rw-p 00000000 00:00 0 
7f4c3f7a6000-7f4c3f7b1000 r-xp 00000000 08:06 1848172                    /lib/x86_64-linux-gnu/libnss_nis-2.23.so
7f4c3f7b1000-7f4c3f9b0000 ---p 0000b000 08:06 1848172                    /lib/x86_64-linux-gnu/libnss_nis-2.23.so
7f4c3f9b0000-7f4c3f9b1000 r--p 0000a000 08:06 1848172                    /lib/x86_64-linux-gnu/libnss_nis-2.23.so
7f4c3f9b1000-7f4c3f9b2000 rw-p 0000b000 08:06 1848172                    /lib/x86_64-linux-gnu/libnss_nis-2.23.so
7f4c3f9b2000-7f4c3f9c8000 r-xp 00000000 08:06 1848152                    /lib/x86_64-linux-gnu/libnsl-2.23.so
7f4c3f9c8000-7f4c3fbc7000 ---p 00016000 08:06 1848152                    /lib/x86_64-linux-gnu/libnsl-2.23.so
7f4c3fbc7000-7f4c3fbc8000 r--p 00015000 08:06 1848152                    /lib/x86_64-linux-gnu/libnsl-2.23.so
7f4c3fbc8000-7f4c3fbc9000 rw-p 00016000 08:06 1848152                    /lib/x86_64-linux-gnu/libnsl-2.23.so
7f4c3fbc9000-7f4c3fbcb000 rw-p 00000000 00:00 0 
7f4c3fbcb000-7f4c3fbd3000 r-xp 00000000 08:06 1848163                    /lib/x86_64-linux-gnu/libnss_compat-2.23.so
7f4c3fbd3000-7f4c3fdd2000 ---p 00008000 08:06 1848163                    /lib/x86_64-linux-gnu/libnss_compat-2.23.so
7f4c3fdd2000-7f4c3fdd3000 r--p 00007000 08:06 1848163                    /lib/x86_64-linux-gnu/libnss_compat-2.23.so
7f4c3fdd3000-7f4c3fdd4000 rw-p 00008000 08:06 1848163                    /lib/x86_64-linux-gnu/libnss_compat-2.23.so
7f4c3fdd4000-7f4c3fdff000 r-xp 00000000 08:06 1318728                    /usr/lib/jvm/java-8-oracle/jre/lib/amd64/libjava.so
7f4c3fdff000-7f4c3fffe000 ---p 0002b000 08:06 1318728                    /usr/lib/jvm/java-8-oracle/jre/lib/amd64/libjava.so
7f4c3fffe000-7f4c40000000 rw-p 0002a000 08:06 1318728                    /usr/lib/jvm/java-8-oracle/jre/lib/amd64/libjava.so
7f4c40000000-7f4c40689000 rw-p 00000000 00:00 0 
7f4c40689000-7f4c44000000 ---p 00000000 00:00 0 
7f4c44000000-7f4c44003000 r--s 00000000 08:06 524778                     /var/cache/fontconfig/75114ca45c98e8a441da0ff356701271-le64.cache-6
7f4c44008000-7f4c44011000 rw-s 00000000 00:05 42926130                   /SYSV00000000 (deleted)
7f4c4401b000-7f4c4406a000 rw-p 00000000 00:00 0 
7f4c4406a000-7f4c44077000 r-xp 00000000 08:06 1318733                    /usr/lib/jvm/java-8-oracle/jre/lib/amd64/libverify.so
7f4c44077000-7f4c44277000 ---p 0000d000 08:06 1318733                    /usr/lib/jvm/java-8-oracle/jre/lib/amd64/libverify.so
7f4c44277000-7f4c44279000 rw-p 0000d000 08:06 1318733                    /usr/lib/jvm/java-8-oracle/jre/lib/amd64/libverify.so
7f4c44279000-7f4c44280000 r-xp 00000000 08:06 1848173                    /lib/x86_64-linux-gnu/librt-2.23.so
7f4c44280000-7f4c4447f000 ---p 00007000 08:06 1848173                    /lib/x86_64-linux-gnu/librt-2.23.so
7f4c4447f000-7f4c44480000 r--p 00006000 08:06 1848173                    /lib/x86_64-linux-gnu/librt-2.23.so
7f4c44480000-7f4c44481000 rw-p 00007000 08:06 1848173                    /lib/x86_64-linux-gnu/librt-2.23.so
7f4c44481000-7f4c44589000 r-xp 00000000 08:06 1848151                    /lib/x86_64-linux-gnu/libm-2.23.so
7f4c44589000-7f4c44788000 ---p 00108000 08:06 1848151                    /lib/x86_64-linux-gnu/libm-2.23.so
7f4c44788000-7f4c44789000 r--p 00107000 08:06 1848151                    /lib/x86_64-linux-gnu/libm-2.23.so
7f4c44789000-7f4c4478a000 rw-p 00108000 08:06 1848151                    /lib/x86_64-linux-gnu/libm-2.23.so
7f4c4478a000-7f4c45463000 r-xp 00000000 08:06 1318711                    /usr/lib/jvm/java-8-oracle/jre/lib/amd64/server/libjvm.so
7f4c45463000-7f4c45662000 ---p 00cd9000 08:06 1318711                    /usr/lib/jvm/java-8-oracle/jre/lib/amd64/server/libjvm.so
7f4c45662000-7f4c4573b000 rw-p 00cd8000 08:06 1318711                    /usr/lib/jvm/java-8-oracle/jre/lib/amd64/server/libjvm.so
7f4c4573b000-7f4c45787000 rw-p 00000000 00:00 0 
7f4c45787000-7f4c45947000 r-xp 00000000 08:06 1848155                    /lib/x86_64-linux-gnu/libc-2.23.so
7f4c45947000-7f4c45b47000 ---p 001c0000 08:06 1848155                    /lib/x86_64-linux-gnu/libc-2.23.so
7f4c45b47000-7f4c45b4b000 r--p 001c0000 08:06 1848155                    /lib/x86_64-linux-gnu/libc-2.23.so
7f4c45b4b000-7f4c45b4d000 rw-p 001c4000 08:06 1848155                    /lib/x86_64-linux-gnu/libc-2.23.so
7f4c45b4d000-7f4c45b51000 rw-p 00000000 00:00 0 
7f4c45b51000-7f4c45b54000 r-xp 00000000 08:06 1848157                    /lib/x86_64-linux-gnu/libdl-2.23.so
7f4c45b54000-7f4c45d53000 ---p 00003000 08:06 1848157                    /lib/x86_64-linux-gnu/libdl-2.23.so
7f4c45d53000-7f4c45d54000 r--p 00002000 08:06 1848157                    /lib/x86_64-linux-gnu/libdl-2.23.so
7f4c45d54000-7f4c45d55000 rw-p 00003000 08:06 1848157                    /lib/x86_64-linux-gnu/libdl-2.23.so
7f4c45d55000-7f4c45d6b000 r-xp 00000000 08:06 1318328                    /usr/lib/jvm/java-8-oracle/lib/amd64/jli/libjli.so
7f4c45d6b000-7f4c45f6a000 ---p 00016000 08:06 1318328                    /usr/lib/jvm/java-8-oracle/lib/amd64/jli/libjli.so
7f4c45f6a000-7f4c45f6b000 rw-p 00015000 08:06 1318328                    /usr/lib/jvm/java-8-oracle/lib/amd64/jli/libjli.so
7f4c45f6b000-7f4c45f83000 r-xp 00000000 08:06 1848154                    /lib/x86_64-linux-gnu/libpthread-2.23.so
7f4c45f83000-7f4c46182000 ---p 00018000 08:06 1848154                    /lib/x86_64-linux-gnu/libpthread-2.23.so
7f4c46182000-7f4c46183000 r--p 00017000 08:06 1848154                    /lib/x86_64-linux-gnu/libpthread-2.23.so
7f4c46183000-7f4c46184000 rw-p 00018000 08:06 1848154                    /lib/x86_64-linux-gnu/libpthread-2.23.so
7f4c46184000-7f4c46188000 rw-p 00000000 00:00 0 
7f4c46188000-7f4c461ae000 r-xp 00000000 08:06 1848153                    /lib/x86_64-linux-gnu/ld-2.23.so
7f4c461ae000-7f4c461af000 r--s 00000000 08:06 524783                     /var/cache/fontconfig/0c9eb80ebd1c36541ebe2852d3bb0c49-le64.cache-6
7f4c461af000-7f4c461b4000 r--s 0009d000 08:06 1318573                    /usr/lib/jvm/java-8-oracle/jre/lib/jsse.jar
7f4c461b4000-7f4c461be000 r--s 00116000 08:06 1318584                    /usr/lib/jvm/java-8-oracle/jre/lib/ext/localedata.jar
7f4c461be000-7f4c46289000 rw-p 00000000 00:00 0 
7f4c46289000-7f4c4628c000 ---p 00000000 00:00 0 
7f4c4628c000-7f4c4638f000 rw-p 00000000 00:00 0 
7f4c4638f000-7f4c46396000 r--s 00000000 08:06 1585521                    /usr/lib/x86_64-linux-gnu/gconv/gconv-modules.cache
7f4c46396000-7f4c4639e000 r--s 0008a000 08:09 7210092                    /home/xiaobear/eclipse/xiaobear_java/jq/3rdLibs/protobuf-java-2.6.1.jar
7f4c4639e000-7f4c463a3000 r--s 002f9000 08:06 1318506                    /usr/lib/jvm/java-8-oracle/jre/lib/charsets.jar
7f4c463a3000-7f4c463ab000 rw-s 00000000 08:06 3284600                    /tmp/hsperfdata_xc/31403
7f4c463ab000-7f4c463ac000 rw-p 00000000 00:00 0 
7f4c463ac000-7f4c463ad000 r--p 00000000 00:00 0 
7f4c463ad000-7f4c463ae000 r--p 00025000 08:06 1848153                    /lib/x86_64-linux-gnu/ld-2.23.so
7f4c463ae000-7f4c463af000 rw-p 00026000 08:06 1848153                    /lib/x86_64-linux-gnu/ld-2.23.so
7f4c463af000-7f4c463b0000 rw-p 00000000 00:00 0 
7ffd1f099000-7ffd1f0ba000 rw-p 00000000 00:00 0                          [stack]
7ffd1f159000-7ffd1f15c000 r--p 00000000 00:00 0                          [vvar]
7ffd1f15c000-7ffd1f15e000 r-xp 00000000 00:00 0                          [vdso]
ffffffffff600000-ffffffffff601000 r-xp 00000000 00:00 0                  [vsyscall]

VM Arguments:
jvm_args: -Dfile.encoding=gbk 
java_command: client.ClientMain
java_class_path (initial): /home/xiaobear/eclipse/xiaobear_java/jq/bin:/home/xiaobear/eclipse/xiaobear_java/jq/3rdLibs/substance.jar:/home/xiaobear/eclipse/xiaobear_java/jq/3rdLibs/protobuf-java-2.6.1.jar
Launcher Type: SUN_STANDARD

Environment Variables:
JAVA_HOME=/usr/lib/jvm/java-8-oracle
PATH=/usr/local/sbin:/usr/local/bin:/usr/sbin:/usr/bin:/sbin:/bin:/usr/games:/usr/local/games:/snap/bin:/usr/lib/jvm/java-8-oracle/bin:/usr/lib/jvm/java-8-oracle/db/bin:/usr/lib/jvm/java-8-oracle/jre/bin
SHELL=/bin/bash
DISPLAY=:0

Signal Handlers:
SIGSEGV: [libjvm.so+0xad01e0], sa_mask[0]=11111111011111111101111111111110, sa_flags=SA_RESTART|SA_SIGINFO
SIGBUS: [libjvm.so+0xad01e0], sa_mask[0]=11111111011111111101111111111110, sa_flags=SA_RESTART|SA_SIGINFO
SIGFPE: [libjvm.so+0x927fb0], sa_mask[0]=11111111011111111101111111111110, sa_flags=SA_RESTART|SA_SIGINFO
SIGPIPE: [libjvm.so+0x927fb0], sa_mask[0]=11111111011111111101111111111110, sa_flags=SA_RESTART|SA_SIGINFO
SIGXFSZ: [libjvm.so+0x927fb0], sa_mask[0]=11111111011111111101111111111110, sa_flags=SA_RESTART|SA_SIGINFO
SIGILL: [libjvm.so+0x927fb0], sa_mask[0]=11111111011111111101111111111110, sa_flags=SA_RESTART|SA_SIGINFO
SIGUSR1: SIG_DFL, sa_mask[0]=00000000000000000000000000000000, sa_flags=none
SIGUSR2: [libjvm.so+0x9297f0], sa_mask[0]=00100000000000000000000000000000, sa_flags=SA_RESTART|SA_SIGINFO
SIGHUP: [libjvm.so+0x92abf0], sa_mask[0]=11111111011111111101111111111110, sa_flags=SA_RESTART|SA_SIGINFO
SIGINT: [libjvm.so+0x92abf0], sa_mask[0]=11111111011111111101111111111110, sa_flags=SA_RESTART|SA_SIGINFO
SIGTERM: [libjvm.so+0x92abf0], sa_mask[0]=11111111011111111101111111111110, sa_flags=SA_RESTART|SA_SIGINFO
SIGQUIT: [libjvm.so+0x92abf0], sa_mask[0]=11111111011111111101111111111110, sa_flags=SA_RESTART|SA_SIGINFO


---------------  S Y S T E M  ---------------

OS:DISTRIB_ID=Ubuntu
DISTRIB_RELEASE=16.04
DISTRIB_CODENAME=xenial
DISTRIB_DESCRIPTION="Ubuntu 16.04 LTS"

uname:Linux 4.4.0-121-generic #145-Ubuntu SMP Fri Apr 13 13:47:23 UTC 2018 x86_64
libc:glibc 2.23 NPTL 2.23 
rlimit: STACK 8192k, CORE 0k, NPROC 31174, NOFILE 1048576, AS infinity
load average:68.88 20.43 8.29

/proc/meminfo:
MemTotal:        8061736 kB
MemFree:         3263092 kB
MemAvailable:    3581604 kB
Buffers:           31756 kB
Cached:           469872 kB
SwapCached:       163164 kB
Active:          3665564 kB
Inactive:         863156 kB
Active(anon):    3430644 kB
Inactive(anon):   600976 kB
Active(file):     234920 kB
Inactive(file):   262180 kB
Unevictable:          32 kB
Mlocked:              32 kB
SwapTotal:      15999484 kB
SwapFree:       12122268 kB
Dirty:               864 kB
Writeback:             0 kB
AnonPages:       3999368 kB
Mapped:            49220 kB
Shmem:              4268 kB
Slab:             159276 kB
SReclaimable:      83620 kB
SUnreclaim:        75656 kB
KernelStack:       17104 kB
PageTables:        32256 kB
NFS_Unstable:          0 kB
Bounce:                0 kB
WritebackTmp:          0 kB
CommitLimit:    20030352 kB
Committed_AS:   14284628 kB
VmallocTotal:   34359738367 kB
VmallocUsed:           0 kB
VmallocChunk:          0 kB
HardwareCorrupted:     0 kB
AnonHugePages:         0 kB
CmaTotal:              0 kB
CmaFree:               0 kB
HugePages_Total:       0
HugePages_Free:        0
HugePages_Rsvd:        0
HugePages_Surp:        0
Hugepagesize:       2048 kB
DirectMap4k:      183756 kB
DirectMap2M:     8091648 kB
DirectMap1G:           0 kB


CPU:total 4 (initial active 4) (2 cores per cpu, 2 threads per core) family 6 model 60 stepping 3, cmov, cx8, fxsr, mmx, sse, sse2, sse3, ssse3, sse4.1, sse4.2, popcnt, avx, avx2, aes, clmul, erms, lzcnt, ht, tsc, tscinvbit, bmi1, bmi2

/proc/cpuinfo:
processor	: 0
vendor_id	: GenuineIntel
cpu family	: 6
model		: 60
model name	: Intel(R) Core(TM) i5-4200H CPU @ 2.80GHz
stepping	: 3
microcode	: 0x1c
cpu MHz		: 3299.953
cache size	: 3072 KB
physical id	: 0
siblings	: 4
core id		: 0
cpu cores	: 2
apicid		: 0
initial apicid	: 0
fpu		: yes
fpu_exception	: yes
cpuid level	: 13
wp		: yes
flags		: fpu vme de pse tsc msr pae mce cx8 apic sep mtrr pge mca cmov pat pse36 clflush dts acpi mmx fxsr sse sse2 ss ht tm pbe syscall nx pdpe1gb rdtscp lm constant_tsc arch_perfmon pebs bts rep_good nopl xtopology nonstop_tsc aperfmperf eagerfpu pni pclmulqdq dtes64 monitor ds_cpl vmx est tm2 ssse3 sdbg fma cx16 xtpr pdcm pcid sse4_1 sse4_2 x2apic movbe popcnt tsc_deadline_timer aes xsave avx f16c rdrand lahf_lm abm epb invpcid_single retpoline kaiser tpr_shadow vnmi flexpriority ept vpid fsgsbase tsc_adjust bmi1 avx2 smep bmi2 erms invpcid xsaveopt dtherm ida arat pln pts
bugs		: cpu_meltdown spectre_v1 spectre_v2
bogomips	: 5587.63
clflush size	: 64
cache_alignment	: 64
address sizes	: 39 bits physical, 48 bits virtual
power management:

processor	: 1
vendor_id	: GenuineIntel
cpu family	: 6
model		: 60
model name	: Intel(R) Core(TM) i5-4200H CPU @ 2.80GHz
stepping	: 3
microcode	: 0x1c
cpu MHz		: 3299.953
cache size	: 3072 KB
physical id	: 0
siblings	: 4
core id		: 1
cpu cores	: 2
apicid		: 2
initial apicid	: 2
fpu		: yes
fpu_exception	: yes
cpuid level	: 13
wp		: yes
flags		: fpu vme de pse tsc msr pae mce cx8 apic sep mtrr pge mca cmov pat pse36 clflush dts acpi mmx fxsr sse sse2 ss ht tm pbe syscall nx pdpe1gb rdtscp lm constant_tsc arch_perfmon pebs bts rep_good nopl xtopology nonstop_tsc aperfmperf eagerfpu pni pclmulqdq dtes64 monitor ds_cpl vmx est tm2 ssse3 sdbg fma cx16 xtpr pdcm pcid sse4_1 sse4_2 x2apic movbe popcnt tsc_deadline_timer aes xsave avx f16c rdrand lahf_lm abm epb invpcid_single retpoline kaiser tpr_shadow vnmi flexpriority ept vpid fsgsbase tsc_adjust bmi1 avx2 smep bmi2 erms invpcid xsaveopt dtherm ida arat pln pts
bugs		: cpu_meltdown spectre_v1 spectre_v2
bogomips	: 5587.63
clflush size	: 64
cache_alignment	: 64
address sizes	: 39 bits physical, 48 bits virtual
power management:

processor	: 2
vendor_id	: GenuineIntel
cpu family	: 6
model		: 60
model name	: Intel(R) Core(TM) i5-4200H CPU @ 2.80GHz
stepping	: 3
microcode	: 0x1c
cpu MHz		: 3301.375
cache size	: 3072 KB
physical id	: 0
siblings	: 4
core id		: 0
cpu cores	: 2
apicid		: 1
initial apicid	: 1
fpu		: yes
fpu_exception	: yes
cpuid level	: 13
wp		: yes
flags		: fpu vme de pse tsc msr pae mce cx8 apic sep mtrr pge mca cmov pat pse36 clflush dts acpi mmx fxsr sse sse2 ss ht tm pbe syscall nx pdpe1gb rdtscp lm constant_tsc arch_perfmon pebs bts rep_good nopl xtopology nonstop_tsc aperfmperf eagerfpu pni pclmulqdq dtes64 monitor ds_cpl vmx est tm2 ssse3 sdbg fma cx16 xtpr pdcm pcid sse4_1 sse4_2 x2apic movbe popcnt tsc_deadline_timer aes xsave avx f16c rdrand lahf_lm abm epb invpcid_single retpoline kaiser tpr_shadow vnmi flexpriority ept vpid fsgsbase tsc_adjust bmi1 avx2 smep bmi2 erms invpcid xsaveopt dtherm ida arat pln pts
bugs		: cpu_meltdown spectre_v1 spectre_v2
bogomips	: 5587.63
clflush size	: 64
cache_alignment	: 64
address sizes	: 39 bits physical, 48 bits virtual
power management:

processor	: 3
vendor_id	: GenuineIntel
cpu family	: 6
model		: 60
model name	: Intel(R) Core(TM) i5-4200H CPU @ 2.80GHz
stepping	: 3
microcode	: 0x1c
cpu MHz		: 3299.734
cache size	: 3072 KB
physical id	: 0
siblings	: 4
core id		: 1
cpu cores	: 2
apicid		: 3
initial apicid	: 3
fpu		: yes
fpu_exception	: yes
cpuid level	: 13
wp		: yes
flags		: fpu vme de pse tsc msr pae mce cx8 apic sep mtrr pge mca cmov pat pse36 clflush dts acpi mmx fxsr sse sse2 ss ht tm pbe syscall nx pdpe1gb rdtscp lm constant_tsc arch_perfmon pebs bts rep_good nopl xtopology nonstop_tsc aperfmperf eagerfpu pni pclmulqdq dtes64 monitor ds_cpl vmx est tm2 ssse3 sdbg fma cx16 xtpr pdcm pcid sse4_1 sse4_2 x2apic movbe popcnt tsc_deadline_timer aes xsave avx f16c rdrand lahf_lm abm epb invpcid_single retpoline kaiser tpr_shadow vnmi flexpriority ept vpid fsgsbase tsc_adjust bmi1 avx2 smep bmi2 erms invpcid xsaveopt dtherm ida arat pln pts
bugs		: cpu_meltdown spectre_v1 spectre_v2
bogomips	: 5587.63
clflush size	: 64
cache_alignment	: 64
address sizes	: 39 bits physical, 48 bits virtual
power management:



Memory: 4k page, physical 8061736k(3263092k free), swap 15999484k(12122268k free)

vm_info: Java HotSpot(TM) 64-Bit Server VM (25.161-b12) for linux-amd64 JRE (1.8.0_161-b12), built on Dec 19 2017 16:12:43 by "java_re" with gcc 4.3.0 20080428 (Red Hat 4.3.0-8)

time: Sun May  6 12:56:02 2018
elapsed time: 67179 seconds (0d 18h 39m 39s)

